<?xml version="1.0" encoding="UTF-8"?>
<testsuites name="Test Suites All Transaksi" time="91.709" tests="2" failures="1" errors="0">
   <testsuite name="Test Suites All Transaksi" tests="2" failures="1" errors="0" time="91.709" timestamp="2021-02-01 14:47:25" hostname="admin2 - mm99781-002.local" id="Test Suites/Test Suites All Transaksi">
      <properties>
         <property name="deviceName" value="iPhone"/>
         <property name="devicePlatform" value=""/>
         <property name="logFolder" value="/Users/admin2/Katalon Studio/Automation Test Velocity Mobile on ios copy/Reports/20210201_144724/Test Suites All Transaksi/20210201_144724"/>
         <property name="logFiles" value="/Users/admin2/Katalon Studio/Automation Test Velocity Mobile on ios copy/Reports/20210201_144724/Test Suites All Transaksi/20210201_144724/execution0.log, /Users/admin2/Katalon Studio/Automation Test Velocity Mobile on ios copy/Reports/20210201_144724/Test Suites All Transaksi/20210201_144724/appium.log, /Users/admin2/Katalon Studio/Automation Test Velocity Mobile on ios copy/Reports/20210201_144724/Test Suites All Transaksi/20210201_144724/appium-proxy-server.log"/>
         <property name="attachments" value="/Users/admin2/Katalon Studio/Automation Test Velocity Mobile on ios copy/Reports/20210201_144724/Test Suites All Transaksi/20210201_144724/1612165735367.png, /Users/admin2/Katalon Studio/Automation Test Velocity Mobile on ios copy/Reports/20210201_144724/Test Suites All Transaksi/20210201_144724/1612165735785.png"/>
         <property name="hostName" value="admin2 - mm99781-002.local"/>
         <property name="os" value="Mac OS X 64bit"/>
         <property name="appiumServerStatus" value="{&quot;value&quot;:{&quot;build&quot;:{&quot;version&quot;:&quot;1.19.1&quot;}},&quot;sessionId&quot;:null,&quot;status&quot;:0}"/>
         <property name="katalonVersion" value="7.7.2.205"/>
         <property name="deviceOS" value="iOS"/>
         <property name="appiumVersion" value="1.19.1"/>
         <property name="deviceModel" value="iPhone11,8"/>
         <property name="hostAddress" value="169.254.110.227"/>
         <property name="deviceManufacturer" value="Apple"/>
         <property name="deviceId" value="00008020-000A0C383C69002E"/>
         <property name="deviceName" value="iPhone"/>
         <property name="deviceOSVersion" value="14.0.1"/>
      </properties>
      <testcase name="Test Cases/Login/Test Automation Login Existing" time="59.474" classname="Test Cases/Login/Test Automation Login Existing" status="PASSED">
         <system-out><![CDATA[2021-02-01 14:47:25 - [TEST_CASE][PASSED] - Test Cases/Login/Test Automation Login Existing: Test Cases/Login/Test Automation Login Existing

2021-02-01 14:47:25 - [TEST_STEP][PASSED] - startApplication(G_iOSApp, false): Started app at: '/Users/admin2/Downloads/Velocity_bandung_uat (5).ipa'

2021-02-01 14:47:36 - [MESSAGE][WARNING] - Failed to start ios_webkit_debug_proxy on default port 27753

2021-02-01 14:47:37 - [MESSAGE][INFO] - Appium server started on port 51,647

2021-02-01 14:47:53 - [MESSAGE][PASSED] - Started app at: '/Users/admin2/Downloads/Velocity_bandung_uat (5).ipa'

2021-02-01 14:47:53 - [TEST_STEP][PASSED] - tap(findTestObject("Object Repository/Velocity Mobile/XCUIElementTypeButton - Not Now (9)"), G_Timeout): Tapped on element 'Object Repository/Velocity Mobile/XCUIElementTypeButton - Not Now (9)'

2021-02-01 14:47:53 - [MESSAGE][WARNING] - Timeout '0' is invalid. Using default page load timeout: '30'

2021-02-01 14:47:57 - [MESSAGE][PASSED] - Tapped on element 'Object Repository/Velocity Mobile/XCUIElementTypeButton - Not Now (9)'

2021-02-01 14:47:57 - [TEST_STEP][PASSED] - tap(findTestObject("Object Repository/Velocity Mobile/XCUIElementTypeButton - LOGIN (14)"), G_Timeout): Tapped on element 'Object Repository/Velocity Mobile/XCUIElementTypeButton - LOGIN (14)'

2021-02-01 14:47:57 - [MESSAGE][WARNING] - Timeout '0' is invalid. Using default page load timeout: '30'

2021-02-01 14:47:58 - [MESSAGE][PASSED] - Tapped on element 'Object Repository/Velocity Mobile/XCUIElementTypeButton - LOGIN (14)'

2021-02-01 14:47:58 - [TEST_STEP][PASSED] - setText(findTestObject("Object Repository/Velocity Mobile/XCUIElementTypeSecureTextField - Input Password (9)"), G_Password, G_Timeout): Text 'Testing1' has been set to element 'Object Repository/Velocity Mobile/XCUIElementTypeSecureTextField - Input Password (9)'

2021-02-01 14:47:58 - [MESSAGE][WARNING] - Timeout '0' is invalid. Using default page load timeout: '30'

2021-02-01 14:48:07 - [MESSAGE][PASSED] - Text 'Testing1' has been set to element 'Object Repository/Velocity Mobile/XCUIElementTypeSecureTextField - Input Password (9)'

2021-02-01 14:48:07 - [TEST_STEP][PASSED] - tap(findTestObject("Object Repository/Velocity Mobile/XCUIElementTypeButton - LOGIN (15)"), G_Timeout): Tapped on element 'Object Repository/Velocity Mobile/XCUIElementTypeButton - LOGIN (15)'

2021-02-01 14:48:07 - [MESSAGE][WARNING] - Timeout '0' is invalid. Using default page load timeout: '30'

2021-02-01 14:48:08 - [MESSAGE][PASSED] - Tapped on element 'Object Repository/Velocity Mobile/XCUIElementTypeButton - LOGIN (15)'

2021-02-01 14:48:08 - [TEST_STEP][PASSED] - tap(findTestObject("Object Repository/Velocity Mobile/XCUIElementTypeButton - Done (11)"), G_Timeout): Tapped on element 'Object Repository/Velocity Mobile/XCUIElementTypeButton - Done (11)'

2021-02-01 14:48:08 - [MESSAGE][WARNING] - Timeout '0' is invalid. Using default page load timeout: '30'

2021-02-01 14:48:09 - [MESSAGE][PASSED] - Tapped on element 'Object Repository/Velocity Mobile/XCUIElementTypeButton - Done (11)'

2021-02-01 14:48:09 - [TEST_STEP][PASSED] - tap(findTestObject("Object Repository/Velocity Mobile/XCUIElementTypeButton - LOGIN (16)"), G_Timeout): Tapped on element 'Object Repository/Velocity Mobile/XCUIElementTypeButton - LOGIN (16)'

2021-02-01 14:48:09 - [MESSAGE][WARNING] - Timeout '0' is invalid. Using default page load timeout: '30'

2021-02-01 14:48:09 - [MESSAGE][PASSED] - Tapped on element 'Object Repository/Velocity Mobile/XCUIElementTypeButton - LOGIN (16)'

2021-02-01 14:48:09 - [TEST_STEP][PASSED] - delay(15): Delayed 15 second(s)

2021-02-01 14:48:24 - [MESSAGE][PASSED] - Delayed 15 second(s)]]></system-out>
         <system-err><![CDATA[]]></system-err>
      </testcase>
      <testcase name="Test Cases/Menu - Transaction/Fund Transfer/OCBC NISP Fund Transfer/Test Automation Overbooking IDR - IDR" time="30.977" classname="Test Cases/Menu - Transaction/Fund Transfer/OCBC NISP Fund Transfer/Test Automation Overbooking IDR - IDR" status="FAILED">
         <failure type="FAILED" message="Test Cases/Menu - Transaction/Fund Transfer/OCBC NISP Fund Transfer/Test Automation Overbooking IDR - IDR FAILED.
Reason:
com.kms.katalon.core.exception.StepFailedException: Object Object Repository/Velocity Mobile/XCUIElementTypeStaticText - Transactions (4) not found
	at com.kms.katalon.core.keyword.internal.KeywordMain.stepFailed(KeywordMain.groovy:50)
	at com.kms.katalon.core.mobile.keyword.internal.MobileKeywordMain.stepFailed(MobileKeywordMain.groovy:40)
	at com.kms.katalon.core.mobile.keyword.builtin.TapKeyword$_tap_closure1.doCall(TapKeyword.groovy:79)
	at com.kms.katalon.core.mobile.keyword.builtin.TapKeyword$_tap_closure1.call(TapKeyword.groovy)
	at com.kms.katalon.core.mobile.keyword.internal.MobileKeywordMain.runKeyword(MobileKeywordMain.groovy:21)
	at com.kms.katalon.core.mobile.keyword.builtin.TapKeyword.tap(TapKeyword.groovy:86)
	at com.kms.katalon.core.mobile.keyword.builtin.TapKeyword.execute(TapKeyword.groovy:68)
	at com.kms.katalon.core.keyword.internal.KeywordExecutor.executeKeywordForPlatform(KeywordExecutor.groovy:73)
	at com.kms.katalon.core.mobile.keyword.MobileBuiltInKeywords.tap(MobileBuiltInKeywords.groovy:577)
	at com.kms.katalon.core.mobile.keyword.MobileBuiltInKeywords$tap$0.call(Unknown Source)
	at Test Automation Overbooking IDR - IDR.run(Test Automation Overbooking IDR - IDR:41)
	at com.kms.katalon.core.main.ScriptEngine.run(ScriptEngine.java:194)
	at com.kms.katalon.core.main.ScriptEngine.runScriptAsRawText(ScriptEngine.java:119)
	at com.kms.katalon.core.main.TestCaseExecutor.runScript(TestCaseExecutor.java:339)
	at com.kms.katalon.core.main.TestCaseExecutor.doExecute(TestCaseExecutor.java:330)
	at com.kms.katalon.core.main.TestCaseExecutor.processExecutionPhase(TestCaseExecutor.java:309)
	at com.kms.katalon.core.main.TestCaseExecutor.accessMainPhase(TestCaseExecutor.java:301)
	at com.kms.katalon.core.main.TestCaseExecutor.execute(TestCaseExecutor.java:235)
	at com.kms.katalon.core.main.TestSuiteExecutor.accessTestCaseMainPhase(TestSuiteExecutor.java:191)
	at com.kms.katalon.core.main.TestSuiteExecutor.accessTestSuiteMainPhase(TestSuiteExecutor.java:141)
	at com.kms.katalon.core.main.TestSuiteExecutor.execute(TestSuiteExecutor.java:90)
	at com.kms.katalon.core.main.TestCaseMain.startTestSuite(TestCaseMain.java:157)
	at com.kms.katalon.core.main.TestCaseMain$startTestSuite$0.call(Unknown Source)
	at TempTestSuite1612165644102.run(TempTestSuite1612165644102.groovy:39)
"/>
         <system-out><![CDATA[2021-02-01 14:48:24 - [TEST_CASE][FAILED] - Test Cases/Menu - Transaction/Fund Transfer/OCBC NISP Fund Transfer/Test Automation Overbooking IDR - IDR: Test Cases/Menu - Transaction/Fund Transfer/OCBC NISP Fund Transfer/Test Automation Overbooking IDR - IDR FAILED.
Reason:
com.kms.katalon.core.exception.StepFailedException: Object Object Repository/Velocity Mobile/XCUIElementTypeStaticText - Transactions (4) not found
	at com.kms.katalon.core.keyword.internal.KeywordMain.stepFailed(KeywordMain.groovy:50)
	at com.kms.katalon.core.mobile.keyword.internal.MobileKeywordMain.stepFailed(MobileKeywordMain.groovy:40)
	at com.kms.katalon.core.mobile.keyword.builtin.TapKeyword$_tap_closure1.doCall(TapKeyword.groovy:79)
	at com.kms.katalon.core.mobile.keyword.builtin.TapKeyword$_tap_closure1.call(TapKeyword.groovy)
	at com.kms.katalon.core.mobile.keyword.internal.MobileKeywordMain.runKeyword(MobileKeywordMain.groovy:21)
	at com.kms.katalon.core.mobile.keyword.builtin.TapKeyword.tap(TapKeyword.groovy:86)
	at com.kms.katalon.core.mobile.keyword.builtin.TapKeyword.execute(TapKeyword.groovy:68)
	at com.kms.katalon.core.keyword.internal.KeywordExecutor.executeKeywordForPlatform(KeywordExecutor.groovy:73)
	at com.kms.katalon.core.mobile.keyword.MobileBuiltInKeywords.tap(MobileBuiltInKeywords.groovy:577)
	at com.kms.katalon.core.mobile.keyword.MobileBuiltInKeywords$tap$0.call(Unknown Source)
	at Test Automation Overbooking IDR - IDR.run(Test Automation Overbooking IDR - IDR:41)
	at com.kms.katalon.core.main.ScriptEngine.run(ScriptEngine.java:194)
	at com.kms.katalon.core.main.ScriptEngine.runScriptAsRawText(ScriptEngine.java:119)
	at com.kms.katalon.core.main.TestCaseExecutor.runScript(TestCaseExecutor.java:339)
	at com.kms.katalon.core.main.TestCaseExecutor.doExecute(TestCaseExecutor.java:330)
	at com.kms.katalon.core.main.TestCaseExecutor.processExecutionPhase(TestCaseExecutor.java:309)
	at com.kms.katalon.core.main.TestCaseExecutor.accessMainPhase(TestCaseExecutor.java:301)
	at com.kms.katalon.core.main.TestCaseExecutor.execute(TestCaseExecutor.java:235)
	at com.kms.katalon.core.main.TestSuiteExecutor.accessTestCaseMainPhase(TestSuiteExecutor.java:191)
	at com.kms.katalon.core.main.TestSuiteExecutor.accessTestSuiteMainPhase(TestSuiteExecutor.java:141)
	at com.kms.katalon.core.main.TestSuiteExecutor.execute(TestSuiteExecutor.java:90)
	at com.kms.katalon.core.main.TestCaseMain.startTestSuite(TestCaseMain.java:157)
	at com.kms.katalon.core.main.TestCaseMain$startTestSuite$0.call(Unknown Source)
	at TempTestSuite1612165644102.run(TempTestSuite1612165644102.groovy:39)


2021-02-01 14:48:25 - [TEST_STEP][FAILED] - tap(findTestObject("Object Repository/Velocity Mobile/XCUIElementTypeStaticText - Transactions (4)"), 0): Failed to tap on element 'Object Repository/Velocity Mobile/XCUIElementTypeStaticText - Transactions (4)' (Root cause: com.kms.katalon.core.exception.StepFailedException: Object Object Repository/Velocity Mobile/XCUIElementTypeStaticText - Transactions (4) not found
	at com.kms.katalon.core.keyword.internal.KeywordMain.stepFailed(KeywordMain.groovy:50)
	at com.kms.katalon.core.mobile.keyword.internal.MobileKeywordMain.stepFailed(MobileKeywordMain.groovy:40)
	at com.kms.katalon.core.mobile.keyword.builtin.TapKeyword$_tap_closure1.doCall(TapKeyword.groovy:79)
	at com.kms.katalon.core.mobile.keyword.builtin.TapKeyword$_tap_closure1.call(TapKeyword.groovy)
	at com.kms.katalon.core.mobile.keyword.internal.MobileKeywordMain.runKeyword(MobileKeywordMain.groovy:21)
	at com.kms.katalon.core.mobile.keyword.builtin.TapKeyword.tap(TapKeyword.groovy:86)
	at com.kms.katalon.core.mobile.keyword.builtin.TapKeyword.execute(TapKeyword.groovy:68)
	at com.kms.katalon.core.keyword.internal.KeywordExecutor.executeKeywordForPlatform(KeywordExecutor.groovy:73)
	at com.kms.katalon.core.mobile.keyword.MobileBuiltInKeywords.tap(MobileBuiltInKeywords.groovy:577)
	at com.kms.katalon.core.mobile.keyword.MobileBuiltInKeywords$tap$0.call(Unknown Source)
	at Test Automation Overbooking IDR - IDR.run(Test Automation Overbooking IDR - IDR:41)
	at com.kms.katalon.core.main.ScriptEngine.run(ScriptEngine.java:194)
	at com.kms.katalon.core.main.ScriptEngine.runScriptAsRawText(ScriptEngine.java:119)
	at com.kms.katalon.core.main.TestCaseExecutor.runScript(TestCaseExecutor.java:339)
	at com.kms.katalon.core.main.TestCaseExecutor.doExecute(TestCaseExecutor.java:330)
	at com.kms.katalon.core.main.TestCaseExecutor.processExecutionPhase(TestCaseExecutor.java:309)
	at com.kms.katalon.core.main.TestCaseExecutor.accessMainPhase(TestCaseExecutor.java:301)
	at com.kms.katalon.core.main.TestCaseExecutor.execute(TestCaseExecutor.java:235)
	at com.kms.katalon.core.main.TestSuiteExecutor.accessTestCaseMainPhase(TestSuiteExecutor.java:191)
	at com.kms.katalon.core.main.TestSuiteExecutor.accessTestSuiteMainPhase(TestSuiteExecutor.java:141)
	at com.kms.katalon.core.main.TestSuiteExecutor.execute(TestSuiteExecutor.java:90)
	at com.kms.katalon.core.main.TestCaseMain.startTestSuite(TestCaseMain.java:157)
	at com.kms.katalon.core.main.TestCaseMain$startTestSuite$0.call(Unknown Source)
	at TempTestSuite1612165644102.run(TempTestSuite1612165644102.groovy:39)
)

2021-02-01 14:48:25 - [MESSAGE][WARNING] - Timeout '0' is invalid. Using default page load timeout: '30'

2021-02-01 14:48:55 - [MESSAGE][FAILED] - Object Object Repository/Velocity Mobile/XCUIElementTypeStaticText - Transactions (4) not found
[[ATTACHMENT|/Users/admin2/Katalon Studio/Automation Test Velocity Mobile on ios copy/Reports/20210201_144724/Test Suites All Transaksi/20210201_144724/1612165735367.png]]

2021-02-01 14:48:55 - [MESSAGE][FAILED] - Failed to tap on element 'Object Repository/Velocity Mobile/XCUIElementTypeStaticText - Transactions (4)' (Root cause: com.kms.katalon.core.exception.StepFailedException: Object Object Repository/Velocity Mobile/XCUIElementTypeStaticText - Transactions (4) not found
	at com.kms.katalon.core.keyword.internal.KeywordMain.stepFailed(KeywordMain.groovy:50)
	at com.kms.katalon.core.mobile.keyword.internal.MobileKeywordMain.stepFailed(MobileKeywordMain.groovy:40)
	at com.kms.katalon.core.mobile.keyword.builtin.TapKeyword$_tap_closure1.doCall(TapKeyword.groovy:79)
	at com.kms.katalon.core.mobile.keyword.builtin.TapKeyword$_tap_closure1.call(TapKeyword.groovy)
	at com.kms.katalon.core.mobile.keyword.internal.MobileKeywordMain.runKeyword(MobileKeywordMain.groovy:21)
	at com.kms.katalon.core.mobile.keyword.builtin.TapKeyword.tap(TapKeyword.groovy:86)
	at com.kms.katalon.core.mobile.keyword.builtin.TapKeyword.execute(TapKeyword.groovy:68)
	at com.kms.katalon.core.keyword.internal.KeywordExecutor.executeKeywordForPlatform(KeywordExecutor.groovy:73)
	at com.kms.katalon.core.mobile.keyword.MobileBuiltInKeywords.tap(MobileBuiltInKeywords.groovy:577)
	at com.kms.katalon.core.mobile.keyword.MobileBuiltInKeywords$tap$0.call(Unknown Source)
	at Test Automation Overbooking IDR - IDR.run(Test Automation Overbooking IDR - IDR:41)
	at com.kms.katalon.core.main.ScriptEngine.run(ScriptEngine.java:194)
	at com.kms.katalon.core.main.ScriptEngine.runScriptAsRawText(ScriptEngine.java:119)
	at com.kms.katalon.core.main.TestCaseExecutor.runScript(TestCaseExecutor.java:339)
	at com.kms.katalon.core.main.TestCaseExecutor.doExecute(TestCaseExecutor.java:330)
	at com.kms.katalon.core.main.TestCaseExecutor.processExecutionPhase(TestCaseExecutor.java:309)
	at com.kms.katalon.core.main.TestCaseExecutor.accessMainPhase(TestCaseExecutor.java:301)
	at com.kms.katalon.core.main.TestCaseExecutor.execute(TestCaseExecutor.java:235)
	at com.kms.katalon.core.main.TestSuiteExecutor.accessTestCaseMainPhase(TestSuiteExecutor.java:191)
	at com.kms.katalon.core.main.TestSuiteExecutor.accessTestSuiteMainPhase(TestSuiteExecutor.java:141)
	at com.kms.katalon.core.main.TestSuiteExecutor.execute(TestSuiteExecutor.java:90)
	at com.kms.katalon.core.main.TestCaseMain.startTestSuite(TestCaseMain.java:157)
	at com.kms.katalon.core.main.TestCaseMain$startTestSuite$0.call(Unknown Source)
	at TempTestSuite1612165644102.run(TempTestSuite1612165644102.groovy:39)
)
[[ATTACHMENT|/Users/admin2/Katalon Studio/Automation Test Velocity Mobile on ios copy/Reports/20210201_144724/Test Suites All Transaksi/20210201_144724/1612165735785.png]]]]></system-out>
         <system-err><![CDATA[2021-02-01 14:48:24 - [TEST_CASE][FAILED] - Test Cases/Menu - Transaction/Fund Transfer/OCBC NISP Fund Transfer/Test Automation Overbooking IDR - IDR: Test Cases/Menu - Transaction/Fund Transfer/OCBC NISP Fund Transfer/Test Automation Overbooking IDR - IDR FAILED.
Reason:
com.kms.katalon.core.exception.StepFailedException: Object Object Repository/Velocity Mobile/XCUIElementTypeStaticText - Transactions (4) not found
	at com.kms.katalon.core.keyword.internal.KeywordMain.stepFailed(KeywordMain.groovy:50)
	at com.kms.katalon.core.mobile.keyword.internal.MobileKeywordMain.stepFailed(MobileKeywordMain.groovy:40)
	at com.kms.katalon.core.mobile.keyword.builtin.TapKeyword$_tap_closure1.doCall(TapKeyword.groovy:79)
	at com.kms.katalon.core.mobile.keyword.builtin.TapKeyword$_tap_closure1.call(TapKeyword.groovy)
	at com.kms.katalon.core.mobile.keyword.internal.MobileKeywordMain.runKeyword(MobileKeywordMain.groovy:21)
	at com.kms.katalon.core.mobile.keyword.builtin.TapKeyword.tap(TapKeyword.groovy:86)
	at com.kms.katalon.core.mobile.keyword.builtin.TapKeyword.execute(TapKeyword.groovy:68)
	at com.kms.katalon.core.keyword.internal.KeywordExecutor.executeKeywordForPlatform(KeywordExecutor.groovy:73)
	at com.kms.katalon.core.mobile.keyword.MobileBuiltInKeywords.tap(MobileBuiltInKeywords.groovy:577)
	at com.kms.katalon.core.mobile.keyword.MobileBuiltInKeywords$tap$0.call(Unknown Source)
	at Test Automation Overbooking IDR - IDR.run(Test Automation Overbooking IDR - IDR:41)
	at com.kms.katalon.core.main.ScriptEngine.run(ScriptEngine.java:194)
	at com.kms.katalon.core.main.ScriptEngine.runScriptAsRawText(ScriptEngine.java:119)
	at com.kms.katalon.core.main.TestCaseExecutor.runScript(TestCaseExecutor.java:339)
	at com.kms.katalon.core.main.TestCaseExecutor.doExecute(TestCaseExecutor.java:330)
	at com.kms.katalon.core.main.TestCaseExecutor.processExecutionPhase(TestCaseExecutor.java:309)
	at com.kms.katalon.core.main.TestCaseExecutor.accessMainPhase(TestCaseExecutor.java:301)
	at com.kms.katalon.core.main.TestCaseExecutor.execute(TestCaseExecutor.java:235)
	at com.kms.katalon.core.main.TestSuiteExecutor.accessTestCaseMainPhase(TestSuiteExecutor.java:191)
	at com.kms.katalon.core.main.TestSuiteExecutor.accessTestSuiteMainPhase(TestSuiteExecutor.java:141)
	at com.kms.katalon.core.main.TestSuiteExecutor.execute(TestSuiteExecutor.java:90)
	at com.kms.katalon.core.main.TestCaseMain.startTestSuite(TestCaseMain.java:157)
	at com.kms.katalon.core.main.TestCaseMain$startTestSuite$0.call(Unknown Source)
	at TempTestSuite1612165644102.run(TempTestSuite1612165644102.groovy:39)]]></system-err>
      </testcase>
      <system-out><![CDATA[2021-02-01 14:47:25 - [TEST_SUITE][FAILED] - Test Suites All Transaksi: Test Cases/Menu - Transaction/Fund Transfer/OCBC NISP Fund Transfer/Test Automation Overbooking IDR - IDR FAILED.
Reason:
com.kms.katalon.core.exception.StepFailedException: Object Object Repository/Velocity Mobile/XCUIElementTypeStaticText - Transactions (4) not found
	at com.kms.katalon.core.keyword.internal.KeywordMain.stepFailed(KeywordMain.groovy:50)
	at com.kms.katalon.core.mobile.keyword.internal.MobileKeywordMain.stepFailed(MobileKeywordMain.groovy:40)
	at com.kms.katalon.core.mobile.keyword.builtin.TapKeyword$_tap_closure1.doCall(TapKeyword.groovy:79)
	at com.kms.katalon.core.mobile.keyword.builtin.TapKeyword$_tap_closure1.call(TapKeyword.groovy)
	at com.kms.katalon.core.mobile.keyword.internal.MobileKeywordMain.runKeyword(MobileKeywordMain.groovy:21)
	at com.kms.katalon.core.mobile.keyword.builtin.TapKeyword.tap(TapKeyword.groovy:86)
	at com.kms.katalon.core.mobile.keyword.builtin.TapKeyword.execute(TapKeyword.groovy:68)
	at com.kms.katalon.core.keyword.internal.KeywordExecutor.executeKeywordForPlatform(KeywordExecutor.groovy:73)
	at com.kms.katalon.core.mobile.keyword.MobileBuiltInKeywords.tap(MobileBuiltInKeywords.groovy:577)
	at com.kms.katalon.core.mobile.keyword.MobileBuiltInKeywords$tap$0.call(Unknown Source)
	at Test Automation Overbooking IDR - IDR.run(Test Automation Overbooking IDR - IDR:41)
	at com.kms.katalon.core.main.ScriptEngine.run(ScriptEngine.java:194)
	at com.kms.katalon.core.main.ScriptEngine.runScriptAsRawText(ScriptEngine.java:119)
	at com.kms.katalon.core.main.TestCaseExecutor.runScript(TestCaseExecutor.java:339)
	at com.kms.katalon.core.main.TestCaseExecutor.doExecute(TestCaseExecutor.java:330)
	at com.kms.katalon.core.main.TestCaseExecutor.processExecutionPhase(TestCaseExecutor.java:309)
	at com.kms.katalon.core.main.TestCaseExecutor.accessMainPhase(TestCaseExecutor.java:301)
	at com.kms.katalon.core.main.TestCaseExecutor.execute(TestCaseExecutor.java:235)
	at com.kms.katalon.core.main.TestSuiteExecutor.accessTestCaseMainPhase(TestSuiteExecutor.java:191)
	at com.kms.katalon.core.main.TestSuiteExecutor.accessTestSuiteMainPhase(TestSuiteExecutor.java:141)
	at com.kms.katalon.core.main.TestSuiteExecutor.execute(TestSuiteExecutor.java:90)
	at com.kms.katalon.core.main.TestCaseMain.startTestSuite(TestCaseMain.java:157)
	at com.kms.katalon.core.main.TestCaseMain$startTestSuite$0.call(Unknown Source)
	at TempTestSuite1612165644102.run(TempTestSuite1612165644102.groovy:39)]]></system-out>
      <system-err><![CDATA[2021-02-01 14:47:25 - [TEST_SUITE][FAILED] - Test Suites All Transaksi: Test Cases/Menu - Transaction/Fund Transfer/OCBC NISP Fund Transfer/Test Automation Overbooking IDR - IDR FAILED.
Reason:
com.kms.katalon.core.exception.StepFailedException: Object Object Repository/Velocity Mobile/XCUIElementTypeStaticText - Transactions (4) not found
	at com.kms.katalon.core.keyword.internal.KeywordMain.stepFailed(KeywordMain.groovy:50)
	at com.kms.katalon.core.mobile.keyword.internal.MobileKeywordMain.stepFailed(MobileKeywordMain.groovy:40)
	at com.kms.katalon.core.mobile.keyword.builtin.TapKeyword$_tap_closure1.doCall(TapKeyword.groovy:79)
	at com.kms.katalon.core.mobile.keyword.builtin.TapKeyword$_tap_closure1.call(TapKeyword.groovy)
	at com.kms.katalon.core.mobile.keyword.internal.MobileKeywordMain.runKeyword(MobileKeywordMain.groovy:21)
	at com.kms.katalon.core.mobile.keyword.builtin.TapKeyword.tap(TapKeyword.groovy:86)
	at com.kms.katalon.core.mobile.keyword.builtin.TapKeyword.execute(TapKeyword.groovy:68)
	at com.kms.katalon.core.keyword.internal.KeywordExecutor.executeKeywordForPlatform(KeywordExecutor.groovy:73)
	at com.kms.katalon.core.mobile.keyword.MobileBuiltInKeywords.tap(MobileBuiltInKeywords.groovy:577)
	at com.kms.katalon.core.mobile.keyword.MobileBuiltInKeywords$tap$0.call(Unknown Source)
	at Test Automation Overbooking IDR - IDR.run(Test Automation Overbooking IDR - IDR:41)
	at com.kms.katalon.core.main.ScriptEngine.run(ScriptEngine.java:194)
	at com.kms.katalon.core.main.ScriptEngine.runScriptAsRawText(ScriptEngine.java:119)
	at com.kms.katalon.core.main.TestCaseExecutor.runScript(TestCaseExecutor.java:339)
	at com.kms.katalon.core.main.TestCaseExecutor.doExecute(TestCaseExecutor.java:330)
	at com.kms.katalon.core.main.TestCaseExecutor.processExecutionPhase(TestCaseExecutor.java:309)
	at com.kms.katalon.core.main.TestCaseExecutor.accessMainPhase(TestCaseExecutor.java:301)
	at com.kms.katalon.core.main.TestCaseExecutor.execute(TestCaseExecutor.java:235)
	at com.kms.katalon.core.main.TestSuiteExecutor.accessTestCaseMainPhase(TestSuiteExecutor.java:191)
	at com.kms.katalon.core.main.TestSuiteExecutor.accessTestSuiteMainPhase(TestSuiteExecutor.java:141)
	at com.kms.katalon.core.main.TestSuiteExecutor.execute(TestSuiteExecutor.java:90)
	at com.kms.katalon.core.main.TestCaseMain.startTestSuite(TestCaseMain.java:157)
	at com.kms.katalon.core.main.TestCaseMain$startTestSuite$0.call(Unknown Source)
	at TempTestSuite1612165644102.run(TempTestSuite1612165644102.groovy:39)]]></system-err>
   </testsuite>
</testsuites>
