<?xml version="1.0" encoding="UTF-8"?>
<testsuites name="Transaksi Pindah Buku" time="231.755" tests="1" failures="1" errors="0">
   <testsuite name="Transaksi Pindah Buku" tests="1" failures="1" errors="0" time="231.755" timestamp="2021-05-04 16:27:46" hostname="admin2 - 172.30.13.180" id="Test Suites/Test Suites Payment Maker/Transaksi Pindah Buku/Transaksi Pindah Buku">
      <properties>
         <property name="deviceName" value="iPhone"/>
         <property name="devicePlatform" value=""/>
         <property name="logFolder" value="/Users/admin2/Katalon Studio/Automation Test Velocity Mobile on ios/Reports/20210504_162742/Test Suites Payment Maker/Transaksi Pindah Buku/Transaksi Pindah Buku/20210504_162742"/>
         <property name="logFiles" value="/Users/admin2/Katalon Studio/Automation Test Velocity Mobile on ios/Reports/20210504_162742/Test Suites Payment Maker/Transaksi Pindah Buku/Transaksi Pindah Buku/20210504_162742/execution0.log, /Users/admin2/Katalon Studio/Automation Test Velocity Mobile on ios/Reports/20210504_162742/Test Suites Payment Maker/Transaksi Pindah Buku/Transaksi Pindah Buku/20210504_162742/appium.log, /Users/admin2/Katalon Studio/Automation Test Velocity Mobile on ios/Reports/20210504_162742/Test Suites Payment Maker/Transaksi Pindah Buku/Transaksi Pindah Buku/20210504_162742/appium-proxy-server.log"/>
         <property name="attachments" value="/Users/admin2/Katalon Studio/Automation Test Velocity Mobile on ios/Reports/20210504_162742/Test Suites Payment Maker/Transaksi Pindah Buku/Transaksi Pindah Buku/20210504_162742/1620120696287.png, /Users/admin2/Katalon Studio/Automation Test Velocity Mobile on ios/Reports/20210504_162742/Test Suites Payment Maker/Transaksi Pindah Buku/Transaksi Pindah Buku/20210504_162742/1620120696809.png"/>
         <property name="hostName" value="admin2 - 172.30.13.180"/>
         <property name="os" value="Mac OS X 64bit"/>
         <property name="appiumServerStatus" value="{&quot;value&quot;:{&quot;build&quot;:{&quot;version&quot;:&quot;1.20.2&quot;}},&quot;sessionId&quot;:null,&quot;status&quot;:0}"/>
         <property name="katalonVersion" value="7.7.2.205"/>
         <property name="deviceOS" value="iOS"/>
         <property name="appiumVersion" value="1.20.2"/>
         <property name="deviceModel" value="iPhone11,8"/>
         <property name="hostAddress" value="172.30.13.180"/>
         <property name="deviceManufacturer" value="Apple"/>
         <property name="deviceId" value="00008020-000A0C383C69002E"/>
         <property name="deviceName" value="iPhone"/>
         <property name="deviceOSVersion" value="14.4"/>
      </properties>
      <testcase name="Test Cases/Menu - Transaction/PaymentMaker/Scenario/Fund Transfer/OCBC NISP Fund Transfer/Test Automation IFT IDR - IDR" time="230.397" classname="Test Cases/Menu - Transaction/PaymentMaker/Scenario/Fund Transfer/OCBC NISP Fund Transfer/Test Automation IFT IDR - IDR" status="FAILED">
         <failure type="FAILED" message="Test Cases/Menu - Transaction/PaymentMaker/Scenario/Fund Transfer/OCBC NISP Fund Transfer/Test Automation IFT IDR - IDR FAILED.
Reason:
com.kms.katalon.core.exception.StepFailedException: Call Test Case 'Test Cases/Menu - Transaction/PaymentMaker/Case/Fund Transfer/OCBC NISP Fund Transfer/Test Automation IFT IDR - IDR' failed
	at com.kms.katalon.core.keyword.builtin.CallTestCaseKeyword$_callTestCase_closure1.doCall(CallTestCaseKeyword.groovy:63)
	at com.kms.katalon.core.keyword.builtin.CallTestCaseKeyword$_callTestCase_closure1.call(CallTestCaseKeyword.groovy)
	at com.kms.katalon.core.keyword.internal.KeywordMain.runKeyword(KeywordMain.groovy:68)
	at com.kms.katalon.core.keyword.builtin.CallTestCaseKeyword.callTestCase(CallTestCaseKeyword.groovy:81)
	at com.kms.katalon.core.keyword.builtin.CallTestCaseKeyword.execute(CallTestCaseKeyword.groovy:44)
	at com.kms.katalon.core.keyword.internal.KeywordExecutor.executeKeywordForPlatform(KeywordExecutor.groovy:73)
	at com.kms.katalon.core.keyword.BuiltinKeywords.callTestCase(BuiltinKeywords.groovy:334)
	at Test Automation IFT IDR - IDR.run(Test Automation IFT IDR - IDR:20)
	at com.kms.katalon.core.main.ScriptEngine.run(ScriptEngine.java:194)
	at com.kms.katalon.core.main.ScriptEngine.runScriptAsRawText(ScriptEngine.java:119)
	at com.kms.katalon.core.main.TestCaseExecutor.runScript(TestCaseExecutor.java:339)
	at com.kms.katalon.core.main.TestCaseExecutor.doExecute(TestCaseExecutor.java:330)
	at com.kms.katalon.core.main.TestCaseExecutor.processExecutionPhase(TestCaseExecutor.java:309)
	at com.kms.katalon.core.main.TestCaseExecutor.accessMainPhase(TestCaseExecutor.java:301)
	at com.kms.katalon.core.main.TestCaseExecutor.execute(TestCaseExecutor.java:235)
	at com.kms.katalon.core.main.TestSuiteExecutor.accessTestCaseMainPhase(TestSuiteExecutor.java:191)
	at com.kms.katalon.core.main.TestSuiteExecutor.accessTestSuiteMainPhase(TestSuiteExecutor.java:141)
	at com.kms.katalon.core.main.TestSuiteExecutor.execute(TestSuiteExecutor.java:90)
	at com.kms.katalon.core.main.TestCaseMain.startTestSuite(TestCaseMain.java:157)
	at com.kms.katalon.core.main.TestCaseMain$startTestSuite$0.call(Unknown Source)
	at TempTestSuite1620120462799.run(TempTestSuite1620120462799.groovy:39)
Caused by: com.kms.katalon.core.exception.StepFailedException: Object Object Repository/Velocity Mobile/XCUIElementTypeButton - DONE (58) not found
	at com.kms.katalon.core.keyword.internal.KeywordMain.stepFailed(KeywordMain.groovy:50)
	at com.kms.katalon.core.mobile.keyword.internal.MobileKeywordMain.stepFailed(MobileKeywordMain.groovy:40)
	at com.kms.katalon.core.mobile.keyword.builtin.TapKeyword$_tap_closure1.doCall(TapKeyword.groovy:79)
	at com.kms.katalon.core.mobile.keyword.builtin.TapKeyword$_tap_closure1.call(TapKeyword.groovy)
	at com.kms.katalon.core.mobile.keyword.internal.MobileKeywordMain.runKeyword(MobileKeywordMain.groovy:21)
	at com.kms.katalon.core.mobile.keyword.builtin.TapKeyword.tap(TapKeyword.groovy:86)
	at com.kms.katalon.core.mobile.keyword.builtin.TapKeyword.execute(TapKeyword.groovy:68)
	at com.kms.katalon.core.keyword.internal.KeywordExecutor.executeKeywordForPlatform(KeywordExecutor.groovy:73)
	at com.kms.katalon.core.mobile.keyword.MobileBuiltInKeywords.tap(MobileBuiltInKeywords.groovy:577)
	at com.kms.katalon.core.mobile.keyword.MobileBuiltInKeywords$tap$0.call(Unknown Source)
	at Test Automation IFT IDR - IDR.run(Test Automation IFT IDR - IDR:95)
	at com.kms.katalon.core.main.ScriptEngine.run(ScriptEngine.java:194)
	at com.kms.katalon.core.main.ScriptEngine.runScriptAsRawText(ScriptEngine.java:119)
	at com.kms.katalon.core.main.TestCaseExecutor.runScript(TestCaseExecutor.java:339)
	at com.kms.katalon.core.main.TestCaseExecutor.doExecute(TestCaseExecutor.java:330)
	at com.kms.katalon.core.main.TestCaseExecutor.processExecutionPhase(TestCaseExecutor.java:309)
	at com.kms.katalon.core.main.TestCaseExecutor.accessMainPhase(TestCaseExecutor.java:301)
	at com.kms.katalon.core.main.TestCaseExecutor.execute(TestCaseExecutor.java:235)
	at com.kms.katalon.core.main.TestCaseMain.runTestCase(TestCaseMain.java:114)
	at com.kms.katalon.core.keyword.builtin.CallTestCaseKeyword$_callTestCase_closure1.doCall(CallTestCaseKeyword.groovy:59)
	... 20 more
"/>
         <system-out><![CDATA[2021-05-04 16:27:46 - [TEST_CASE][FAILED] - Test Cases/Menu - Transaction/PaymentMaker/Scenario/Fund Transfer/OCBC NISP Fund Transfer/Test Automation IFT IDR - IDR: Test Cases/Menu - Transaction/PaymentMaker/Scenario/Fund Transfer/OCBC NISP Fund Transfer/Test Automation IFT IDR - IDR FAILED.
Reason:
com.kms.katalon.core.exception.StepFailedException: Call Test Case 'Test Cases/Menu - Transaction/PaymentMaker/Case/Fund Transfer/OCBC NISP Fund Transfer/Test Automation IFT IDR - IDR' failed
	at com.kms.katalon.core.keyword.builtin.CallTestCaseKeyword$_callTestCase_closure1.doCall(CallTestCaseKeyword.groovy:63)
	at com.kms.katalon.core.keyword.builtin.CallTestCaseKeyword$_callTestCase_closure1.call(CallTestCaseKeyword.groovy)
	at com.kms.katalon.core.keyword.internal.KeywordMain.runKeyword(KeywordMain.groovy:68)
	at com.kms.katalon.core.keyword.builtin.CallTestCaseKeyword.callTestCase(CallTestCaseKeyword.groovy:81)
	at com.kms.katalon.core.keyword.builtin.CallTestCaseKeyword.execute(CallTestCaseKeyword.groovy:44)
	at com.kms.katalon.core.keyword.internal.KeywordExecutor.executeKeywordForPlatform(KeywordExecutor.groovy:73)
	at com.kms.katalon.core.keyword.BuiltinKeywords.callTestCase(BuiltinKeywords.groovy:334)
	at Test Automation IFT IDR - IDR.run(Test Automation IFT IDR - IDR:20)
	at com.kms.katalon.core.main.ScriptEngine.run(ScriptEngine.java:194)
	at com.kms.katalon.core.main.ScriptEngine.runScriptAsRawText(ScriptEngine.java:119)
	at com.kms.katalon.core.main.TestCaseExecutor.runScript(TestCaseExecutor.java:339)
	at com.kms.katalon.core.main.TestCaseExecutor.doExecute(TestCaseExecutor.java:330)
	at com.kms.katalon.core.main.TestCaseExecutor.processExecutionPhase(TestCaseExecutor.java:309)
	at com.kms.katalon.core.main.TestCaseExecutor.accessMainPhase(TestCaseExecutor.java:301)
	at com.kms.katalon.core.main.TestCaseExecutor.execute(TestCaseExecutor.java:235)
	at com.kms.katalon.core.main.TestSuiteExecutor.accessTestCaseMainPhase(TestSuiteExecutor.java:191)
	at com.kms.katalon.core.main.TestSuiteExecutor.accessTestSuiteMainPhase(TestSuiteExecutor.java:141)
	at com.kms.katalon.core.main.TestSuiteExecutor.execute(TestSuiteExecutor.java:90)
	at com.kms.katalon.core.main.TestCaseMain.startTestSuite(TestCaseMain.java:157)
	at com.kms.katalon.core.main.TestCaseMain$startTestSuite$0.call(Unknown Source)
	at TempTestSuite1620120462799.run(TempTestSuite1620120462799.groovy:39)
Caused by: com.kms.katalon.core.exception.StepFailedException: Object Object Repository/Velocity Mobile/XCUIElementTypeButton - DONE (58) not found
	at com.kms.katalon.core.keyword.internal.KeywordMain.stepFailed(KeywordMain.groovy:50)
	at com.kms.katalon.core.mobile.keyword.internal.MobileKeywordMain.stepFailed(MobileKeywordMain.groovy:40)
	at com.kms.katalon.core.mobile.keyword.builtin.TapKeyword$_tap_closure1.doCall(TapKeyword.groovy:79)
	at com.kms.katalon.core.mobile.keyword.builtin.TapKeyword$_tap_closure1.call(TapKeyword.groovy)
	at com.kms.katalon.core.mobile.keyword.internal.MobileKeywordMain.runKeyword(MobileKeywordMain.groovy:21)
	at com.kms.katalon.core.mobile.keyword.builtin.TapKeyword.tap(TapKeyword.groovy:86)
	at com.kms.katalon.core.mobile.keyword.builtin.TapKeyword.execute(TapKeyword.groovy:68)
	at com.kms.katalon.core.keyword.internal.KeywordExecutor.executeKeywordForPlatform(KeywordExecutor.groovy:73)
	at com.kms.katalon.core.mobile.keyword.MobileBuiltInKeywords.tap(MobileBuiltInKeywords.groovy:577)
	at com.kms.katalon.core.mobile.keyword.MobileBuiltInKeywords$tap$0.call(Unknown Source)
	at Test Automation IFT IDR - IDR.run(Test Automation IFT IDR - IDR:95)
	at com.kms.katalon.core.main.ScriptEngine.run(ScriptEngine.java:194)
	at com.kms.katalon.core.main.ScriptEngine.runScriptAsRawText(ScriptEngine.java:119)
	at com.kms.katalon.core.main.TestCaseExecutor.runScript(TestCaseExecutor.java:339)
	at com.kms.katalon.core.main.TestCaseExecutor.doExecute(TestCaseExecutor.java:330)
	at com.kms.katalon.core.main.TestCaseExecutor.processExecutionPhase(TestCaseExecutor.java:309)
	at com.kms.katalon.core.main.TestCaseExecutor.accessMainPhase(TestCaseExecutor.java:301)
	at com.kms.katalon.core.main.TestCaseExecutor.execute(TestCaseExecutor.java:235)
	at com.kms.katalon.core.main.TestCaseMain.runTestCase(TestCaseMain.java:114)
	at com.kms.katalon.core.keyword.builtin.CallTestCaseKeyword$_callTestCase_closure1.doCall(CallTestCaseKeyword.groovy:59)
	... 20 more


2021-05-04 16:27:46 - [TEST_STEP][PASSED] - callTestCase(findTestCase("Login/Test Automation Login Existing"), [:], STOP_ON_FAILURE): Call Test Case 'Test Cases/Login/Test Automation Login Existing' successfully

2021-05-04 16:27:46 - [TEST_CASE][PASSED] - Test Cases/Login/Test Automation Login Existing: Test Cases/Login/Test Automation Login Existing

2021-05-04 16:27:46 - [TEST_STEP][PASSED] - startApplication(G_iOSApp, false): Started app at: '/Users/admin2/Downloads/Velocity Mobile (2).ipa'

2021-05-04 16:27:57 - [MESSAGE][WARNING] - Failed to start ios_webkit_debug_proxy on default port 27753

2021-05-04 16:27:58 - [MESSAGE][INFO] - Appium server started on port 65,337

2021-05-04 16:28:20 - [MESSAGE][PASSED] - Started app at: '/Users/admin2/Downloads/Velocity Mobile (2).ipa'

2021-05-04 16:28:20 - [TEST_STEP][PASSED] - tap(findTestObject("Object Repository/Velocity Mobile/XCUIElementTypeButton - Not Now (9)"), G_Timeout): Tapped on element 'Object Repository/Velocity Mobile/XCUIElementTypeButton - Not Now (9)'

2021-05-04 16:28:20 - [MESSAGE][WARNING] - Timeout '0' is invalid. Using default page load timeout: '30'

2021-05-04 16:28:22 - [MESSAGE][PASSED] - Tapped on element 'Object Repository/Velocity Mobile/XCUIElementTypeButton - Not Now (9)'

2021-05-04 16:28:22 - [TEST_STEP][PASSED] - tap(findTestObject("Object Repository/Velocity Mobile/XCUIElementTypeButton - LOGIN (14)"), G_Timeout): Tapped on element 'Object Repository/Velocity Mobile/XCUIElementTypeButton - LOGIN (14)'

2021-05-04 16:28:22 - [MESSAGE][WARNING] - Timeout '0' is invalid. Using default page load timeout: '30'

2021-05-04 16:28:23 - [MESSAGE][PASSED] - Tapped on element 'Object Repository/Velocity Mobile/XCUIElementTypeButton - LOGIN (14)'

2021-05-04 16:28:23 - [TEST_STEP][PASSED] - setText(findTestObject("Object Repository/Velocity Mobile/XCUIElementTypeSecureTextField - Input Password (9)"), G_Password, G_Timeout): Text 'Testing1' has been set to element 'Object Repository/Velocity Mobile/XCUIElementTypeSecureTextField - Input Password (9)'

2021-05-04 16:28:23 - [MESSAGE][WARNING] - Timeout '0' is invalid. Using default page load timeout: '30'

2021-05-04 16:28:24 - [MESSAGE][PASSED] - Text 'Testing1' has been set to element 'Object Repository/Velocity Mobile/XCUIElementTypeSecureTextField - Input Password (9)'

2021-05-04 16:28:24 - [TEST_STEP][PASSED] - tap(findTestObject("Object Repository/Velocity Mobile/XCUIElementTypeButton - LOGIN (15)"), G_Timeout): Tapped on element 'Object Repository/Velocity Mobile/XCUIElementTypeButton - LOGIN (15)'

2021-05-04 16:28:24 - [MESSAGE][WARNING] - Timeout '0' is invalid. Using default page load timeout: '30'

2021-05-04 16:28:25 - [MESSAGE][PASSED] - Tapped on element 'Object Repository/Velocity Mobile/XCUIElementTypeButton - LOGIN (15)'

2021-05-04 16:28:25 - [TEST_STEP][PASSED] - tap(findTestObject("Object Repository/Velocity Mobile/XCUIElementTypeButton - Done (11)"), G_Timeout): Tapped on element 'Object Repository/Velocity Mobile/XCUIElementTypeButton - Done (11)'

2021-05-04 16:28:25 - [MESSAGE][WARNING] - Timeout '0' is invalid. Using default page load timeout: '30'

2021-05-04 16:28:26 - [MESSAGE][PASSED] - Tapped on element 'Object Repository/Velocity Mobile/XCUIElementTypeButton - Done (11)'

2021-05-04 16:28:26 - [TEST_STEP][PASSED] - tap(findTestObject("Object Repository/Velocity Mobile/XCUIElementTypeButton - LOGIN (16)"), G_Timeout): Tapped on element 'Object Repository/Velocity Mobile/XCUIElementTypeButton - LOGIN (16)'

2021-05-04 16:28:26 - [MESSAGE][WARNING] - Timeout '0' is invalid. Using default page load timeout: '30'

2021-05-04 16:28:27 - [MESSAGE][PASSED] - Tapped on element 'Object Repository/Velocity Mobile/XCUIElementTypeButton - LOGIN (16)'

2021-05-04 16:28:27 - [TEST_STEP][PASSED] - delay(15): Delayed 15 second(s)

2021-05-04 16:28:42 - [MESSAGE][PASSED] - Delayed 15 second(s)

2021-05-04 16:28:42 - [MESSAGE][PASSED] - Call Test Case 'Test Cases/Login/Test Automation Login Existing' successfully

2021-05-04 16:28:42 - [TEST_STEP][FAILED] - callTestCase(findTestCase("Menu - Transaction/PaymentMaker/Case/Fund Transfer/OCBC NISP Fund Transfer/Test Automation IFT IDR - IDR"), [:], STOP_ON_FAILURE): Unable to call Test Case 'Test Cases/Menu - Transaction/PaymentMaker/Case/Fund Transfer/OCBC NISP Fund Transfer/Test Automation IFT IDR - IDR' (Root cause: com.kms.katalon.core.exception.StepFailedException: Call Test Case 'Test Cases/Menu - Transaction/PaymentMaker/Case/Fund Transfer/OCBC NISP Fund Transfer/Test Automation IFT IDR - IDR' failed
	at com.kms.katalon.core.keyword.builtin.CallTestCaseKeyword$_callTestCase_closure1.doCall(CallTestCaseKeyword.groovy:63)
	at com.kms.katalon.core.keyword.builtin.CallTestCaseKeyword$_callTestCase_closure1.call(CallTestCaseKeyword.groovy)
	at com.kms.katalon.core.keyword.internal.KeywordMain.runKeyword(KeywordMain.groovy:68)
	at com.kms.katalon.core.keyword.builtin.CallTestCaseKeyword.callTestCase(CallTestCaseKeyword.groovy:81)
	at com.kms.katalon.core.keyword.builtin.CallTestCaseKeyword.execute(CallTestCaseKeyword.groovy:44)
	at com.kms.katalon.core.keyword.internal.KeywordExecutor.executeKeywordForPlatform(KeywordExecutor.groovy:73)
	at com.kms.katalon.core.keyword.BuiltinKeywords.callTestCase(BuiltinKeywords.groovy:334)
	at Test Automation IFT IDR - IDR.run(Test Automation IFT IDR - IDR:20)
	at com.kms.katalon.core.main.ScriptEngine.run(ScriptEngine.java:194)
	at com.kms.katalon.core.main.ScriptEngine.runScriptAsRawText(ScriptEngine.java:119)
	at com.kms.katalon.core.main.TestCaseExecutor.runScript(TestCaseExecutor.java:339)
	at com.kms.katalon.core.main.TestCaseExecutor.doExecute(TestCaseExecutor.java:330)
	at com.kms.katalon.core.main.TestCaseExecutor.processExecutionPhase(TestCaseExecutor.java:309)
	at com.kms.katalon.core.main.TestCaseExecutor.accessMainPhase(TestCaseExecutor.java:301)
	at com.kms.katalon.core.main.TestCaseExecutor.execute(TestCaseExecutor.java:235)
	at com.kms.katalon.core.main.TestSuiteExecutor.accessTestCaseMainPhase(TestSuiteExecutor.java:191)
	at com.kms.katalon.core.main.TestSuiteExecutor.accessTestSuiteMainPhase(TestSuiteExecutor.java:141)
	at com.kms.katalon.core.main.TestSuiteExecutor.execute(TestSuiteExecutor.java:90)
	at com.kms.katalon.core.main.TestCaseMain.startTestSuite(TestCaseMain.java:157)
	at com.kms.katalon.core.main.TestCaseMain$startTestSuite$0.call(Unknown Source)
	at TempTestSuite1620120462799.run(TempTestSuite1620120462799.groovy:39)
Caused by: com.kms.katalon.core.exception.StepFailedException: Object Object Repository/Velocity Mobile/XCUIElementTypeButton - DONE (58) not found
	at com.kms.katalon.core.keyword.internal.KeywordMain.stepFailed(KeywordMain.groovy:50)
	at com.kms.katalon.core.mobile.keyword.internal.MobileKeywordMain.stepFailed(MobileKeywordMain.groovy:40)
	at com.kms.katalon.core.mobile.keyword.builtin.TapKeyword$_tap_closure1.doCall(TapKeyword.groovy:79)
	at com.kms.katalon.core.mobile.keyword.builtin.TapKeyword$_tap_closure1.call(TapKeyword.groovy)
	at com.kms.katalon.core.mobile.keyword.internal.MobileKeywordMain.runKeyword(MobileKeywordMain.groovy:21)
	at com.kms.katalon.core.mobile.keyword.builtin.TapKeyword.tap(TapKeyword.groovy:86)
	at com.kms.katalon.core.mobile.keyword.builtin.TapKeyword.execute(TapKeyword.groovy:68)
	at com.kms.katalon.core.keyword.internal.KeywordExecutor.executeKeywordForPlatform(KeywordExecutor.groovy:73)
	at com.kms.katalon.core.mobile.keyword.MobileBuiltInKeywords.tap(MobileBuiltInKeywords.groovy:577)
	at com.kms.katalon.core.mobile.keyword.MobileBuiltInKeywords$tap$0.call(Unknown Source)
	at Test Automation IFT IDR - IDR.run(Test Automation IFT IDR - IDR:95)
	at com.kms.katalon.core.main.ScriptEngine.run(ScriptEngine.java:194)
	at com.kms.katalon.core.main.ScriptEngine.runScriptAsRawText(ScriptEngine.java:119)
	at com.kms.katalon.core.main.TestCaseExecutor.runScript(TestCaseExecutor.java:339)
	at com.kms.katalon.core.main.TestCaseExecutor.doExecute(TestCaseExecutor.java:330)
	at com.kms.katalon.core.main.TestCaseExecutor.processExecutionPhase(TestCaseExecutor.java:309)
	at com.kms.katalon.core.main.TestCaseExecutor.accessMainPhase(TestCaseExecutor.java:301)
	at com.kms.katalon.core.main.TestCaseExecutor.execute(TestCaseExecutor.java:235)
	at com.kms.katalon.core.main.TestCaseMain.runTestCase(TestCaseMain.java:114)
	at com.kms.katalon.core.keyword.builtin.CallTestCaseKeyword$_callTestCase_closure1.doCall(CallTestCaseKeyword.groovy:59)
	... 20 more
)

2021-05-04 16:28:42 - [TEST_CASE][FAILED] - Test Cases/Menu - Transaction/PaymentMaker/Case/Fund Transfer/OCBC NISP Fund Transfer/Test Automation IFT IDR - IDR: Test Cases/Menu - Transaction/PaymentMaker/Case/Fund Transfer/OCBC NISP Fund Transfer/Test Automation IFT IDR - IDR FAILED.
Reason:
com.kms.katalon.core.exception.StepFailedException: Object Object Repository/Velocity Mobile/XCUIElementTypeButton - DONE (58) not found
	at com.kms.katalon.core.keyword.internal.KeywordMain.stepFailed(KeywordMain.groovy:50)
	at com.kms.katalon.core.mobile.keyword.internal.MobileKeywordMain.stepFailed(MobileKeywordMain.groovy:40)
	at com.kms.katalon.core.mobile.keyword.builtin.TapKeyword$_tap_closure1.doCall(TapKeyword.groovy:79)
	at com.kms.katalon.core.mobile.keyword.builtin.TapKeyword$_tap_closure1.call(TapKeyword.groovy)
	at com.kms.katalon.core.mobile.keyword.internal.MobileKeywordMain.runKeyword(MobileKeywordMain.groovy:21)
	at com.kms.katalon.core.mobile.keyword.builtin.TapKeyword.tap(TapKeyword.groovy:86)
	at com.kms.katalon.core.mobile.keyword.builtin.TapKeyword.execute(TapKeyword.groovy:68)
	at com.kms.katalon.core.keyword.internal.KeywordExecutor.executeKeywordForPlatform(KeywordExecutor.groovy:73)
	at com.kms.katalon.core.mobile.keyword.MobileBuiltInKeywords.tap(MobileBuiltInKeywords.groovy:577)
	at com.kms.katalon.core.mobile.keyword.MobileBuiltInKeywords$tap$0.call(Unknown Source)
	at Test Automation IFT IDR - IDR.run(Test Automation IFT IDR - IDR:95)
	at com.kms.katalon.core.main.ScriptEngine.run(ScriptEngine.java:194)
	at com.kms.katalon.core.main.ScriptEngine.runScriptAsRawText(ScriptEngine.java:119)
	at com.kms.katalon.core.main.TestCaseExecutor.runScript(TestCaseExecutor.java:339)
	at com.kms.katalon.core.main.TestCaseExecutor.doExecute(TestCaseExecutor.java:330)
	at com.kms.katalon.core.main.TestCaseExecutor.processExecutionPhase(TestCaseExecutor.java:309)
	at com.kms.katalon.core.main.TestCaseExecutor.accessMainPhase(TestCaseExecutor.java:301)
	at com.kms.katalon.core.main.TestCaseExecutor.execute(TestCaseExecutor.java:235)
	at com.kms.katalon.core.main.TestCaseMain.runTestCase(TestCaseMain.java:114)
	at com.kms.katalon.core.keyword.builtin.CallTestCaseKeyword$_callTestCase_closure1.doCall(CallTestCaseKeyword.groovy:59)
	at com.kms.katalon.core.keyword.builtin.CallTestCaseKeyword$_callTestCase_closure1.call(CallTestCaseKeyword.groovy)
	at com.kms.katalon.core.keyword.internal.KeywordMain.runKeyword(KeywordMain.groovy:68)
	at com.kms.katalon.core.keyword.builtin.CallTestCaseKeyword.callTestCase(CallTestCaseKeyword.groovy:81)
	at com.kms.katalon.core.keyword.builtin.CallTestCaseKeyword.execute(CallTestCaseKeyword.groovy:44)
	at com.kms.katalon.core.keyword.internal.KeywordExecutor.executeKeywordForPlatform(KeywordExecutor.groovy:73)
	at com.kms.katalon.core.keyword.BuiltinKeywords.callTestCase(BuiltinKeywords.groovy:334)
	at Test Automation IFT IDR - IDR.run(Test Automation IFT IDR - IDR:20)
	at com.kms.katalon.core.main.ScriptEngine.run(ScriptEngine.java:194)
	at com.kms.katalon.core.main.ScriptEngine.runScriptAsRawText(ScriptEngine.java:119)
	at com.kms.katalon.core.main.TestCaseExecutor.runScript(TestCaseExecutor.java:339)
	at com.kms.katalon.core.main.TestCaseExecutor.doExecute(TestCaseExecutor.java:330)
	at com.kms.katalon.core.main.TestCaseExecutor.processExecutionPhase(TestCaseExecutor.java:309)
	at com.kms.katalon.core.main.TestCaseExecutor.accessMainPhase(TestCaseExecutor.java:301)
	at com.kms.katalon.core.main.TestCaseExecutor.execute(TestCaseExecutor.java:235)
	at com.kms.katalon.core.main.TestSuiteExecutor.accessTestCaseMainPhase(TestSuiteExecutor.java:191)
	at com.kms.katalon.core.main.TestSuiteExecutor.accessTestSuiteMainPhase(TestSuiteExecutor.java:141)
	at com.kms.katalon.core.main.TestSuiteExecutor.execute(TestSuiteExecutor.java:90)
	at com.kms.katalon.core.main.TestCaseMain.startTestSuite(TestCaseMain.java:157)
	at com.kms.katalon.core.main.TestCaseMain$startTestSuite$0.call(Unknown Source)
	at TempTestSuite1620120462799.run(TempTestSuite1620120462799.groovy:39)


2021-05-04 16:28:42 - [TEST_STEP][PASSED] - tap(findTestObject("Object Repository/Velocity Mobile/XCUIElementTypeWindow (50)"), 0): Tapped on element 'Object Repository/Velocity Mobile/XCUIElementTypeWindow (50)'

2021-05-04 16:28:42 - [MESSAGE][WARNING] - Timeout '0' is invalid. Using default page load timeout: '30'

2021-05-04 16:28:45 - [MESSAGE][PASSED] - Tapped on element 'Object Repository/Velocity Mobile/XCUIElementTypeWindow (50)'

2021-05-04 16:28:45 - [TEST_STEP][PASSED] - tap(findTestObject("Object Repository/Velocity Mobile/XCUIElementTypeImage (66)"), 0): Tapped on element 'Object Repository/Velocity Mobile/XCUIElementTypeImage (66)'

2021-05-04 16:28:45 - [MESSAGE][WARNING] - Timeout '0' is invalid. Using default page load timeout: '30'

2021-05-04 16:28:47 - [MESSAGE][PASSED] - Tapped on element 'Object Repository/Velocity Mobile/XCUIElementTypeImage (66)'

2021-05-04 16:28:47 - [TEST_STEP][PASSED] - delay(10): Delayed 10 second(s)

2021-05-04 16:28:57 - [MESSAGE][PASSED] - Delayed 10 second(s)

2021-05-04 16:28:57 - [TEST_STEP][PASSED] - tap(findTestObject("Object Repository/Velocity Mobile/XCUIElementTypeButton (23)"), 0): Tapped on element 'Object Repository/Velocity Mobile/XCUIElementTypeButton (23)'

2021-05-04 16:28:57 - [MESSAGE][WARNING] - Timeout '0' is invalid. Using default page load timeout: '30'

2021-05-04 16:29:00 - [MESSAGE][PASSED] - Tapped on element 'Object Repository/Velocity Mobile/XCUIElementTypeButton (23)'

2021-05-04 16:29:00 - [TEST_STEP][PASSED] - delay(3): Delayed 3 second(s)

2021-05-04 16:29:03 - [MESSAGE][PASSED] - Delayed 3 second(s)

2021-05-04 16:29:03 - [TEST_STEP][PASSED] - tap(findTestObject("Object Repository/Velocity Mobile/XCUIElementTypeStaticText - Fund Transfer (3)"), 0): Tapped on element 'Object Repository/Velocity Mobile/XCUIElementTypeStaticText - Fund Transfer (3)'

2021-05-04 16:29:03 - [MESSAGE][WARNING] - Timeout '0' is invalid. Using default page load timeout: '30'

2021-05-04 16:29:05 - [MESSAGE][PASSED] - Tapped on element 'Object Repository/Velocity Mobile/XCUIElementTypeStaticText - Fund Transfer (3)'

2021-05-04 16:29:05 - [TEST_STEP][PASSED] - delay(10): Delayed 10 second(s)

2021-05-04 16:29:15 - [MESSAGE][PASSED] - Delayed 10 second(s)

2021-05-04 16:29:15 - [TEST_STEP][PASSED] - tap(findTestObject("Object Repository/Velocity Mobile/XCUIElementTypeWindow (50)"), 0): Tapped on element 'Object Repository/Velocity Mobile/XCUIElementTypeWindow (50)'

2021-05-04 16:29:15 - [MESSAGE][WARNING] - Timeout '0' is invalid. Using default page load timeout: '30'

2021-05-04 16:29:16 - [MESSAGE][PASSED] - Tapped on element 'Object Repository/Velocity Mobile/XCUIElementTypeWindow (50)'

2021-05-04 16:29:16 - [TEST_STEP][PASSED] - tap(findTestObject("Object Repository/Velocity Mobile/XCUIElementTypeStaticText - OCBC NISP Fund Transfer (4)"), 0): Tapped on element 'Object Repository/Velocity Mobile/XCUIElementTypeStaticText - OCBC NISP Fund Transfer (4)'

2021-05-04 16:29:16 - [MESSAGE][WARNING] - Timeout '0' is invalid. Using default page load timeout: '30'

2021-05-04 16:29:17 - [MESSAGE][PASSED] - Tapped on element 'Object Repository/Velocity Mobile/XCUIElementTypeStaticText - OCBC NISP Fund Transfer (4)'

2021-05-04 16:29:17 - [TEST_STEP][PASSED] - delay(10): Delayed 10 second(s)

2021-05-04 16:29:27 - [MESSAGE][PASSED] - Delayed 10 second(s)

2021-05-04 16:29:27 - [TEST_STEP][PASSED] - tap(findTestObject("Object Repository/Velocity Mobile/XCUIElementTypeWindow (50)"), 0): Tapped on element 'Object Repository/Velocity Mobile/XCUIElementTypeWindow (50)'

2021-05-04 16:29:27 - [MESSAGE][WARNING] - Timeout '0' is invalid. Using default page load timeout: '30'

2021-05-04 16:29:28 - [MESSAGE][PASSED] - Tapped on element 'Object Repository/Velocity Mobile/XCUIElementTypeWindow (50)'

2021-05-04 16:29:28 - [TEST_STEP][PASSED] - delay(10): Delayed 10 second(s)

2021-05-04 16:29:38 - [MESSAGE][PASSED] - Delayed 10 second(s)

2021-05-04 16:29:38 - [TEST_STEP][PASSED] - tap(findTestObject("Object Repository/Velocity Mobile/XCUIElementTypeStaticText - INTERNAL TRANSFER"), 0): Tapped on element 'Object Repository/Velocity Mobile/XCUIElementTypeStaticText - INTERNAL TRANSFER'

2021-05-04 16:29:38 - [MESSAGE][WARNING] - Timeout '0' is invalid. Using default page load timeout: '30'

2021-05-04 16:29:51 - [MESSAGE][PASSED] - Tapped on element 'Object Repository/Velocity Mobile/XCUIElementTypeStaticText - INTERNAL TRANSFER'

2021-05-04 16:29:51 - [TEST_STEP][PASSED] - setText(findTestObject("Object Repository/Velocity Mobile/XCUIElementTypeSearchField - Type here to search (7)"), G_Debit, 0): Text '010800001900' has been set to element 'Object Repository/Velocity Mobile/XCUIElementTypeSearchField - Type here to search (7)'

2021-05-04 16:29:51 - [MESSAGE][WARNING] - Timeout '0' is invalid. Using default page load timeout: '30'

2021-05-04 16:30:11 - [MESSAGE][PASSED] - Text '010800001900' has been set to element 'Object Repository/Velocity Mobile/XCUIElementTypeSearchField - Type here to search (7)'

2021-05-04 16:30:11 - [TEST_STEP][PASSED] - tap(findTestObject("Object Repository/Velocity Mobile/XCUIElementTypeCell (12)"), 0): Tapped on element 'Object Repository/Velocity Mobile/XCUIElementTypeCell (12)'

2021-05-04 16:30:11 - [MESSAGE][WARNING] - Timeout '0' is invalid. Using default page load timeout: '30'

2021-05-04 16:30:12 - [MESSAGE][PASSED] - Tapped on element 'Object Repository/Velocity Mobile/XCUIElementTypeCell (12)'

2021-05-04 16:30:12 - [TEST_STEP][PASSED] - tap(findTestObject("Object Repository/Velocity Mobile/XCUIElementTypeStaticText - Transfer to a new beneficiary"), 0): Tapped on element 'Object Repository/Velocity Mobile/XCUIElementTypeStaticText - Transfer to a new beneficiary'

2021-05-04 16:30:12 - [MESSAGE][WARNING] - Timeout '0' is invalid. Using default page load timeout: '30'

2021-05-04 16:30:16 - [MESSAGE][PASSED] - Tapped on element 'Object Repository/Velocity Mobile/XCUIElementTypeStaticText - Transfer to a new beneficiary'

2021-05-04 16:30:16 - [TEST_STEP][PASSED] - setText(findTestObject("Object Repository/Velocity Mobile/XCUIElementTypeTextField - Input Account Number"), G_IFT_Credit, 0): Text '010810088368' has been set to element 'Object Repository/Velocity Mobile/XCUIElementTypeTextField - Input Account Number'

2021-05-04 16:30:16 - [MESSAGE][WARNING] - Timeout '0' is invalid. Using default page load timeout: '30'

2021-05-04 16:30:18 - [MESSAGE][PASSED] - Text '010810088368' has been set to element 'Object Repository/Velocity Mobile/XCUIElementTypeTextField - Input Account Number'

2021-05-04 16:30:18 - [TEST_STEP][PASSED] - tap(findTestObject("Object Repository/Velocity Mobile/XCUIElementTypeButton - Done (57)"), 0): Tapped on element 'Object Repository/Velocity Mobile/XCUIElementTypeButton - Done (57)'

2021-05-04 16:30:18 - [MESSAGE][WARNING] - Timeout '0' is invalid. Using default page load timeout: '30'

2021-05-04 16:30:19 - [MESSAGE][PASSED] - Tapped on element 'Object Repository/Velocity Mobile/XCUIElementTypeButton - Done (57)'

2021-05-04 16:30:19 - [TEST_STEP][PASSED] - tap(findTestObject("Object Repository/Velocity Mobile/XCUIElementTypeButton - CONTINUE (3)"), 0): Tapped on element 'Object Repository/Velocity Mobile/XCUIElementTypeButton - CONTINUE (3)'

2021-05-04 16:30:19 - [MESSAGE][WARNING] - Timeout '0' is invalid. Using default page load timeout: '30'

2021-05-04 16:30:20 - [MESSAGE][PASSED] - Tapped on element 'Object Repository/Velocity Mobile/XCUIElementTypeButton - CONTINUE (3)'

2021-05-04 16:30:20 - [TEST_STEP][PASSED] - delay(10): Delayed 10 second(s)

2021-05-04 16:30:30 - [MESSAGE][PASSED] - Delayed 10 second(s)

2021-05-04 16:30:30 - [TEST_STEP][PASSED] - tap(findTestObject("Object Repository/Velocity Mobile/XCUIElementTypeWindow (50)"), 0): Tapped on element 'Object Repository/Velocity Mobile/XCUIElementTypeWindow (50)'

2021-05-04 16:30:30 - [MESSAGE][WARNING] - Timeout '0' is invalid. Using default page load timeout: '30'

2021-05-04 16:30:31 - [MESSAGE][PASSED] - Tapped on element 'Object Repository/Velocity Mobile/XCUIElementTypeWindow (50)'

2021-05-04 16:30:31 - [TEST_STEP][PASSED] - tap(findTestObject("Object Repository/Velocity Mobile/XCUIElementTypeStaticText - CONFIRM (1)"), 0): Tapped on element 'Object Repository/Velocity Mobile/XCUIElementTypeStaticText - CONFIRM (1)'

2021-05-04 16:30:31 - [MESSAGE][WARNING] - Timeout '0' is invalid. Using default page load timeout: '30'

2021-05-04 16:30:32 - [MESSAGE][PASSED] - Tapped on element 'Object Repository/Velocity Mobile/XCUIElementTypeStaticText - CONFIRM (1)'

2021-05-04 16:30:32 - [TEST_STEP][PASSED] - setText(findTestObject("Object Repository/Velocity Mobile/XCUIElementTypeTextField - Input Amount (3)"), "1000000", 0): Text '1000000' has been set to element 'Object Repository/Velocity Mobile/XCUIElementTypeTextField - Input Amount (3)'

2021-05-04 16:30:32 - [MESSAGE][WARNING] - Timeout '0' is invalid. Using default page load timeout: '30'

2021-05-04 16:30:34 - [MESSAGE][PASSED] - Text '1000000' has been set to element 'Object Repository/Velocity Mobile/XCUIElementTypeTextField - Input Amount (3)'

2021-05-04 16:30:34 - [TEST_STEP][PASSED] - tap(findTestObject("Object Repository/Velocity Mobile/XCUIElementTypeButton - Done (57)"), 0): Tapped on element 'Object Repository/Velocity Mobile/XCUIElementTypeButton - Done (57)'

2021-05-04 16:30:34 - [MESSAGE][WARNING] - Timeout '0' is invalid. Using default page load timeout: '30'

2021-05-04 16:30:36 - [MESSAGE][PASSED] - Tapped on element 'Object Repository/Velocity Mobile/XCUIElementTypeButton - Done (57)'

2021-05-04 16:30:36 - [TEST_STEP][PASSED] - setText(findTestObject("Object Repository/Velocity Mobile/XCUIElementTypeTextField - Input Customer Ref No (1)"), "123123", 0): Text '123123' has been set to element 'Object Repository/Velocity Mobile/XCUIElementTypeTextField - Input Customer Ref No (1)'

2021-05-04 16:30:36 - [MESSAGE][WARNING] - Timeout '0' is invalid. Using default page load timeout: '30'

2021-05-04 16:30:37 - [MESSAGE][PASSED] - Text '123123' has been set to element 'Object Repository/Velocity Mobile/XCUIElementTypeTextField - Input Customer Ref No (1)'

2021-05-04 16:30:37 - [TEST_STEP][PASSED] - tap(findTestObject("Object Repository/Velocity Mobile/XCUIElementTypeButton - Done (57)"), 0): Tapped on element 'Object Repository/Velocity Mobile/XCUIElementTypeButton - Done (57)'

2021-05-04 16:30:37 - [MESSAGE][WARNING] - Timeout '0' is invalid. Using default page load timeout: '30'

2021-05-04 16:30:39 - [MESSAGE][PASSED] - Tapped on element 'Object Repository/Velocity Mobile/XCUIElementTypeButton - Done (57)'

2021-05-04 16:30:39 - [TEST_STEP][PASSED] - setText(findTestObject("Object Repository/Velocity Mobile/XCUIElementTypeTextField - Input Remarks (3)"), "Test Automation Katalon", 0): Text 'Test Automation Katalon' has been set to element 'Object Repository/Velocity Mobile/XCUIElementTypeTextField - Input Remarks (3)'

2021-05-04 16:30:39 - [MESSAGE][WARNING] - Timeout '0' is invalid. Using default page load timeout: '30'

2021-05-04 16:30:41 - [MESSAGE][PASSED] - Text 'Test Automation Katalon' has been set to element 'Object Repository/Velocity Mobile/XCUIElementTypeTextField - Input Remarks (3)'

2021-05-04 16:30:41 - [TEST_STEP][PASSED] - tap(findTestObject("Object Repository/Velocity Mobile/XCUIElementTypeButton - Done (57)"), 0): Tapped on element 'Object Repository/Velocity Mobile/XCUIElementTypeButton - Done (57)'

2021-05-04 16:30:41 - [MESSAGE][WARNING] - Timeout '0' is invalid. Using default page load timeout: '30'

2021-05-04 16:30:42 - [MESSAGE][PASSED] - Tapped on element 'Object Repository/Velocity Mobile/XCUIElementTypeButton - Done (57)'

2021-05-04 16:30:42 - [TEST_STEP][PASSED] - tap(findTestObject("Object Repository/Velocity Mobile/XCUIElementTypeButton - CONTINUE (3)"), 0): Tapped on element 'Object Repository/Velocity Mobile/XCUIElementTypeButton - CONTINUE (3)'

2021-05-04 16:30:42 - [MESSAGE][WARNING] - Timeout '0' is invalid. Using default page load timeout: '30'

2021-05-04 16:30:44 - [MESSAGE][PASSED] - Tapped on element 'Object Repository/Velocity Mobile/XCUIElementTypeButton - CONTINUE (3)'

2021-05-04 16:30:44 - [TEST_STEP][PASSED] - delay(5): Delayed 5 second(s)

2021-05-04 16:30:49 - [MESSAGE][PASSED] - Delayed 5 second(s)

2021-05-04 16:30:49 - [TEST_STEP][PASSED] - tap(findTestObject("Object Repository/Velocity Mobile/XCUIElementTypeButton - CONTINUE (3)"), 0): Tapped on element 'Object Repository/Velocity Mobile/XCUIElementTypeButton - CONTINUE (3)'

2021-05-04 16:30:49 - [MESSAGE][WARNING] - Timeout '0' is invalid. Using default page load timeout: '30'

2021-05-04 16:30:50 - [MESSAGE][PASSED] - Tapped on element 'Object Repository/Velocity Mobile/XCUIElementTypeButton - CONTINUE (3)'

2021-05-04 16:30:50 - [TEST_STEP][PASSED] - delay(5): Delayed 5 second(s)

2021-05-04 16:30:55 - [MESSAGE][PASSED] - Delayed 5 second(s)

2021-05-04 16:30:55 - [TEST_STEP][PASSED] - tap(findTestObject("Object Repository/Velocity Mobile/XCUIElementTypeButton - CONTINUE (3)"), 0): Tapped on element 'Object Repository/Velocity Mobile/XCUIElementTypeButton - CONTINUE (3)'

2021-05-04 16:30:55 - [MESSAGE][WARNING] - Timeout '0' is invalid. Using default page load timeout: '30'

2021-05-04 16:30:56 - [MESSAGE][PASSED] - Tapped on element 'Object Repository/Velocity Mobile/XCUIElementTypeButton - CONTINUE (3)'

2021-05-04 16:30:56 - [TEST_STEP][PASSED] - delay(10): Delayed 10 second(s)

2021-05-04 16:31:06 - [MESSAGE][PASSED] - Delayed 10 second(s)

2021-05-04 16:31:06 - [TEST_STEP][FAILED] - tap(findTestObject("Object Repository/Velocity Mobile/XCUIElementTypeButton - DONE (58)"), 0): Failed to tap on element 'Object Repository/Velocity Mobile/XCUIElementTypeButton - DONE (58)' (Root cause: com.kms.katalon.core.exception.StepFailedException: Object Object Repository/Velocity Mobile/XCUIElementTypeButton - DONE (58) not found
	at com.kms.katalon.core.keyword.internal.KeywordMain.stepFailed(KeywordMain.groovy:50)
	at com.kms.katalon.core.mobile.keyword.internal.MobileKeywordMain.stepFailed(MobileKeywordMain.groovy:40)
	at com.kms.katalon.core.mobile.keyword.builtin.TapKeyword$_tap_closure1.doCall(TapKeyword.groovy:79)
	at com.kms.katalon.core.mobile.keyword.builtin.TapKeyword$_tap_closure1.call(TapKeyword.groovy)
	at com.kms.katalon.core.mobile.keyword.internal.MobileKeywordMain.runKeyword(MobileKeywordMain.groovy:21)
	at com.kms.katalon.core.mobile.keyword.builtin.TapKeyword.tap(TapKeyword.groovy:86)
	at com.kms.katalon.core.mobile.keyword.builtin.TapKeyword.execute(TapKeyword.groovy:68)
	at com.kms.katalon.core.keyword.internal.KeywordExecutor.executeKeywordForPlatform(KeywordExecutor.groovy:73)
	at com.kms.katalon.core.mobile.keyword.MobileBuiltInKeywords.tap(MobileBuiltInKeywords.groovy:577)
	at com.kms.katalon.core.mobile.keyword.MobileBuiltInKeywords$tap$0.call(Unknown Source)
	at Test Automation IFT IDR - IDR.run(Test Automation IFT IDR - IDR:95)
	at com.kms.katalon.core.main.ScriptEngine.run(ScriptEngine.java:194)
	at com.kms.katalon.core.main.ScriptEngine.runScriptAsRawText(ScriptEngine.java:119)
	at com.kms.katalon.core.main.TestCaseExecutor.runScript(TestCaseExecutor.java:339)
	at com.kms.katalon.core.main.TestCaseExecutor.doExecute(TestCaseExecutor.java:330)
	at com.kms.katalon.core.main.TestCaseExecutor.processExecutionPhase(TestCaseExecutor.java:309)
	at com.kms.katalon.core.main.TestCaseExecutor.accessMainPhase(TestCaseExecutor.java:301)
	at com.kms.katalon.core.main.TestCaseExecutor.execute(TestCaseExecutor.java:235)
	at com.kms.katalon.core.main.TestCaseMain.runTestCase(TestCaseMain.java:114)
	at com.kms.katalon.core.keyword.builtin.CallTestCaseKeyword$_callTestCase_closure1.doCall(CallTestCaseKeyword.groovy:59)
	at com.kms.katalon.core.keyword.builtin.CallTestCaseKeyword$_callTestCase_closure1.call(CallTestCaseKeyword.groovy)
	at com.kms.katalon.core.keyword.internal.KeywordMain.runKeyword(KeywordMain.groovy:68)
	at com.kms.katalon.core.keyword.builtin.CallTestCaseKeyword.callTestCase(CallTestCaseKeyword.groovy:81)
	at com.kms.katalon.core.keyword.builtin.CallTestCaseKeyword.execute(CallTestCaseKeyword.groovy:44)
	at com.kms.katalon.core.keyword.internal.KeywordExecutor.executeKeywordForPlatform(KeywordExecutor.groovy:73)
	at com.kms.katalon.core.keyword.BuiltinKeywords.callTestCase(BuiltinKeywords.groovy:334)
	at Test Automation IFT IDR - IDR.run(Test Automation IFT IDR - IDR:20)
	at com.kms.katalon.core.main.ScriptEngine.run(ScriptEngine.java:194)
	at com.kms.katalon.core.main.ScriptEngine.runScriptAsRawText(ScriptEngine.java:119)
	at com.kms.katalon.core.main.TestCaseExecutor.runScript(TestCaseExecutor.java:339)
	at com.kms.katalon.core.main.TestCaseExecutor.doExecute(TestCaseExecutor.java:330)
	at com.kms.katalon.core.main.TestCaseExecutor.processExecutionPhase(TestCaseExecutor.java:309)
	at com.kms.katalon.core.main.TestCaseExecutor.accessMainPhase(TestCaseExecutor.java:301)
	at com.kms.katalon.core.main.TestCaseExecutor.execute(TestCaseExecutor.java:235)
	at com.kms.katalon.core.main.TestSuiteExecutor.accessTestCaseMainPhase(TestSuiteExecutor.java:191)
	at com.kms.katalon.core.main.TestSuiteExecutor.accessTestSuiteMainPhase(TestSuiteExecutor.java:141)
	at com.kms.katalon.core.main.TestSuiteExecutor.execute(TestSuiteExecutor.java:90)
	at com.kms.katalon.core.main.TestCaseMain.startTestSuite(TestCaseMain.java:157)
	at com.kms.katalon.core.main.TestCaseMain$startTestSuite$0.call(Unknown Source)
	at TempTestSuite1620120462799.run(TempTestSuite1620120462799.groovy:39)
)

2021-05-04 16:31:06 - [MESSAGE][WARNING] - Timeout '0' is invalid. Using default page load timeout: '30'

2021-05-04 16:31:36 - [MESSAGE][FAILED] - Object Object Repository/Velocity Mobile/XCUIElementTypeButton - DONE (58) not found
[[ATTACHMENT|/Users/admin2/Katalon Studio/Automation Test Velocity Mobile on ios/Reports/20210504_162742/Test Suites Payment Maker/Transaksi Pindah Buku/Transaksi Pindah Buku/20210504_162742/1620120696287.png]]

2021-05-04 16:31:37 - [MESSAGE][FAILED] - Failed to tap on element 'Object Repository/Velocity Mobile/XCUIElementTypeButton - DONE (58)' (Root cause: com.kms.katalon.core.exception.StepFailedException: Object Object Repository/Velocity Mobile/XCUIElementTypeButton - DONE (58) not found
	at com.kms.katalon.core.keyword.internal.KeywordMain.stepFailed(KeywordMain.groovy:50)
	at com.kms.katalon.core.mobile.keyword.internal.MobileKeywordMain.stepFailed(MobileKeywordMain.groovy:40)
	at com.kms.katalon.core.mobile.keyword.builtin.TapKeyword$_tap_closure1.doCall(TapKeyword.groovy:79)
	at com.kms.katalon.core.mobile.keyword.builtin.TapKeyword$_tap_closure1.call(TapKeyword.groovy)
	at com.kms.katalon.core.mobile.keyword.internal.MobileKeywordMain.runKeyword(MobileKeywordMain.groovy:21)
	at com.kms.katalon.core.mobile.keyword.builtin.TapKeyword.tap(TapKeyword.groovy:86)
	at com.kms.katalon.core.mobile.keyword.builtin.TapKeyword.execute(TapKeyword.groovy:68)
	at com.kms.katalon.core.keyword.internal.KeywordExecutor.executeKeywordForPlatform(KeywordExecutor.groovy:73)
	at com.kms.katalon.core.mobile.keyword.MobileBuiltInKeywords.tap(MobileBuiltInKeywords.groovy:577)
	at com.kms.katalon.core.mobile.keyword.MobileBuiltInKeywords$tap$0.call(Unknown Source)
	at Test Automation IFT IDR - IDR.run(Test Automation IFT IDR - IDR:95)
	at com.kms.katalon.core.main.ScriptEngine.run(ScriptEngine.java:194)
	at com.kms.katalon.core.main.ScriptEngine.runScriptAsRawText(ScriptEngine.java:119)
	at com.kms.katalon.core.main.TestCaseExecutor.runScript(TestCaseExecutor.java:339)
	at com.kms.katalon.core.main.TestCaseExecutor.doExecute(TestCaseExecutor.java:330)
	at com.kms.katalon.core.main.TestCaseExecutor.processExecutionPhase(TestCaseExecutor.java:309)
	at com.kms.katalon.core.main.TestCaseExecutor.accessMainPhase(TestCaseExecutor.java:301)
	at com.kms.katalon.core.main.TestCaseExecutor.execute(TestCaseExecutor.java:235)
	at com.kms.katalon.core.main.TestCaseMain.runTestCase(TestCaseMain.java:114)
	at com.kms.katalon.core.keyword.builtin.CallTestCaseKeyword$_callTestCase_closure1.doCall(CallTestCaseKeyword.groovy:59)
	at com.kms.katalon.core.keyword.builtin.CallTestCaseKeyword$_callTestCase_closure1.call(CallTestCaseKeyword.groovy)
	at com.kms.katalon.core.keyword.internal.KeywordMain.runKeyword(KeywordMain.groovy:68)
	at com.kms.katalon.core.keyword.builtin.CallTestCaseKeyword.callTestCase(CallTestCaseKeyword.groovy:81)
	at com.kms.katalon.core.keyword.builtin.CallTestCaseKeyword.execute(CallTestCaseKeyword.groovy:44)
	at com.kms.katalon.core.keyword.internal.KeywordExecutor.executeKeywordForPlatform(KeywordExecutor.groovy:73)
	at com.kms.katalon.core.keyword.BuiltinKeywords.callTestCase(BuiltinKeywords.groovy:334)
	at Test Automation IFT IDR - IDR.run(Test Automation IFT IDR - IDR:20)
	at com.kms.katalon.core.main.ScriptEngine.run(ScriptEngine.java:194)
	at com.kms.katalon.core.main.ScriptEngine.runScriptAsRawText(ScriptEngine.java:119)
	at com.kms.katalon.core.main.TestCaseExecutor.runScript(TestCaseExecutor.java:339)
	at com.kms.katalon.core.main.TestCaseExecutor.doExecute(TestCaseExecutor.java:330)
	at com.kms.katalon.core.main.TestCaseExecutor.processExecutionPhase(TestCaseExecutor.java:309)
	at com.kms.katalon.core.main.TestCaseExecutor.accessMainPhase(TestCaseExecutor.java:301)
	at com.kms.katalon.core.main.TestCaseExecutor.execute(TestCaseExecutor.java:235)
	at com.kms.katalon.core.main.TestSuiteExecutor.accessTestCaseMainPhase(TestSuiteExecutor.java:191)
	at com.kms.katalon.core.main.TestSuiteExecutor.accessTestSuiteMainPhase(TestSuiteExecutor.java:141)
	at com.kms.katalon.core.main.TestSuiteExecutor.execute(TestSuiteExecutor.java:90)
	at com.kms.katalon.core.main.TestCaseMain.startTestSuite(TestCaseMain.java:157)
	at com.kms.katalon.core.main.TestCaseMain$startTestSuite$0.call(Unknown Source)
	at TempTestSuite1620120462799.run(TempTestSuite1620120462799.groovy:39)
)
[[ATTACHMENT|/Users/admin2/Katalon Studio/Automation Test Velocity Mobile on ios/Reports/20210504_162742/Test Suites Payment Maker/Transaksi Pindah Buku/Transaksi Pindah Buku/20210504_162742/1620120696809.png]]

2021-05-04 16:31:37 - [MESSAGE][FAILED] - Unable to call Test Case 'Test Cases/Menu - Transaction/PaymentMaker/Case/Fund Transfer/OCBC NISP Fund Transfer/Test Automation IFT IDR - IDR' (Root cause: com.kms.katalon.core.exception.StepFailedException: Call Test Case 'Test Cases/Menu - Transaction/PaymentMaker/Case/Fund Transfer/OCBC NISP Fund Transfer/Test Automation IFT IDR - IDR' failed
	at com.kms.katalon.core.keyword.builtin.CallTestCaseKeyword$_callTestCase_closure1.doCall(CallTestCaseKeyword.groovy:63)
	at com.kms.katalon.core.keyword.builtin.CallTestCaseKeyword$_callTestCase_closure1.call(CallTestCaseKeyword.groovy)
	at com.kms.katalon.core.keyword.internal.KeywordMain.runKeyword(KeywordMain.groovy:68)
	at com.kms.katalon.core.keyword.builtin.CallTestCaseKeyword.callTestCase(CallTestCaseKeyword.groovy:81)
	at com.kms.katalon.core.keyword.builtin.CallTestCaseKeyword.execute(CallTestCaseKeyword.groovy:44)
	at com.kms.katalon.core.keyword.internal.KeywordExecutor.executeKeywordForPlatform(KeywordExecutor.groovy:73)
	at com.kms.katalon.core.keyword.BuiltinKeywords.callTestCase(BuiltinKeywords.groovy:334)
	at Test Automation IFT IDR - IDR.run(Test Automation IFT IDR - IDR:20)
	at com.kms.katalon.core.main.ScriptEngine.run(ScriptEngine.java:194)
	at com.kms.katalon.core.main.ScriptEngine.runScriptAsRawText(ScriptEngine.java:119)
	at com.kms.katalon.core.main.TestCaseExecutor.runScript(TestCaseExecutor.java:339)
	at com.kms.katalon.core.main.TestCaseExecutor.doExecute(TestCaseExecutor.java:330)
	at com.kms.katalon.core.main.TestCaseExecutor.processExecutionPhase(TestCaseExecutor.java:309)
	at com.kms.katalon.core.main.TestCaseExecutor.accessMainPhase(TestCaseExecutor.java:301)
	at com.kms.katalon.core.main.TestCaseExecutor.execute(TestCaseExecutor.java:235)
	at com.kms.katalon.core.main.TestSuiteExecutor.accessTestCaseMainPhase(TestSuiteExecutor.java:191)
	at com.kms.katalon.core.main.TestSuiteExecutor.accessTestSuiteMainPhase(TestSuiteExecutor.java:141)
	at com.kms.katalon.core.main.TestSuiteExecutor.execute(TestSuiteExecutor.java:90)
	at com.kms.katalon.core.main.TestCaseMain.startTestSuite(TestCaseMain.java:157)
	at com.kms.katalon.core.main.TestCaseMain$startTestSuite$0.call(Unknown Source)
	at TempTestSuite1620120462799.run(TempTestSuite1620120462799.groovy:39)
Caused by: com.kms.katalon.core.exception.StepFailedException: Object Object Repository/Velocity Mobile/XCUIElementTypeButton - DONE (58) not found
	at com.kms.katalon.core.keyword.internal.KeywordMain.stepFailed(KeywordMain.groovy:50)
	at com.kms.katalon.core.mobile.keyword.internal.MobileKeywordMain.stepFailed(MobileKeywordMain.groovy:40)
	at com.kms.katalon.core.mobile.keyword.builtin.TapKeyword$_tap_closure1.doCall(TapKeyword.groovy:79)
	at com.kms.katalon.core.mobile.keyword.builtin.TapKeyword$_tap_closure1.call(TapKeyword.groovy)
	at com.kms.katalon.core.mobile.keyword.internal.MobileKeywordMain.runKeyword(MobileKeywordMain.groovy:21)
	at com.kms.katalon.core.mobile.keyword.builtin.TapKeyword.tap(TapKeyword.groovy:86)
	at com.kms.katalon.core.mobile.keyword.builtin.TapKeyword.execute(TapKeyword.groovy:68)
	at com.kms.katalon.core.keyword.internal.KeywordExecutor.executeKeywordForPlatform(KeywordExecutor.groovy:73)
	at com.kms.katalon.core.mobile.keyword.MobileBuiltInKeywords.tap(MobileBuiltInKeywords.groovy:577)
	at com.kms.katalon.core.mobile.keyword.MobileBuiltInKeywords$tap$0.call(Unknown Source)
	at Test Automation IFT IDR - IDR.run(Test Automation IFT IDR - IDR:95)
	at com.kms.katalon.core.main.ScriptEngine.run(ScriptEngine.java:194)
	at com.kms.katalon.core.main.ScriptEngine.runScriptAsRawText(ScriptEngine.java:119)
	at com.kms.katalon.core.main.TestCaseExecutor.runScript(TestCaseExecutor.java:339)
	at com.kms.katalon.core.main.TestCaseExecutor.doExecute(TestCaseExecutor.java:330)
	at com.kms.katalon.core.main.TestCaseExecutor.processExecutionPhase(TestCaseExecutor.java:309)
	at com.kms.katalon.core.main.TestCaseExecutor.accessMainPhase(TestCaseExecutor.java:301)
	at com.kms.katalon.core.main.TestCaseExecutor.execute(TestCaseExecutor.java:235)
	at com.kms.katalon.core.main.TestCaseMain.runTestCase(TestCaseMain.java:114)
	at com.kms.katalon.core.keyword.builtin.CallTestCaseKeyword$_callTestCase_closure1.doCall(CallTestCaseKeyword.groovy:59)
	... 20 more
)]]></system-out>
         <system-err><![CDATA[2021-05-04 16:27:46 - [TEST_CASE][FAILED] - Test Cases/Menu - Transaction/PaymentMaker/Scenario/Fund Transfer/OCBC NISP Fund Transfer/Test Automation IFT IDR - IDR: Test Cases/Menu - Transaction/PaymentMaker/Scenario/Fund Transfer/OCBC NISP Fund Transfer/Test Automation IFT IDR - IDR FAILED.
Reason:
com.kms.katalon.core.exception.StepFailedException: Call Test Case 'Test Cases/Menu - Transaction/PaymentMaker/Case/Fund Transfer/OCBC NISP Fund Transfer/Test Automation IFT IDR - IDR' failed
	at com.kms.katalon.core.keyword.builtin.CallTestCaseKeyword$_callTestCase_closure1.doCall(CallTestCaseKeyword.groovy:63)
	at com.kms.katalon.core.keyword.builtin.CallTestCaseKeyword$_callTestCase_closure1.call(CallTestCaseKeyword.groovy)
	at com.kms.katalon.core.keyword.internal.KeywordMain.runKeyword(KeywordMain.groovy:68)
	at com.kms.katalon.core.keyword.builtin.CallTestCaseKeyword.callTestCase(CallTestCaseKeyword.groovy:81)
	at com.kms.katalon.core.keyword.builtin.CallTestCaseKeyword.execute(CallTestCaseKeyword.groovy:44)
	at com.kms.katalon.core.keyword.internal.KeywordExecutor.executeKeywordForPlatform(KeywordExecutor.groovy:73)
	at com.kms.katalon.core.keyword.BuiltinKeywords.callTestCase(BuiltinKeywords.groovy:334)
	at Test Automation IFT IDR - IDR.run(Test Automation IFT IDR - IDR:20)
	at com.kms.katalon.core.main.ScriptEngine.run(ScriptEngine.java:194)
	at com.kms.katalon.core.main.ScriptEngine.runScriptAsRawText(ScriptEngine.java:119)
	at com.kms.katalon.core.main.TestCaseExecutor.runScript(TestCaseExecutor.java:339)
	at com.kms.katalon.core.main.TestCaseExecutor.doExecute(TestCaseExecutor.java:330)
	at com.kms.katalon.core.main.TestCaseExecutor.processExecutionPhase(TestCaseExecutor.java:309)
	at com.kms.katalon.core.main.TestCaseExecutor.accessMainPhase(TestCaseExecutor.java:301)
	at com.kms.katalon.core.main.TestCaseExecutor.execute(TestCaseExecutor.java:235)
	at com.kms.katalon.core.main.TestSuiteExecutor.accessTestCaseMainPhase(TestSuiteExecutor.java:191)
	at com.kms.katalon.core.main.TestSuiteExecutor.accessTestSuiteMainPhase(TestSuiteExecutor.java:141)
	at com.kms.katalon.core.main.TestSuiteExecutor.execute(TestSuiteExecutor.java:90)
	at com.kms.katalon.core.main.TestCaseMain.startTestSuite(TestCaseMain.java:157)
	at com.kms.katalon.core.main.TestCaseMain$startTestSuite$0.call(Unknown Source)
	at TempTestSuite1620120462799.run(TempTestSuite1620120462799.groovy:39)
Caused by: com.kms.katalon.core.exception.StepFailedException: Object Object Repository/Velocity Mobile/XCUIElementTypeButton - DONE (58) not found
	at com.kms.katalon.core.keyword.internal.KeywordMain.stepFailed(KeywordMain.groovy:50)
	at com.kms.katalon.core.mobile.keyword.internal.MobileKeywordMain.stepFailed(MobileKeywordMain.groovy:40)
	at com.kms.katalon.core.mobile.keyword.builtin.TapKeyword$_tap_closure1.doCall(TapKeyword.groovy:79)
	at com.kms.katalon.core.mobile.keyword.builtin.TapKeyword$_tap_closure1.call(TapKeyword.groovy)
	at com.kms.katalon.core.mobile.keyword.internal.MobileKeywordMain.runKeyword(MobileKeywordMain.groovy:21)
	at com.kms.katalon.core.mobile.keyword.builtin.TapKeyword.tap(TapKeyword.groovy:86)
	at com.kms.katalon.core.mobile.keyword.builtin.TapKeyword.execute(TapKeyword.groovy:68)
	at com.kms.katalon.core.keyword.internal.KeywordExecutor.executeKeywordForPlatform(KeywordExecutor.groovy:73)
	at com.kms.katalon.core.mobile.keyword.MobileBuiltInKeywords.tap(MobileBuiltInKeywords.groovy:577)
	at com.kms.katalon.core.mobile.keyword.MobileBuiltInKeywords$tap$0.call(Unknown Source)
	at Test Automation IFT IDR - IDR.run(Test Automation IFT IDR - IDR:95)
	at com.kms.katalon.core.main.ScriptEngine.run(ScriptEngine.java:194)
	at com.kms.katalon.core.main.ScriptEngine.runScriptAsRawText(ScriptEngine.java:119)
	at com.kms.katalon.core.main.TestCaseExecutor.runScript(TestCaseExecutor.java:339)
	at com.kms.katalon.core.main.TestCaseExecutor.doExecute(TestCaseExecutor.java:330)
	at com.kms.katalon.core.main.TestCaseExecutor.processExecutionPhase(TestCaseExecutor.java:309)
	at com.kms.katalon.core.main.TestCaseExecutor.accessMainPhase(TestCaseExecutor.java:301)
	at com.kms.katalon.core.main.TestCaseExecutor.execute(TestCaseExecutor.java:235)
	at com.kms.katalon.core.main.TestCaseMain.runTestCase(TestCaseMain.java:114)
	at com.kms.katalon.core.keyword.builtin.CallTestCaseKeyword$_callTestCase_closure1.doCall(CallTestCaseKeyword.groovy:59)
	... 20 more]]></system-err>
      </testcase>
      <system-out><![CDATA[2021-05-04 16:27:46 - [TEST_SUITE][FAILED] - Transaksi Pindah Buku: Test Cases/Menu - Transaction/PaymentMaker/Scenario/Fund Transfer/OCBC NISP Fund Transfer/Test Automation IFT IDR - IDR FAILED.
Reason:
com.kms.katalon.core.exception.StepFailedException: Call Test Case 'Test Cases/Menu - Transaction/PaymentMaker/Case/Fund Transfer/OCBC NISP Fund Transfer/Test Automation IFT IDR - IDR' failed
	at com.kms.katalon.core.keyword.builtin.CallTestCaseKeyword$_callTestCase_closure1.doCall(CallTestCaseKeyword.groovy:63)
	at com.kms.katalon.core.keyword.builtin.CallTestCaseKeyword$_callTestCase_closure1.call(CallTestCaseKeyword.groovy)
	at com.kms.katalon.core.keyword.internal.KeywordMain.runKeyword(KeywordMain.groovy:68)
	at com.kms.katalon.core.keyword.builtin.CallTestCaseKeyword.callTestCase(CallTestCaseKeyword.groovy:81)
	at com.kms.katalon.core.keyword.builtin.CallTestCaseKeyword.execute(CallTestCaseKeyword.groovy:44)
	at com.kms.katalon.core.keyword.internal.KeywordExecutor.executeKeywordForPlatform(KeywordExecutor.groovy:73)
	at com.kms.katalon.core.keyword.BuiltinKeywords.callTestCase(BuiltinKeywords.groovy:334)
	at Test Automation IFT IDR - IDR.run(Test Automation IFT IDR - IDR:20)
	at com.kms.katalon.core.main.ScriptEngine.run(ScriptEngine.java:194)
	at com.kms.katalon.core.main.ScriptEngine.runScriptAsRawText(ScriptEngine.java:119)
	at com.kms.katalon.core.main.TestCaseExecutor.runScript(TestCaseExecutor.java:339)
	at com.kms.katalon.core.main.TestCaseExecutor.doExecute(TestCaseExecutor.java:330)
	at com.kms.katalon.core.main.TestCaseExecutor.processExecutionPhase(TestCaseExecutor.java:309)
	at com.kms.katalon.core.main.TestCaseExecutor.accessMainPhase(TestCaseExecutor.java:301)
	at com.kms.katalon.core.main.TestCaseExecutor.execute(TestCaseExecutor.java:235)
	at com.kms.katalon.core.main.TestSuiteExecutor.accessTestCaseMainPhase(TestSuiteExecutor.java:191)
	at com.kms.katalon.core.main.TestSuiteExecutor.accessTestSuiteMainPhase(TestSuiteExecutor.java:141)
	at com.kms.katalon.core.main.TestSuiteExecutor.execute(TestSuiteExecutor.java:90)
	at com.kms.katalon.core.main.TestCaseMain.startTestSuite(TestCaseMain.java:157)
	at com.kms.katalon.core.main.TestCaseMain$startTestSuite$0.call(Unknown Source)
	at TempTestSuite1620120462799.run(TempTestSuite1620120462799.groovy:39)
Caused by: com.kms.katalon.core.exception.StepFailedException: Object Object Repository/Velocity Mobile/XCUIElementTypeButton - DONE (58) not found
	at com.kms.katalon.core.keyword.internal.KeywordMain.stepFailed(KeywordMain.groovy:50)
	at com.kms.katalon.core.mobile.keyword.internal.MobileKeywordMain.stepFailed(MobileKeywordMain.groovy:40)
	at com.kms.katalon.core.mobile.keyword.builtin.TapKeyword$_tap_closure1.doCall(TapKeyword.groovy:79)
	at com.kms.katalon.core.mobile.keyword.builtin.TapKeyword$_tap_closure1.call(TapKeyword.groovy)
	at com.kms.katalon.core.mobile.keyword.internal.MobileKeywordMain.runKeyword(MobileKeywordMain.groovy:21)
	at com.kms.katalon.core.mobile.keyword.builtin.TapKeyword.tap(TapKeyword.groovy:86)
	at com.kms.katalon.core.mobile.keyword.builtin.TapKeyword.execute(TapKeyword.groovy:68)
	at com.kms.katalon.core.keyword.internal.KeywordExecutor.executeKeywordForPlatform(KeywordExecutor.groovy:73)
	at com.kms.katalon.core.mobile.keyword.MobileBuiltInKeywords.tap(MobileBuiltInKeywords.groovy:577)
	at com.kms.katalon.core.mobile.keyword.MobileBuiltInKeywords$tap$0.call(Unknown Source)
	at Test Automation IFT IDR - IDR.run(Test Automation IFT IDR - IDR:95)
	at com.kms.katalon.core.main.ScriptEngine.run(ScriptEngine.java:194)
	at com.kms.katalon.core.main.ScriptEngine.runScriptAsRawText(ScriptEngine.java:119)
	at com.kms.katalon.core.main.TestCaseExecutor.runScript(TestCaseExecutor.java:339)
	at com.kms.katalon.core.main.TestCaseExecutor.doExecute(TestCaseExecutor.java:330)
	at com.kms.katalon.core.main.TestCaseExecutor.processExecutionPhase(TestCaseExecutor.java:309)
	at com.kms.katalon.core.main.TestCaseExecutor.accessMainPhase(TestCaseExecutor.java:301)
	at com.kms.katalon.core.main.TestCaseExecutor.execute(TestCaseExecutor.java:235)
	at com.kms.katalon.core.main.TestCaseMain.runTestCase(TestCaseMain.java:114)
	at com.kms.katalon.core.keyword.builtin.CallTestCaseKeyword$_callTestCase_closure1.doCall(CallTestCaseKeyword.groovy:59)
	... 20 more]]></system-out>
      <system-err><![CDATA[2021-05-04 16:27:46 - [TEST_SUITE][FAILED] - Transaksi Pindah Buku: Test Cases/Menu - Transaction/PaymentMaker/Scenario/Fund Transfer/OCBC NISP Fund Transfer/Test Automation IFT IDR - IDR FAILED.
Reason:
com.kms.katalon.core.exception.StepFailedException: Call Test Case 'Test Cases/Menu - Transaction/PaymentMaker/Case/Fund Transfer/OCBC NISP Fund Transfer/Test Automation IFT IDR - IDR' failed
	at com.kms.katalon.core.keyword.builtin.CallTestCaseKeyword$_callTestCase_closure1.doCall(CallTestCaseKeyword.groovy:63)
	at com.kms.katalon.core.keyword.builtin.CallTestCaseKeyword$_callTestCase_closure1.call(CallTestCaseKeyword.groovy)
	at com.kms.katalon.core.keyword.internal.KeywordMain.runKeyword(KeywordMain.groovy:68)
	at com.kms.katalon.core.keyword.builtin.CallTestCaseKeyword.callTestCase(CallTestCaseKeyword.groovy:81)
	at com.kms.katalon.core.keyword.builtin.CallTestCaseKeyword.execute(CallTestCaseKeyword.groovy:44)
	at com.kms.katalon.core.keyword.internal.KeywordExecutor.executeKeywordForPlatform(KeywordExecutor.groovy:73)
	at com.kms.katalon.core.keyword.BuiltinKeywords.callTestCase(BuiltinKeywords.groovy:334)
	at Test Automation IFT IDR - IDR.run(Test Automation IFT IDR - IDR:20)
	at com.kms.katalon.core.main.ScriptEngine.run(ScriptEngine.java:194)
	at com.kms.katalon.core.main.ScriptEngine.runScriptAsRawText(ScriptEngine.java:119)
	at com.kms.katalon.core.main.TestCaseExecutor.runScript(TestCaseExecutor.java:339)
	at com.kms.katalon.core.main.TestCaseExecutor.doExecute(TestCaseExecutor.java:330)
	at com.kms.katalon.core.main.TestCaseExecutor.processExecutionPhase(TestCaseExecutor.java:309)
	at com.kms.katalon.core.main.TestCaseExecutor.accessMainPhase(TestCaseExecutor.java:301)
	at com.kms.katalon.core.main.TestCaseExecutor.execute(TestCaseExecutor.java:235)
	at com.kms.katalon.core.main.TestSuiteExecutor.accessTestCaseMainPhase(TestSuiteExecutor.java:191)
	at com.kms.katalon.core.main.TestSuiteExecutor.accessTestSuiteMainPhase(TestSuiteExecutor.java:141)
	at com.kms.katalon.core.main.TestSuiteExecutor.execute(TestSuiteExecutor.java:90)
	at com.kms.katalon.core.main.TestCaseMain.startTestSuite(TestCaseMain.java:157)
	at com.kms.katalon.core.main.TestCaseMain$startTestSuite$0.call(Unknown Source)
	at TempTestSuite1620120462799.run(TempTestSuite1620120462799.groovy:39)
Caused by: com.kms.katalon.core.exception.StepFailedException: Object Object Repository/Velocity Mobile/XCUIElementTypeButton - DONE (58) not found
	at com.kms.katalon.core.keyword.internal.KeywordMain.stepFailed(KeywordMain.groovy:50)
	at com.kms.katalon.core.mobile.keyword.internal.MobileKeywordMain.stepFailed(MobileKeywordMain.groovy:40)
	at com.kms.katalon.core.mobile.keyword.builtin.TapKeyword$_tap_closure1.doCall(TapKeyword.groovy:79)
	at com.kms.katalon.core.mobile.keyword.builtin.TapKeyword$_tap_closure1.call(TapKeyword.groovy)
	at com.kms.katalon.core.mobile.keyword.internal.MobileKeywordMain.runKeyword(MobileKeywordMain.groovy:21)
	at com.kms.katalon.core.mobile.keyword.builtin.TapKeyword.tap(TapKeyword.groovy:86)
	at com.kms.katalon.core.mobile.keyword.builtin.TapKeyword.execute(TapKeyword.groovy:68)
	at com.kms.katalon.core.keyword.internal.KeywordExecutor.executeKeywordForPlatform(KeywordExecutor.groovy:73)
	at com.kms.katalon.core.mobile.keyword.MobileBuiltInKeywords.tap(MobileBuiltInKeywords.groovy:577)
	at com.kms.katalon.core.mobile.keyword.MobileBuiltInKeywords$tap$0.call(Unknown Source)
	at Test Automation IFT IDR - IDR.run(Test Automation IFT IDR - IDR:95)
	at com.kms.katalon.core.main.ScriptEngine.run(ScriptEngine.java:194)
	at com.kms.katalon.core.main.ScriptEngine.runScriptAsRawText(ScriptEngine.java:119)
	at com.kms.katalon.core.main.TestCaseExecutor.runScript(TestCaseExecutor.java:339)
	at com.kms.katalon.core.main.TestCaseExecutor.doExecute(TestCaseExecutor.java:330)
	at com.kms.katalon.core.main.TestCaseExecutor.processExecutionPhase(TestCaseExecutor.java:309)
	at com.kms.katalon.core.main.TestCaseExecutor.accessMainPhase(TestCaseExecutor.java:301)
	at com.kms.katalon.core.main.TestCaseExecutor.execute(TestCaseExecutor.java:235)
	at com.kms.katalon.core.main.TestCaseMain.runTestCase(TestCaseMain.java:114)
	at com.kms.katalon.core.keyword.builtin.CallTestCaseKeyword$_callTestCase_closure1.doCall(CallTestCaseKeyword.groovy:59)
	... 20 more]]></system-err>
   </testsuite>
</testsuites>
