<?xml version="1.0" encoding="UTF-8"?>
<testsuites name="Transaksi LLG" time="317.465" tests="1" failures="1" errors="0">
   <testsuite name="Transaksi LLG" tests="1" failures="1" errors="0" time="317.465" timestamp="2021-05-05 10:22:44" hostname="admin2 - 192.168.43.6" id="Test Suites/Test Suites Payment Maker/Transaksi Domestic Transfer/Transaksi LLG">
      <properties>
         <property name="deviceName" value="iPhone"/>
         <property name="devicePlatform" value=""/>
         <property name="logFolder" value="/Users/admin2/Katalon Studio/Automation Test Velocity Mobile on ios/Reports/20210505_102234/Test Suites Payment Maker/Transaksi Domestic Transfer/Transaksi LLG/20210505_102234"/>
         <property name="logFiles" value="/Users/admin2/Katalon Studio/Automation Test Velocity Mobile on ios/Reports/20210505_102234/Test Suites Payment Maker/Transaksi Domestic Transfer/Transaksi LLG/20210505_102234/execution0.log, /Users/admin2/Katalon Studio/Automation Test Velocity Mobile on ios/Reports/20210505_102234/Test Suites Payment Maker/Transaksi Domestic Transfer/Transaksi LLG/20210505_102234/appium.log, /Users/admin2/Katalon Studio/Automation Test Velocity Mobile on ios/Reports/20210505_102234/Test Suites Payment Maker/Transaksi Domestic Transfer/Transaksi LLG/20210505_102234/appium-proxy-server.log"/>
         <property name="attachments" value="/Users/admin2/Katalon Studio/Automation Test Velocity Mobile on ios/Reports/20210505_102234/Test Suites Payment Maker/Transaksi Domestic Transfer/Transaksi LLG/20210505_102234/1620185280219.png, /Users/admin2/Katalon Studio/Automation Test Velocity Mobile on ios/Reports/20210505_102234/Test Suites Payment Maker/Transaksi Domestic Transfer/Transaksi LLG/20210505_102234/1620185280523.png"/>
         <property name="hostName" value="admin2 - 192.168.43.6"/>
         <property name="os" value="Mac OS X 64bit"/>
         <property name="appiumServerStatus" value="{&quot;value&quot;:{&quot;build&quot;:{&quot;version&quot;:&quot;1.20.2&quot;}},&quot;sessionId&quot;:null,&quot;status&quot;:0}"/>
         <property name="katalonVersion" value="7.7.2.205"/>
         <property name="deviceOS" value="iOS"/>
         <property name="appiumVersion" value="1.20.2"/>
         <property name="deviceModel" value="iPhone11,8"/>
         <property name="hostAddress" value="192.168.43.6"/>
         <property name="deviceManufacturer" value="Apple"/>
         <property name="deviceId" value="00008020-000A0C383C69002E"/>
         <property name="deviceName" value="iPhone"/>
         <property name="deviceOSVersion" value="14.4"/>
      </properties>
      <testcase name="Test Cases/Menu - Transaction/SGL ACC/Scenario/Fund Transfer/Domestic Transfer/Test Automation LLG IDR - IDR Weekly" time="316.049" classname="Test Cases/Menu - Transaction/SGL ACC/Scenario/Fund Transfer/Domestic Transfer/Test Automation LLG IDR - IDR Weekly" status="FAILED">
         <failure type="FAILED" message="Test Cases/Menu - Transaction/SGL ACC/Scenario/Fund Transfer/Domestic Transfer/Test Automation LLG IDR - IDR Weekly FAILED.
Reason:
com.kms.katalon.core.exception.StepFailedException: Call Test Case 'Test Cases/Menu - Transaction/SGL ACC/Case/Fund Transfer/Domestic Transfer/Test Automation LLG IDR - IDR Weekly' failed
	at com.kms.katalon.core.keyword.builtin.CallTestCaseKeyword$_callTestCase_closure1.doCall(CallTestCaseKeyword.groovy:63)
	at com.kms.katalon.core.keyword.builtin.CallTestCaseKeyword$_callTestCase_closure1.call(CallTestCaseKeyword.groovy)
	at com.kms.katalon.core.keyword.internal.KeywordMain.runKeyword(KeywordMain.groovy:68)
	at com.kms.katalon.core.keyword.builtin.CallTestCaseKeyword.callTestCase(CallTestCaseKeyword.groovy:81)
	at com.kms.katalon.core.keyword.builtin.CallTestCaseKeyword.execute(CallTestCaseKeyword.groovy:44)
	at com.kms.katalon.core.keyword.internal.KeywordExecutor.executeKeywordForPlatform(KeywordExecutor.groovy:73)
	at com.kms.katalon.core.keyword.BuiltinKeywords.callTestCase(BuiltinKeywords.groovy:334)
	at Test Automation LLG IDR - IDR Weekly.run(Test Automation LLG IDR - IDR Weekly:20)
	at com.kms.katalon.core.main.ScriptEngine.run(ScriptEngine.java:194)
	at com.kms.katalon.core.main.ScriptEngine.runScriptAsRawText(ScriptEngine.java:119)
	at com.kms.katalon.core.main.TestCaseExecutor.runScript(TestCaseExecutor.java:339)
	at com.kms.katalon.core.main.TestCaseExecutor.doExecute(TestCaseExecutor.java:330)
	at com.kms.katalon.core.main.TestCaseExecutor.processExecutionPhase(TestCaseExecutor.java:309)
	at com.kms.katalon.core.main.TestCaseExecutor.accessMainPhase(TestCaseExecutor.java:301)
	at com.kms.katalon.core.main.TestCaseExecutor.execute(TestCaseExecutor.java:235)
	at com.kms.katalon.core.main.TestSuiteExecutor.accessTestCaseMainPhase(TestSuiteExecutor.java:191)
	at com.kms.katalon.core.main.TestSuiteExecutor.accessTestSuiteMainPhase(TestSuiteExecutor.java:141)
	at com.kms.katalon.core.main.TestSuiteExecutor.execute(TestSuiteExecutor.java:90)
	at com.kms.katalon.core.main.TestCaseMain.startTestSuite(TestCaseMain.java:157)
	at com.kms.katalon.core.main.TestCaseMain$startTestSuite$0.call(Unknown Source)
	at TempTestSuite1620184954580.run(TempTestSuite1620184954580.groovy:39)
Caused by: com.kms.katalon.core.exception.StepFailedException: Object Object Repository/Velocity Mobile/XCUIElementTypeOther (19) not found
	at com.kms.katalon.core.keyword.internal.KeywordMain.stepFailed(KeywordMain.groovy:50)
	at com.kms.katalon.core.mobile.keyword.internal.MobileKeywordMain.stepFailed(MobileKeywordMain.groovy:40)
	at com.kms.katalon.core.mobile.keyword.builtin.SetTextKeyword$_setText_closure1.doCall(SetTextKeyword.groovy:76)
	at com.kms.katalon.core.mobile.keyword.builtin.SetTextKeyword$_setText_closure1.call(SetTextKeyword.groovy)
	at com.kms.katalon.core.mobile.keyword.internal.MobileKeywordMain.runKeyword(MobileKeywordMain.groovy:21)
	at com.kms.katalon.core.mobile.keyword.builtin.SetTextKeyword.setText(SetTextKeyword.groovy:83)
	at com.kms.katalon.core.mobile.keyword.builtin.SetTextKeyword.execute(SetTextKeyword.groovy:66)
	at com.kms.katalon.core.keyword.internal.KeywordExecutor.executeKeywordForPlatform(KeywordExecutor.groovy:73)
	at com.kms.katalon.core.mobile.keyword.MobileBuiltInKeywords.setText(MobileBuiltInKeywords.groovy:492)
	at com.kms.katalon.core.mobile.keyword.MobileBuiltInKeywords$setText$1.call(Unknown Source)
	at Test Automation LLG IDR - IDR Weekly.run(Test Automation LLG IDR - IDR Weekly:140)
	at com.kms.katalon.core.main.ScriptEngine.run(ScriptEngine.java:194)
	at com.kms.katalon.core.main.ScriptEngine.runScriptAsRawText(ScriptEngine.java:119)
	at com.kms.katalon.core.main.TestCaseExecutor.runScript(TestCaseExecutor.java:339)
	at com.kms.katalon.core.main.TestCaseExecutor.doExecute(TestCaseExecutor.java:330)
	at com.kms.katalon.core.main.TestCaseExecutor.processExecutionPhase(TestCaseExecutor.java:309)
	at com.kms.katalon.core.main.TestCaseExecutor.accessMainPhase(TestCaseExecutor.java:301)
	at com.kms.katalon.core.main.TestCaseExecutor.execute(TestCaseExecutor.java:235)
	at com.kms.katalon.core.main.TestCaseMain.runTestCase(TestCaseMain.java:114)
	at com.kms.katalon.core.keyword.builtin.CallTestCaseKeyword$_callTestCase_closure1.doCall(CallTestCaseKeyword.groovy:59)
	... 20 more
"/>
         <system-out><![CDATA[2021-05-05 10:22:44 - [TEST_CASE][FAILED] - Test Cases/Menu - Transaction/SGL ACC/Scenario/Fund Transfer/Domestic Transfer/Test Automation LLG IDR - IDR Weekly: Test Cases/Menu - Transaction/SGL ACC/Scenario/Fund Transfer/Domestic Transfer/Test Automation LLG IDR - IDR Weekly FAILED.
Reason:
com.kms.katalon.core.exception.StepFailedException: Call Test Case 'Test Cases/Menu - Transaction/SGL ACC/Case/Fund Transfer/Domestic Transfer/Test Automation LLG IDR - IDR Weekly' failed
	at com.kms.katalon.core.keyword.builtin.CallTestCaseKeyword$_callTestCase_closure1.doCall(CallTestCaseKeyword.groovy:63)
	at com.kms.katalon.core.keyword.builtin.CallTestCaseKeyword$_callTestCase_closure1.call(CallTestCaseKeyword.groovy)
	at com.kms.katalon.core.keyword.internal.KeywordMain.runKeyword(KeywordMain.groovy:68)
	at com.kms.katalon.core.keyword.builtin.CallTestCaseKeyword.callTestCase(CallTestCaseKeyword.groovy:81)
	at com.kms.katalon.core.keyword.builtin.CallTestCaseKeyword.execute(CallTestCaseKeyword.groovy:44)
	at com.kms.katalon.core.keyword.internal.KeywordExecutor.executeKeywordForPlatform(KeywordExecutor.groovy:73)
	at com.kms.katalon.core.keyword.BuiltinKeywords.callTestCase(BuiltinKeywords.groovy:334)
	at Test Automation LLG IDR - IDR Weekly.run(Test Automation LLG IDR - IDR Weekly:20)
	at com.kms.katalon.core.main.ScriptEngine.run(ScriptEngine.java:194)
	at com.kms.katalon.core.main.ScriptEngine.runScriptAsRawText(ScriptEngine.java:119)
	at com.kms.katalon.core.main.TestCaseExecutor.runScript(TestCaseExecutor.java:339)
	at com.kms.katalon.core.main.TestCaseExecutor.doExecute(TestCaseExecutor.java:330)
	at com.kms.katalon.core.main.TestCaseExecutor.processExecutionPhase(TestCaseExecutor.java:309)
	at com.kms.katalon.core.main.TestCaseExecutor.accessMainPhase(TestCaseExecutor.java:301)
	at com.kms.katalon.core.main.TestCaseExecutor.execute(TestCaseExecutor.java:235)
	at com.kms.katalon.core.main.TestSuiteExecutor.accessTestCaseMainPhase(TestSuiteExecutor.java:191)
	at com.kms.katalon.core.main.TestSuiteExecutor.accessTestSuiteMainPhase(TestSuiteExecutor.java:141)
	at com.kms.katalon.core.main.TestSuiteExecutor.execute(TestSuiteExecutor.java:90)
	at com.kms.katalon.core.main.TestCaseMain.startTestSuite(TestCaseMain.java:157)
	at com.kms.katalon.core.main.TestCaseMain$startTestSuite$0.call(Unknown Source)
	at TempTestSuite1620184954580.run(TempTestSuite1620184954580.groovy:39)
Caused by: com.kms.katalon.core.exception.StepFailedException: Object Object Repository/Velocity Mobile/XCUIElementTypeOther (19) not found
	at com.kms.katalon.core.keyword.internal.KeywordMain.stepFailed(KeywordMain.groovy:50)
	at com.kms.katalon.core.mobile.keyword.internal.MobileKeywordMain.stepFailed(MobileKeywordMain.groovy:40)
	at com.kms.katalon.core.mobile.keyword.builtin.SetTextKeyword$_setText_closure1.doCall(SetTextKeyword.groovy:76)
	at com.kms.katalon.core.mobile.keyword.builtin.SetTextKeyword$_setText_closure1.call(SetTextKeyword.groovy)
	at com.kms.katalon.core.mobile.keyword.internal.MobileKeywordMain.runKeyword(MobileKeywordMain.groovy:21)
	at com.kms.katalon.core.mobile.keyword.builtin.SetTextKeyword.setText(SetTextKeyword.groovy:83)
	at com.kms.katalon.core.mobile.keyword.builtin.SetTextKeyword.execute(SetTextKeyword.groovy:66)
	at com.kms.katalon.core.keyword.internal.KeywordExecutor.executeKeywordForPlatform(KeywordExecutor.groovy:73)
	at com.kms.katalon.core.mobile.keyword.MobileBuiltInKeywords.setText(MobileBuiltInKeywords.groovy:492)
	at com.kms.katalon.core.mobile.keyword.MobileBuiltInKeywords$setText$1.call(Unknown Source)
	at Test Automation LLG IDR - IDR Weekly.run(Test Automation LLG IDR - IDR Weekly:140)
	at com.kms.katalon.core.main.ScriptEngine.run(ScriptEngine.java:194)
	at com.kms.katalon.core.main.ScriptEngine.runScriptAsRawText(ScriptEngine.java:119)
	at com.kms.katalon.core.main.TestCaseExecutor.runScript(TestCaseExecutor.java:339)
	at com.kms.katalon.core.main.TestCaseExecutor.doExecute(TestCaseExecutor.java:330)
	at com.kms.katalon.core.main.TestCaseExecutor.processExecutionPhase(TestCaseExecutor.java:309)
	at com.kms.katalon.core.main.TestCaseExecutor.accessMainPhase(TestCaseExecutor.java:301)
	at com.kms.katalon.core.main.TestCaseExecutor.execute(TestCaseExecutor.java:235)
	at com.kms.katalon.core.main.TestCaseMain.runTestCase(TestCaseMain.java:114)
	at com.kms.katalon.core.keyword.builtin.CallTestCaseKeyword$_callTestCase_closure1.doCall(CallTestCaseKeyword.groovy:59)
	... 20 more


2021-05-05 10:22:44 - [TEST_STEP][PASSED] - callTestCase(findTestCase("Login/Test Automation Login Existing"), [:], STOP_ON_FAILURE): Call Test Case 'Test Cases/Login/Test Automation Login Existing' successfully

2021-05-05 10:22:44 - [TEST_CASE][PASSED] - Test Cases/Login/Test Automation Login Existing: Test Cases/Login/Test Automation Login Existing

2021-05-05 10:22:45 - [TEST_STEP][PASSED] - startApplication(G_iOSApp, false): Started app at: '/Users/admin2/Downloads/Velocity Mobile (2).ipa'

2021-05-05 10:22:55 - [MESSAGE][WARNING] - Failed to start ios_webkit_debug_proxy on default port 27753

2021-05-05 10:22:56 - [MESSAGE][INFO] - Appium server started on port 54,149

2021-05-05 10:23:09 - [MESSAGE][PASSED] - Started app at: '/Users/admin2/Downloads/Velocity Mobile (2).ipa'

2021-05-05 10:23:09 - [TEST_STEP][PASSED] - tap(findTestObject("Object Repository/Velocity Mobile/XCUIElementTypeButton - Not Now (9)"), G_Timeout): Tapped on element 'Object Repository/Velocity Mobile/XCUIElementTypeButton - Not Now (9)'

2021-05-05 10:23:09 - [MESSAGE][WARNING] - Timeout '0' is invalid. Using default page load timeout: '30'

2021-05-05 10:23:11 - [MESSAGE][PASSED] - Tapped on element 'Object Repository/Velocity Mobile/XCUIElementTypeButton - Not Now (9)'

2021-05-05 10:23:11 - [TEST_STEP][PASSED] - tap(findTestObject("Object Repository/Velocity Mobile/XCUIElementTypeButton - LOGIN (14)"), G_Timeout): Tapped on element 'Object Repository/Velocity Mobile/XCUIElementTypeButton - LOGIN (14)'

2021-05-05 10:23:11 - [MESSAGE][WARNING] - Timeout '0' is invalid. Using default page load timeout: '30'

2021-05-05 10:23:13 - [MESSAGE][PASSED] - Tapped on element 'Object Repository/Velocity Mobile/XCUIElementTypeButton - LOGIN (14)'

2021-05-05 10:23:13 - [TEST_STEP][PASSED] - setText(findTestObject("Object Repository/Velocity Mobile/XCUIElementTypeSecureTextField - Input Password (9)"), G_Password, G_Timeout): Text '123456789012' has been set to element 'Object Repository/Velocity Mobile/XCUIElementTypeSecureTextField - Input Password (9)'

2021-05-05 10:23:13 - [MESSAGE][WARNING] - Timeout '0' is invalid. Using default page load timeout: '30'

2021-05-05 10:23:14 - [MESSAGE][PASSED] - Text '123456789012' has been set to element 'Object Repository/Velocity Mobile/XCUIElementTypeSecureTextField - Input Password (9)'

2021-05-05 10:23:14 - [TEST_STEP][PASSED] - tap(findTestObject("Object Repository/Velocity Mobile/XCUIElementTypeButton - LOGIN (15)"), G_Timeout): Tapped on element 'Object Repository/Velocity Mobile/XCUIElementTypeButton - LOGIN (15)'

2021-05-05 10:23:14 - [MESSAGE][WARNING] - Timeout '0' is invalid. Using default page load timeout: '30'

2021-05-05 10:23:14 - [MESSAGE][PASSED] - Tapped on element 'Object Repository/Velocity Mobile/XCUIElementTypeButton - LOGIN (15)'

2021-05-05 10:23:14 - [TEST_STEP][PASSED] - tap(findTestObject("Object Repository/Velocity Mobile/XCUIElementTypeButton - Done (11)"), G_Timeout): Tapped on element 'Object Repository/Velocity Mobile/XCUIElementTypeButton - Done (11)'

2021-05-05 10:23:14 - [MESSAGE][WARNING] - Timeout '0' is invalid. Using default page load timeout: '30'

2021-05-05 10:23:16 - [MESSAGE][PASSED] - Tapped on element 'Object Repository/Velocity Mobile/XCUIElementTypeButton - Done (11)'

2021-05-05 10:23:16 - [TEST_STEP][PASSED] - tap(findTestObject("Object Repository/Velocity Mobile/XCUIElementTypeButton - LOGIN (16)"), G_Timeout): Tapped on element 'Object Repository/Velocity Mobile/XCUIElementTypeButton - LOGIN (16)'

2021-05-05 10:23:16 - [MESSAGE][WARNING] - Timeout '0' is invalid. Using default page load timeout: '30'

2021-05-05 10:23:17 - [MESSAGE][PASSED] - Tapped on element 'Object Repository/Velocity Mobile/XCUIElementTypeButton - LOGIN (16)'

2021-05-05 10:23:17 - [TEST_STEP][PASSED] - delay(15): Delayed 15 second(s)

2021-05-05 10:23:32 - [MESSAGE][PASSED] - Delayed 15 second(s)

2021-05-05 10:23:32 - [MESSAGE][PASSED] - Call Test Case 'Test Cases/Login/Test Automation Login Existing' successfully

2021-05-05 10:23:32 - [TEST_STEP][FAILED] - callTestCase(findTestCase("Menu - Transaction/SGL ACC/Case/Fund Transfer/Domestic Transfer/Test Automation LLG IDR - IDR Weekly"), [:], STOP_ON_FAILURE): Unable to call Test Case 'Test Cases/Menu - Transaction/SGL ACC/Case/Fund Transfer/Domestic Transfer/Test Automation LLG IDR - IDR Weekly' (Root cause: com.kms.katalon.core.exception.StepFailedException: Call Test Case 'Test Cases/Menu - Transaction/SGL ACC/Case/Fund Transfer/Domestic Transfer/Test Automation LLG IDR - IDR Weekly' failed
	at com.kms.katalon.core.keyword.builtin.CallTestCaseKeyword$_callTestCase_closure1.doCall(CallTestCaseKeyword.groovy:63)
	at com.kms.katalon.core.keyword.builtin.CallTestCaseKeyword$_callTestCase_closure1.call(CallTestCaseKeyword.groovy)
	at com.kms.katalon.core.keyword.internal.KeywordMain.runKeyword(KeywordMain.groovy:68)
	at com.kms.katalon.core.keyword.builtin.CallTestCaseKeyword.callTestCase(CallTestCaseKeyword.groovy:81)
	at com.kms.katalon.core.keyword.builtin.CallTestCaseKeyword.execute(CallTestCaseKeyword.groovy:44)
	at com.kms.katalon.core.keyword.internal.KeywordExecutor.executeKeywordForPlatform(KeywordExecutor.groovy:73)
	at com.kms.katalon.core.keyword.BuiltinKeywords.callTestCase(BuiltinKeywords.groovy:334)
	at Test Automation LLG IDR - IDR Weekly.run(Test Automation LLG IDR - IDR Weekly:20)
	at com.kms.katalon.core.main.ScriptEngine.run(ScriptEngine.java:194)
	at com.kms.katalon.core.main.ScriptEngine.runScriptAsRawText(ScriptEngine.java:119)
	at com.kms.katalon.core.main.TestCaseExecutor.runScript(TestCaseExecutor.java:339)
	at com.kms.katalon.core.main.TestCaseExecutor.doExecute(TestCaseExecutor.java:330)
	at com.kms.katalon.core.main.TestCaseExecutor.processExecutionPhase(TestCaseExecutor.java:309)
	at com.kms.katalon.core.main.TestCaseExecutor.accessMainPhase(TestCaseExecutor.java:301)
	at com.kms.katalon.core.main.TestCaseExecutor.execute(TestCaseExecutor.java:235)
	at com.kms.katalon.core.main.TestSuiteExecutor.accessTestCaseMainPhase(TestSuiteExecutor.java:191)
	at com.kms.katalon.core.main.TestSuiteExecutor.accessTestSuiteMainPhase(TestSuiteExecutor.java:141)
	at com.kms.katalon.core.main.TestSuiteExecutor.execute(TestSuiteExecutor.java:90)
	at com.kms.katalon.core.main.TestCaseMain.startTestSuite(TestCaseMain.java:157)
	at com.kms.katalon.core.main.TestCaseMain$startTestSuite$0.call(Unknown Source)
	at TempTestSuite1620184954580.run(TempTestSuite1620184954580.groovy:39)
Caused by: com.kms.katalon.core.exception.StepFailedException: Object Object Repository/Velocity Mobile/XCUIElementTypeOther (19) not found
	at com.kms.katalon.core.keyword.internal.KeywordMain.stepFailed(KeywordMain.groovy:50)
	at com.kms.katalon.core.mobile.keyword.internal.MobileKeywordMain.stepFailed(MobileKeywordMain.groovy:40)
	at com.kms.katalon.core.mobile.keyword.builtin.SetTextKeyword$_setText_closure1.doCall(SetTextKeyword.groovy:76)
	at com.kms.katalon.core.mobile.keyword.builtin.SetTextKeyword$_setText_closure1.call(SetTextKeyword.groovy)
	at com.kms.katalon.core.mobile.keyword.internal.MobileKeywordMain.runKeyword(MobileKeywordMain.groovy:21)
	at com.kms.katalon.core.mobile.keyword.builtin.SetTextKeyword.setText(SetTextKeyword.groovy:83)
	at com.kms.katalon.core.mobile.keyword.builtin.SetTextKeyword.execute(SetTextKeyword.groovy:66)
	at com.kms.katalon.core.keyword.internal.KeywordExecutor.executeKeywordForPlatform(KeywordExecutor.groovy:73)
	at com.kms.katalon.core.mobile.keyword.MobileBuiltInKeywords.setText(MobileBuiltInKeywords.groovy:492)
	at com.kms.katalon.core.mobile.keyword.MobileBuiltInKeywords$setText$1.call(Unknown Source)
	at Test Automation LLG IDR - IDR Weekly.run(Test Automation LLG IDR - IDR Weekly:140)
	at com.kms.katalon.core.main.ScriptEngine.run(ScriptEngine.java:194)
	at com.kms.katalon.core.main.ScriptEngine.runScriptAsRawText(ScriptEngine.java:119)
	at com.kms.katalon.core.main.TestCaseExecutor.runScript(TestCaseExecutor.java:339)
	at com.kms.katalon.core.main.TestCaseExecutor.doExecute(TestCaseExecutor.java:330)
	at com.kms.katalon.core.main.TestCaseExecutor.processExecutionPhase(TestCaseExecutor.java:309)
	at com.kms.katalon.core.main.TestCaseExecutor.accessMainPhase(TestCaseExecutor.java:301)
	at com.kms.katalon.core.main.TestCaseExecutor.execute(TestCaseExecutor.java:235)
	at com.kms.katalon.core.main.TestCaseMain.runTestCase(TestCaseMain.java:114)
	at com.kms.katalon.core.keyword.builtin.CallTestCaseKeyword$_callTestCase_closure1.doCall(CallTestCaseKeyword.groovy:59)
	... 20 more
)

2021-05-05 10:23:32 - [TEST_CASE][FAILED] - Test Cases/Menu - Transaction/SGL ACC/Case/Fund Transfer/Domestic Transfer/Test Automation LLG IDR - IDR Weekly: Test Cases/Menu - Transaction/SGL ACC/Case/Fund Transfer/Domestic Transfer/Test Automation LLG IDR - IDR Weekly FAILED.
Reason:
com.kms.katalon.core.exception.StepFailedException: Object Object Repository/Velocity Mobile/XCUIElementTypeOther (19) not found
	at com.kms.katalon.core.keyword.internal.KeywordMain.stepFailed(KeywordMain.groovy:50)
	at com.kms.katalon.core.mobile.keyword.internal.MobileKeywordMain.stepFailed(MobileKeywordMain.groovy:40)
	at com.kms.katalon.core.mobile.keyword.builtin.SetTextKeyword$_setText_closure1.doCall(SetTextKeyword.groovy:76)
	at com.kms.katalon.core.mobile.keyword.builtin.SetTextKeyword$_setText_closure1.call(SetTextKeyword.groovy)
	at com.kms.katalon.core.mobile.keyword.internal.MobileKeywordMain.runKeyword(MobileKeywordMain.groovy:21)
	at com.kms.katalon.core.mobile.keyword.builtin.SetTextKeyword.setText(SetTextKeyword.groovy:83)
	at com.kms.katalon.core.mobile.keyword.builtin.SetTextKeyword.execute(SetTextKeyword.groovy:66)
	at com.kms.katalon.core.keyword.internal.KeywordExecutor.executeKeywordForPlatform(KeywordExecutor.groovy:73)
	at com.kms.katalon.core.mobile.keyword.MobileBuiltInKeywords.setText(MobileBuiltInKeywords.groovy:492)
	at com.kms.katalon.core.mobile.keyword.MobileBuiltInKeywords$setText$1.call(Unknown Source)
	at Test Automation LLG IDR - IDR Weekly.run(Test Automation LLG IDR - IDR Weekly:140)
	at com.kms.katalon.core.main.ScriptEngine.run(ScriptEngine.java:194)
	at com.kms.katalon.core.main.ScriptEngine.runScriptAsRawText(ScriptEngine.java:119)
	at com.kms.katalon.core.main.TestCaseExecutor.runScript(TestCaseExecutor.java:339)
	at com.kms.katalon.core.main.TestCaseExecutor.doExecute(TestCaseExecutor.java:330)
	at com.kms.katalon.core.main.TestCaseExecutor.processExecutionPhase(TestCaseExecutor.java:309)
	at com.kms.katalon.core.main.TestCaseExecutor.accessMainPhase(TestCaseExecutor.java:301)
	at com.kms.katalon.core.main.TestCaseExecutor.execute(TestCaseExecutor.java:235)
	at com.kms.katalon.core.main.TestCaseMain.runTestCase(TestCaseMain.java:114)
	at com.kms.katalon.core.keyword.builtin.CallTestCaseKeyword$_callTestCase_closure1.doCall(CallTestCaseKeyword.groovy:59)
	at com.kms.katalon.core.keyword.builtin.CallTestCaseKeyword$_callTestCase_closure1.call(CallTestCaseKeyword.groovy)
	at com.kms.katalon.core.keyword.internal.KeywordMain.runKeyword(KeywordMain.groovy:68)
	at com.kms.katalon.core.keyword.builtin.CallTestCaseKeyword.callTestCase(CallTestCaseKeyword.groovy:81)
	at com.kms.katalon.core.keyword.builtin.CallTestCaseKeyword.execute(CallTestCaseKeyword.groovy:44)
	at com.kms.katalon.core.keyword.internal.KeywordExecutor.executeKeywordForPlatform(KeywordExecutor.groovy:73)
	at com.kms.katalon.core.keyword.BuiltinKeywords.callTestCase(BuiltinKeywords.groovy:334)
	at Test Automation LLG IDR - IDR Weekly.run(Test Automation LLG IDR - IDR Weekly:20)
	at com.kms.katalon.core.main.ScriptEngine.run(ScriptEngine.java:194)
	at com.kms.katalon.core.main.ScriptEngine.runScriptAsRawText(ScriptEngine.java:119)
	at com.kms.katalon.core.main.TestCaseExecutor.runScript(TestCaseExecutor.java:339)
	at com.kms.katalon.core.main.TestCaseExecutor.doExecute(TestCaseExecutor.java:330)
	at com.kms.katalon.core.main.TestCaseExecutor.processExecutionPhase(TestCaseExecutor.java:309)
	at com.kms.katalon.core.main.TestCaseExecutor.accessMainPhase(TestCaseExecutor.java:301)
	at com.kms.katalon.core.main.TestCaseExecutor.execute(TestCaseExecutor.java:235)
	at com.kms.katalon.core.main.TestSuiteExecutor.accessTestCaseMainPhase(TestSuiteExecutor.java:191)
	at com.kms.katalon.core.main.TestSuiteExecutor.accessTestSuiteMainPhase(TestSuiteExecutor.java:141)
	at com.kms.katalon.core.main.TestSuiteExecutor.execute(TestSuiteExecutor.java:90)
	at com.kms.katalon.core.main.TestCaseMain.startTestSuite(TestCaseMain.java:157)
	at com.kms.katalon.core.main.TestCaseMain$startTestSuite$0.call(Unknown Source)
	at TempTestSuite1620184954580.run(TempTestSuite1620184954580.groovy:39)


2021-05-05 10:23:32 - [TEST_STEP][PASSED] - tap(findTestObject("Object Repository/Velocity Mobile/XCUIElementTypeWindow (45)"), 0): Tapped on element 'Object Repository/Velocity Mobile/XCUIElementTypeWindow (45)'

2021-05-05 10:23:32 - [MESSAGE][WARNING] - Timeout '0' is invalid. Using default page load timeout: '30'

2021-05-05 10:23:34 - [MESSAGE][PASSED] - Tapped on element 'Object Repository/Velocity Mobile/XCUIElementTypeWindow (45)'

2021-05-05 10:23:34 - [TEST_STEP][PASSED] - tap(findTestObject("Object Repository/Velocity Mobile/XCUIElementTypeImage (61)"), 0): Tapped on element 'Object Repository/Velocity Mobile/XCUIElementTypeImage (61)'

2021-05-05 10:23:34 - [MESSAGE][WARNING] - Timeout '0' is invalid. Using default page load timeout: '30'

2021-05-05 10:23:36 - [MESSAGE][PASSED] - Tapped on element 'Object Repository/Velocity Mobile/XCUIElementTypeImage (61)'

2021-05-05 10:23:36 - [TEST_STEP][PASSED] - delay(15): Delayed 15 second(s)

2021-05-05 10:23:51 - [MESSAGE][PASSED] - Delayed 15 second(s)

2021-05-05 10:23:51 - [TEST_STEP][PASSED] - tap(findTestObject("Object Repository/Velocity Mobile/XCUIElementTypeStaticText - Transactions (4)"), 0): Tapped on element 'Object Repository/Velocity Mobile/XCUIElementTypeStaticText - Transactions (4)'

2021-05-05 10:23:51 - [MESSAGE][WARNING] - Timeout '0' is invalid. Using default page load timeout: '30'

2021-05-05 10:23:53 - [MESSAGE][PASSED] - Tapped on element 'Object Repository/Velocity Mobile/XCUIElementTypeStaticText - Transactions (4)'

2021-05-05 10:23:53 - [TEST_STEP][PASSED] - tap(findTestObject("Object Repository/Velocity Mobile/XCUIElementTypeStaticText - Fund Transfer (2)"), 0): Tapped on element 'Object Repository/Velocity Mobile/XCUIElementTypeStaticText - Fund Transfer (2)'

2021-05-05 10:23:53 - [MESSAGE][WARNING] - Timeout '0' is invalid. Using default page load timeout: '30'

2021-05-05 10:24:17 - [MESSAGE][PASSED] - Tapped on element 'Object Repository/Velocity Mobile/XCUIElementTypeStaticText - Fund Transfer (2)'

2021-05-05 10:24:17 - [TEST_STEP][PASSED] - delay(10): Delayed 10 second(s)

2021-05-05 10:24:27 - [MESSAGE][PASSED] - Delayed 10 second(s)

2021-05-05 10:24:27 - [TEST_STEP][PASSED] - tap(findTestObject("Object Repository/Velocity Mobile/XCUIElementTypeStaticText - Domestic Transfer (1)"), 0): Tapped on element 'Object Repository/Velocity Mobile/XCUIElementTypeStaticText - Domestic Transfer (1)'

2021-05-05 10:24:27 - [MESSAGE][WARNING] - Timeout '0' is invalid. Using default page load timeout: '30'

2021-05-05 10:24:28 - [MESSAGE][PASSED] - Tapped on element 'Object Repository/Velocity Mobile/XCUIElementTypeStaticText - Domestic Transfer (1)'

2021-05-05 10:24:28 - [TEST_STEP][PASSED] - delay(15): Delayed 15 second(s)

2021-05-05 10:24:43 - [MESSAGE][PASSED] - Delayed 15 second(s)

2021-05-05 10:24:43 - [TEST_STEP][PASSED] - tap(findTestObject("Object Repository/Velocity Mobile/XCUIElementTypeStaticText - LLG (1)"), 0): Tapped on element 'Object Repository/Velocity Mobile/XCUIElementTypeStaticText - LLG (1)'

2021-05-05 10:24:43 - [MESSAGE][WARNING] - Timeout '0' is invalid. Using default page load timeout: '30'

2021-05-05 10:24:44 - [MESSAGE][PASSED] - Tapped on element 'Object Repository/Velocity Mobile/XCUIElementTypeStaticText - LLG (1)'

2021-05-05 10:24:44 - [TEST_STEP][PASSED] - tap(findTestObject("Object Repository/Velocity Mobile/XCUIElementTypeWindow (57)"), 0): Tapped on element 'Object Repository/Velocity Mobile/XCUIElementTypeWindow (57)'

2021-05-05 10:24:44 - [MESSAGE][WARNING] - Timeout '0' is invalid. Using default page load timeout: '30'

2021-05-05 10:24:44 - [MESSAGE][PASSED] - Tapped on element 'Object Repository/Velocity Mobile/XCUIElementTypeWindow (57)'

2021-05-05 10:24:44 - [TEST_STEP][PASSED] - delay(15): Delayed 15 second(s)

2021-05-05 10:24:59 - [MESSAGE][PASSED] - Delayed 15 second(s)

2021-05-05 10:24:59 - [TEST_STEP][PASSED] - tap(findTestObject("Object Repository/Velocity Mobile/XCUIElementTypeButton (18)"), 0): Tapped on element 'Object Repository/Velocity Mobile/XCUIElementTypeButton (18)'

2021-05-05 10:24:59 - [MESSAGE][WARNING] - Timeout '0' is invalid. Using default page load timeout: '30'

2021-05-05 10:25:00 - [MESSAGE][PASSED] - Tapped on element 'Object Repository/Velocity Mobile/XCUIElementTypeButton (18)'

2021-05-05 10:25:00 - [TEST_STEP][PASSED] - tap(findTestObject("Object Repository/Velocity Mobile/XCUIElementTypeWindow (57)"), 0): Tapped on element 'Object Repository/Velocity Mobile/XCUIElementTypeWindow (57)'

2021-05-05 10:25:00 - [MESSAGE][WARNING] - Timeout '0' is invalid. Using default page load timeout: '30'

2021-05-05 10:25:01 - [MESSAGE][PASSED] - Tapped on element 'Object Repository/Velocity Mobile/XCUIElementTypeWindow (57)'

2021-05-05 10:25:01 - [TEST_STEP][PASSED] - delay(10): Delayed 10 second(s)

2021-05-05 10:25:11 - [MESSAGE][PASSED] - Delayed 10 second(s)

2021-05-05 10:25:11 - [TEST_STEP][PASSED] - delay(5): Delayed 5 second(s)

2021-05-05 10:25:16 - [MESSAGE][PASSED] - Delayed 5 second(s)

2021-05-05 10:25:16 - [TEST_STEP][PASSED] - setText(findTestObject("Object Repository/Velocity Mobile/XCUIElementTypeSearchField - Type here to search (13)"), G_Debit, 0): Text '010800001900' has been set to element 'Object Repository/Velocity Mobile/XCUIElementTypeSearchField - Type here to search (13)'

2021-05-05 10:25:16 - [MESSAGE][WARNING] - Timeout '0' is invalid. Using default page load timeout: '30'

2021-05-05 10:25:37 - [MESSAGE][PASSED] - Text '010800001900' has been set to element 'Object Repository/Velocity Mobile/XCUIElementTypeSearchField - Type here to search (13)'

2021-05-05 10:25:37 - [TEST_STEP][PASSED] - delay(5): Delayed 5 second(s)

2021-05-05 10:25:42 - [MESSAGE][PASSED] - Delayed 5 second(s)

2021-05-05 10:25:42 - [TEST_STEP][PASSED] - tap(findTestObject("Object Repository/Velocity Mobile/XCUIElementTypeCell (16)"), 0): Tapped on element 'Object Repository/Velocity Mobile/XCUIElementTypeCell (16)'

2021-05-05 10:25:42 - [MESSAGE][WARNING] - Timeout '0' is invalid. Using default page load timeout: '30'

2021-05-05 10:25:43 - [MESSAGE][PASSED] - Tapped on element 'Object Repository/Velocity Mobile/XCUIElementTypeCell (16)'

2021-05-05 10:25:43 - [TEST_STEP][PASSED] - tap(findTestObject("Object Repository/Velocity Mobile/XCUIElementTypeButton (22)"), 0): Tapped on element 'Object Repository/Velocity Mobile/XCUIElementTypeButton (22)'

2021-05-05 10:25:43 - [MESSAGE][WARNING] - Timeout '0' is invalid. Using default page load timeout: '30'

2021-05-05 10:25:44 - [MESSAGE][PASSED] - Tapped on element 'Object Repository/Velocity Mobile/XCUIElementTypeButton (22)'

2021-05-05 10:25:44 - [TEST_STEP][PASSED] - delay(5): Delayed 5 second(s)

2021-05-05 10:25:49 - [MESSAGE][PASSED] - Delayed 5 second(s)

2021-05-05 10:25:49 - [TEST_STEP][PASSED] - tap(findTestObject("Object Repository/Velocity Mobile/XCUIElementTypeStaticText - GIRO FINTECH EDIT"), 0): Tapped on element 'Object Repository/Velocity Mobile/XCUIElementTypeStaticText - GIRO FINTECH EDIT'

2021-05-05 10:25:49 - [MESSAGE][WARNING] - Timeout '0' is invalid. Using default page load timeout: '30'

2021-05-05 10:25:51 - [MESSAGE][PASSED] - Tapped on element 'Object Repository/Velocity Mobile/XCUIElementTypeStaticText - GIRO FINTECH EDIT'

2021-05-05 10:25:51 - [TEST_STEP][PASSED] - delay(5): Delayed 5 second(s)

2021-05-05 10:25:56 - [MESSAGE][PASSED] - Delayed 5 second(s)

2021-05-05 10:25:56 - [TEST_STEP][PASSED] - tap(findTestObject("Object Repository/Velocity Mobile/XCUIElementTypeButton - CONTINUE (11)"), 0): Tapped on element 'Object Repository/Velocity Mobile/XCUIElementTypeButton - CONTINUE (11)'

2021-05-05 10:25:56 - [MESSAGE][WARNING] - Timeout '0' is invalid. Using default page load timeout: '30'

2021-05-05 10:25:57 - [MESSAGE][PASSED] - Tapped on element 'Object Repository/Velocity Mobile/XCUIElementTypeButton - CONTINUE (11)'

2021-05-05 10:25:57 - [TEST_STEP][PASSED] - setText(findTestObject("Object Repository/Velocity Mobile/XCUIElementTypeTextField - Input Amount (6)"), "12312312", 0): Text '12312312' has been set to element 'Object Repository/Velocity Mobile/XCUIElementTypeTextField - Input Amount (6)'

2021-05-05 10:25:57 - [MESSAGE][WARNING] - Timeout '0' is invalid. Using default page load timeout: '30'

2021-05-05 10:25:58 - [MESSAGE][PASSED] - Text '12312312' has been set to element 'Object Repository/Velocity Mobile/XCUIElementTypeTextField - Input Amount (6)'

2021-05-05 10:25:58 - [TEST_STEP][PASSED] - tap(findTestObject("Object Repository/Velocity Mobile/XCUIElementTypeButton - Done (69)"), 0): Tapped on element 'Object Repository/Velocity Mobile/XCUIElementTypeButton - Done (69)'

2021-05-05 10:25:58 - [MESSAGE][WARNING] - Timeout '0' is invalid. Using default page load timeout: '30'

2021-05-05 10:26:00 - [MESSAGE][PASSED] - Tapped on element 'Object Repository/Velocity Mobile/XCUIElementTypeButton - Done (69)'

2021-05-05 10:26:00 - [TEST_STEP][PASSED] - setText(findTestObject("Object Repository/Velocity Mobile/XCUIElementTypeTextField - Input Customer Ref No (3)"), "123123", 0): Text '123123' has been set to element 'Object Repository/Velocity Mobile/XCUIElementTypeTextField - Input Customer Ref No (3)'

2021-05-05 10:26:00 - [MESSAGE][WARNING] - Timeout '0' is invalid. Using default page load timeout: '30'

2021-05-05 10:26:01 - [MESSAGE][PASSED] - Text '123123' has been set to element 'Object Repository/Velocity Mobile/XCUIElementTypeTextField - Input Customer Ref No (3)'

2021-05-05 10:26:01 - [TEST_STEP][PASSED] - tap(findTestObject("Object Repository/Velocity Mobile/XCUIElementTypeButton - Done (69)"), 0): Tapped on element 'Object Repository/Velocity Mobile/XCUIElementTypeButton - Done (69)'

2021-05-05 10:26:01 - [MESSAGE][WARNING] - Timeout '0' is invalid. Using default page load timeout: '30'

2021-05-05 10:26:03 - [MESSAGE][PASSED] - Tapped on element 'Object Repository/Velocity Mobile/XCUIElementTypeButton - Done (69)'

2021-05-05 10:26:03 - [TEST_STEP][PASSED] - setText(findTestObject("Object Repository/Velocity Mobile/XCUIElementTypeTextField - Input Remarks (5)"), "Test Automation Katalon Ios", 0): Text 'Test Automation Katalon Ios' has been set to element 'Object Repository/Velocity Mobile/XCUIElementTypeTextField - Input Remarks (5)'

2021-05-05 10:26:03 - [MESSAGE][WARNING] - Timeout '0' is invalid. Using default page load timeout: '30'

2021-05-05 10:26:05 - [MESSAGE][PASSED] - Text 'Test Automation Katalon Ios' has been set to element 'Object Repository/Velocity Mobile/XCUIElementTypeTextField - Input Remarks (5)'

2021-05-05 10:26:05 - [TEST_STEP][PASSED] - tap(findTestObject("Object Repository/Velocity Mobile/XCUIElementTypeButton - Done (69)"), 0): Tapped on element 'Object Repository/Velocity Mobile/XCUIElementTypeButton - Done (69)'

2021-05-05 10:26:05 - [MESSAGE][WARNING] - Timeout '0' is invalid. Using default page load timeout: '30'

2021-05-05 10:26:06 - [MESSAGE][PASSED] - Tapped on element 'Object Repository/Velocity Mobile/XCUIElementTypeButton - Done (69)'

2021-05-05 10:26:06 - [TEST_STEP][PASSED] - scrollToText("Resident Status"): Scrolling to text 'Resident Status' successfully

2021-05-05 10:26:13 - [MESSAGE][PASSED] - Scrolling to text 'Resident Status' successfully

2021-05-05 10:26:13 - [TEST_STEP][PASSED] - tap(findTestObject("Object Repository/Velocity Mobile/XCUIElementTypeTextField - Choose Resident Status (1)"), 0): Tapped on element 'Object Repository/Velocity Mobile/XCUIElementTypeTextField - Choose Resident Status (1)'

2021-05-05 10:26:13 - [MESSAGE][WARNING] - Timeout '0' is invalid. Using default page load timeout: '30'

2021-05-05 10:26:14 - [MESSAGE][PASSED] - Tapped on element 'Object Repository/Velocity Mobile/XCUIElementTypeTextField - Choose Resident Status (1)'

2021-05-05 10:26:14 - [TEST_STEP][PASSED] - tap(findTestObject("Object Repository/Velocity Mobile/XCUIElementTypeButton - Resident (1)"), 0): Tapped on element 'Object Repository/Velocity Mobile/XCUIElementTypeButton - Resident (1)'

2021-05-05 10:26:14 - [MESSAGE][WARNING] - Timeout '0' is invalid. Using default page load timeout: '30'

2021-05-05 10:26:15 - [MESSAGE][PASSED] - Tapped on element 'Object Repository/Velocity Mobile/XCUIElementTypeButton - Resident (1)'

2021-05-05 10:26:15 - [TEST_STEP][PASSED] - tap(findTestObject("Object Repository/Velocity Mobile/XCUIElementTypeTextField - Choose Beneficiary Category"), 0): Tapped on element 'Object Repository/Velocity Mobile/XCUIElementTypeTextField - Choose Beneficiary Category'

2021-05-05 10:26:15 - [MESSAGE][WARNING] - Timeout '0' is invalid. Using default page load timeout: '30'

2021-05-05 10:26:17 - [MESSAGE][PASSED] - Tapped on element 'Object Repository/Velocity Mobile/XCUIElementTypeTextField - Choose Beneficiary Category'

2021-05-05 10:26:17 - [TEST_STEP][PASSED] - tap(findTestObject("Object Repository/Velocity Mobile/XCUIElementTypeButton - A0-INDIVIDUAL"), 0): Tapped on element 'Object Repository/Velocity Mobile/XCUIElementTypeButton - A0-INDIVIDUAL'

2021-05-05 10:26:17 - [MESSAGE][WARNING] - Timeout '0' is invalid. Using default page load timeout: '30'

2021-05-05 10:26:18 - [MESSAGE][PASSED] - Tapped on element 'Object Repository/Velocity Mobile/XCUIElementTypeButton - A0-INDIVIDUAL'

2021-05-05 10:26:18 - [TEST_STEP][PASSED] - scrollToText("Remitter"): Scrolling to text 'Remitter' successfully

2021-05-05 10:26:20 - [MESSAGE][PASSED] - Scrolling to text 'Remitter' successfully

2021-05-05 10:26:20 - [TEST_STEP][PASSED] - tap(findTestObject("Object Repository/Velocity Mobile/XCUIElementTypeTextField - Choose Remitter Category"), 0): Tapped on element 'Object Repository/Velocity Mobile/XCUIElementTypeTextField - Choose Remitter Category'

2021-05-05 10:26:20 - [MESSAGE][WARNING] - Timeout '0' is invalid. Using default page load timeout: '30'

2021-05-05 10:26:21 - [MESSAGE][PASSED] - Tapped on element 'Object Repository/Velocity Mobile/XCUIElementTypeTextField - Choose Remitter Category'

2021-05-05 10:26:21 - [TEST_STEP][PASSED] - tap(findTestObject("Object Repository/Velocity Mobile/XCUIElementTypeButton - A0-INDIVIDUAL"), 0): Tapped on element 'Object Repository/Velocity Mobile/XCUIElementTypeButton - A0-INDIVIDUAL'

2021-05-05 10:26:21 - [MESSAGE][WARNING] - Timeout '0' is invalid. Using default page load timeout: '30'

2021-05-05 10:26:23 - [MESSAGE][PASSED] - Tapped on element 'Object Repository/Velocity Mobile/XCUIElementTypeButton - A0-INDIVIDUAL'

2021-05-05 10:26:23 - [TEST_STEP][PASSED] - tap(findTestObject("Object Repository/Velocity Mobile/XCUIElementTypeWindow (45)"), 0): Tapped on element 'Object Repository/Velocity Mobile/XCUIElementTypeWindow (45)'

2021-05-05 10:26:23 - [MESSAGE][WARNING] - Timeout '0' is invalid. Using default page load timeout: '30'

2021-05-05 10:26:24 - [MESSAGE][PASSED] - Tapped on element 'Object Repository/Velocity Mobile/XCUIElementTypeWindow (45)'

2021-05-05 10:26:24 - [TEST_STEP][PASSED] - scrollToText("Transfer Frequency"): Scrolling to text 'Transfer Frequency' successfully

2021-05-05 10:26:33 - [MESSAGE][PASSED] - Scrolling to text 'Transfer Frequency' successfully

2021-05-05 10:26:33 - [TEST_STEP][PASSED] - tap(findTestObject("Object Repository/Velocity Mobile/XCUIElementTypeTextField - One Time (6)"), 0): Tapped on element 'Object Repository/Velocity Mobile/XCUIElementTypeTextField - One Time (6)'

2021-05-05 10:26:33 - [MESSAGE][WARNING] - Timeout '0' is invalid. Using default page load timeout: '30'

2021-05-05 10:26:34 - [MESSAGE][PASSED] - Tapped on element 'Object Repository/Velocity Mobile/XCUIElementTypeTextField - One Time (6)'

2021-05-05 10:26:34 - [TEST_STEP][PASSED] - tap(findTestObject("Object Repository/Velocity Mobile/XCUIElementTypeButton - Weekly Transaction (3)"), 0): Tapped on element 'Object Repository/Velocity Mobile/XCUIElementTypeButton - Weekly Transaction (3)'

2021-05-05 10:26:34 - [MESSAGE][WARNING] - Timeout '0' is invalid. Using default page load timeout: '30'

2021-05-05 10:26:35 - [MESSAGE][PASSED] - Tapped on element 'Object Repository/Velocity Mobile/XCUIElementTypeButton - Weekly Transaction (3)'

2021-05-05 10:26:35 - [TEST_STEP][PASSED] - scrollToText("End Date"): Scrolling to text 'End Date' successfully

2021-05-05 10:26:41 - [MESSAGE][PASSED] - Scrolling to text 'End Date' successfully

2021-05-05 10:26:41 - [TEST_STEP][PASSED] - tap(findTestObject("Object Repository/Velocity Mobile/XCUIElementTypeTextField - Choose Transaction Every (2)"), 0): Tapped on element 'Object Repository/Velocity Mobile/XCUIElementTypeTextField - Choose Transaction Every (2)'

2021-05-05 10:26:41 - [MESSAGE][WARNING] - Timeout '0' is invalid. Using default page load timeout: '30'

2021-05-05 10:26:43 - [MESSAGE][PASSED] - Tapped on element 'Object Repository/Velocity Mobile/XCUIElementTypeTextField - Choose Transaction Every (2)'

2021-05-05 10:26:43 - [TEST_STEP][PASSED] - tap(findTestObject("Object Repository/Velocity Mobile/XCUIElementTypeButton - Friday"), 0): Tapped on element 'Object Repository/Velocity Mobile/XCUIElementTypeButton - Friday'

2021-05-05 10:26:43 - [MESSAGE][WARNING] - Timeout '0' is invalid. Using default page load timeout: '30'

2021-05-05 10:26:44 - [MESSAGE][PASSED] - Tapped on element 'Object Repository/Velocity Mobile/XCUIElementTypeButton - Friday'

2021-05-05 10:26:44 - [TEST_STEP][PASSED] - tap(findTestObject("Object Repository/Velocity Mobile/XCUIElementTypeTextField - Date (13)"), 0): Tapped on element 'Object Repository/Velocity Mobile/XCUIElementTypeTextField - Date (13)'

2021-05-05 10:26:44 - [MESSAGE][WARNING] - Timeout '0' is invalid. Using default page load timeout: '30'

2021-05-05 10:26:46 - [MESSAGE][PASSED] - Tapped on element 'Object Repository/Velocity Mobile/XCUIElementTypeTextField - Date (13)'

2021-05-05 10:26:46 - [TEST_STEP][PASSED] - tap(findTestObject("Object Repository/Velocity Mobile/XCUIElementTypeStaticText - Done (3)"), 0): Tapped on element 'Object Repository/Velocity Mobile/XCUIElementTypeStaticText - Done (3)'

2021-05-05 10:26:46 - [MESSAGE][WARNING] - Timeout '0' is invalid. Using default page load timeout: '30'

2021-05-05 10:26:47 - [MESSAGE][PASSED] - Tapped on element 'Object Repository/Velocity Mobile/XCUIElementTypeStaticText - Done (3)'

2021-05-05 10:26:47 - [TEST_STEP][PASSED] - tap(findTestObject("Object Repository/Velocity Mobile/XCUIElementTypeTextField - Date (14)"), 0): Tapped on element 'Object Repository/Velocity Mobile/XCUIElementTypeTextField - Date (14)'

2021-05-05 10:26:47 - [MESSAGE][WARNING] - Timeout '0' is invalid. Using default page load timeout: '30'

2021-05-05 10:26:48 - [MESSAGE][PASSED] - Tapped on element 'Object Repository/Velocity Mobile/XCUIElementTypeTextField - Date (14)'

2021-05-05 10:26:48 - [TEST_STEP][PASSED] - tap(findTestObject("Object Repository/Velocity Mobile/XCUIElementTypeStaticText - Done (3)"), 0): Tapped on element 'Object Repository/Velocity Mobile/XCUIElementTypeStaticText - Done (3)'

2021-05-05 10:26:48 - [MESSAGE][WARNING] - Timeout '0' is invalid. Using default page load timeout: '30'

2021-05-05 10:26:49 - [MESSAGE][PASSED] - Tapped on element 'Object Repository/Velocity Mobile/XCUIElementTypeStaticText - Done (3)'

2021-05-05 10:26:49 - [TEST_STEP][PASSED] - tap(findTestObject("Object Repository/Velocity Mobile/XCUIElementTypeWindow (45)"), 0): Tapped on element 'Object Repository/Velocity Mobile/XCUIElementTypeWindow (45)'

2021-05-05 10:26:49 - [MESSAGE][WARNING] - Timeout '0' is invalid. Using default page load timeout: '30'

2021-05-05 10:26:51 - [MESSAGE][PASSED] - Tapped on element 'Object Repository/Velocity Mobile/XCUIElementTypeWindow (45)'

2021-05-05 10:26:51 - [TEST_STEP][PASSED] - delay(7): Delayed 7 second(s)

2021-05-05 10:26:58 - [MESSAGE][PASSED] - Delayed 7 second(s)

2021-05-05 10:26:58 - [TEST_STEP][PASSED] - tap(findTestObject("Object Repository/Velocity Mobile/XCUIElementTypeButton - CONTINUE (12)"), 0): Tapped on element 'Object Repository/Velocity Mobile/XCUIElementTypeButton - CONTINUE (12)'

2021-05-05 10:26:58 - [MESSAGE][WARNING] - Timeout '0' is invalid. Using default page load timeout: '30'

2021-05-05 10:26:59 - [MESSAGE][PASSED] - Tapped on element 'Object Repository/Velocity Mobile/XCUIElementTypeButton - CONTINUE (12)'

2021-05-05 10:26:59 - [TEST_STEP][PASSED] - delay(5): Delayed 5 second(s)

2021-05-05 10:27:04 - [MESSAGE][PASSED] - Delayed 5 second(s)

2021-05-05 10:27:04 - [TEST_STEP][PASSED] - tap(findTestObject("Object Repository/Velocity Mobile/XCUIElementTypeButton - CONTINUE (2)"), 0): Tapped on element 'Object Repository/Velocity Mobile/XCUIElementTypeButton - CONTINUE (2)'

2021-05-05 10:27:04 - [MESSAGE][WARNING] - Timeout '0' is invalid. Using default page load timeout: '30'

2021-05-05 10:27:05 - [MESSAGE][PASSED] - Tapped on element 'Object Repository/Velocity Mobile/XCUIElementTypeButton - CONTINUE (2)'

2021-05-05 10:27:05 - [TEST_STEP][PASSED] - delay(10): Delayed 10 second(s)

2021-05-05 10:27:15 - [MESSAGE][PASSED] - Delayed 10 second(s)

2021-05-05 10:27:15 - [TEST_STEP][PASSED] - tap(findTestObject("Object Repository/Velocity Mobile/XCUIElementTypeWindow (45)"), 0): Tapped on element 'Object Repository/Velocity Mobile/XCUIElementTypeWindow (45)'

2021-05-05 10:27:15 - [MESSAGE][WARNING] - Timeout '0' is invalid. Using default page load timeout: '30'

2021-05-05 10:27:17 - [MESSAGE][PASSED] - Tapped on element 'Object Repository/Velocity Mobile/XCUIElementTypeWindow (45)'

2021-05-05 10:27:17 - [TEST_STEP][PASSED] - tap(findTestObject("Object Repository/Velocity Mobile/XCUIElementTypeButton - CONTINUE (2)"), 0): Tapped on element 'Object Repository/Velocity Mobile/XCUIElementTypeButton - CONTINUE (2)'

2021-05-05 10:27:17 - [MESSAGE][WARNING] - Timeout '0' is invalid. Using default page load timeout: '30'

2021-05-05 10:27:18 - [MESSAGE][PASSED] - Tapped on element 'Object Repository/Velocity Mobile/XCUIElementTypeButton - CONTINUE (2)'

2021-05-05 10:27:18 - [TEST_STEP][PASSED] - delay(10): Delayed 10 second(s)

2021-05-05 10:27:28 - [MESSAGE][PASSED] - Delayed 10 second(s)

2021-05-05 10:27:28 - [TEST_STEP][PASSED] - tap(findTestObject("Object Repository/Velocity Mobile/XCUIElementTypeWindow (45)"), 0): Tapped on element 'Object Repository/Velocity Mobile/XCUIElementTypeWindow (45)'

2021-05-05 10:27:28 - [MESSAGE][WARNING] - Timeout '0' is invalid. Using default page load timeout: '30'

2021-05-05 10:27:29 - [MESSAGE][PASSED] - Tapped on element 'Object Repository/Velocity Mobile/XCUIElementTypeWindow (45)'

2021-05-05 10:27:29 - [TEST_STEP][FAILED] - setText(findTestObject("Object Repository/Velocity Mobile/XCUIElementTypeOther (19)"), G_SWToken, 0): Failed to set text into element (Root cause: com.kms.katalon.core.exception.StepFailedException: Object Object Repository/Velocity Mobile/XCUIElementTypeOther (19) not found
	at com.kms.katalon.core.keyword.internal.KeywordMain.stepFailed(KeywordMain.groovy:50)
	at com.kms.katalon.core.mobile.keyword.internal.MobileKeywordMain.stepFailed(MobileKeywordMain.groovy:40)
	at com.kms.katalon.core.mobile.keyword.builtin.SetTextKeyword$_setText_closure1.doCall(SetTextKeyword.groovy:76)
	at com.kms.katalon.core.mobile.keyword.builtin.SetTextKeyword$_setText_closure1.call(SetTextKeyword.groovy)
	at com.kms.katalon.core.mobile.keyword.internal.MobileKeywordMain.runKeyword(MobileKeywordMain.groovy:21)
	at com.kms.katalon.core.mobile.keyword.builtin.SetTextKeyword.setText(SetTextKeyword.groovy:83)
	at com.kms.katalon.core.mobile.keyword.builtin.SetTextKeyword.execute(SetTextKeyword.groovy:66)
	at com.kms.katalon.core.keyword.internal.KeywordExecutor.executeKeywordForPlatform(KeywordExecutor.groovy:73)
	at com.kms.katalon.core.mobile.keyword.MobileBuiltInKeywords.setText(MobileBuiltInKeywords.groovy:492)
	at com.kms.katalon.core.mobile.keyword.MobileBuiltInKeywords$setText$1.call(Unknown Source)
	at Test Automation LLG IDR - IDR Weekly.run(Test Automation LLG IDR - IDR Weekly:140)
	at com.kms.katalon.core.main.ScriptEngine.run(ScriptEngine.java:194)
	at com.kms.katalon.core.main.ScriptEngine.runScriptAsRawText(ScriptEngine.java:119)
	at com.kms.katalon.core.main.TestCaseExecutor.runScript(TestCaseExecutor.java:339)
	at com.kms.katalon.core.main.TestCaseExecutor.doExecute(TestCaseExecutor.java:330)
	at com.kms.katalon.core.main.TestCaseExecutor.processExecutionPhase(TestCaseExecutor.java:309)
	at com.kms.katalon.core.main.TestCaseExecutor.accessMainPhase(TestCaseExecutor.java:301)
	at com.kms.katalon.core.main.TestCaseExecutor.execute(TestCaseExecutor.java:235)
	at com.kms.katalon.core.main.TestCaseMain.runTestCase(TestCaseMain.java:114)
	at com.kms.katalon.core.keyword.builtin.CallTestCaseKeyword$_callTestCase_closure1.doCall(CallTestCaseKeyword.groovy:59)
	at com.kms.katalon.core.keyword.builtin.CallTestCaseKeyword$_callTestCase_closure1.call(CallTestCaseKeyword.groovy)
	at com.kms.katalon.core.keyword.internal.KeywordMain.runKeyword(KeywordMain.groovy:68)
	at com.kms.katalon.core.keyword.builtin.CallTestCaseKeyword.callTestCase(CallTestCaseKeyword.groovy:81)
	at com.kms.katalon.core.keyword.builtin.CallTestCaseKeyword.execute(CallTestCaseKeyword.groovy:44)
	at com.kms.katalon.core.keyword.internal.KeywordExecutor.executeKeywordForPlatform(KeywordExecutor.groovy:73)
	at com.kms.katalon.core.keyword.BuiltinKeywords.callTestCase(BuiltinKeywords.groovy:334)
	at Test Automation LLG IDR - IDR Weekly.run(Test Automation LLG IDR - IDR Weekly:20)
	at com.kms.katalon.core.main.ScriptEngine.run(ScriptEngine.java:194)
	at com.kms.katalon.core.main.ScriptEngine.runScriptAsRawText(ScriptEngine.java:119)
	at com.kms.katalon.core.main.TestCaseExecutor.runScript(TestCaseExecutor.java:339)
	at com.kms.katalon.core.main.TestCaseExecutor.doExecute(TestCaseExecutor.java:330)
	at com.kms.katalon.core.main.TestCaseExecutor.processExecutionPhase(TestCaseExecutor.java:309)
	at com.kms.katalon.core.main.TestCaseExecutor.accessMainPhase(TestCaseExecutor.java:301)
	at com.kms.katalon.core.main.TestCaseExecutor.execute(TestCaseExecutor.java:235)
	at com.kms.katalon.core.main.TestSuiteExecutor.accessTestCaseMainPhase(TestSuiteExecutor.java:191)
	at com.kms.katalon.core.main.TestSuiteExecutor.accessTestSuiteMainPhase(TestSuiteExecutor.java:141)
	at com.kms.katalon.core.main.TestSuiteExecutor.execute(TestSuiteExecutor.java:90)
	at com.kms.katalon.core.main.TestCaseMain.startTestSuite(TestCaseMain.java:157)
	at com.kms.katalon.core.main.TestCaseMain$startTestSuite$0.call(Unknown Source)
	at TempTestSuite1620184954580.run(TempTestSuite1620184954580.groovy:39)
)

2021-05-05 10:27:29 - [MESSAGE][WARNING] - Timeout '0' is invalid. Using default page load timeout: '30'

2021-05-05 10:28:00 - [MESSAGE][FAILED] - Object Object Repository/Velocity Mobile/XCUIElementTypeOther (19) not found
[[ATTACHMENT|/Users/admin2/Katalon Studio/Automation Test Velocity Mobile on ios/Reports/20210505_102234/Test Suites Payment Maker/Transaksi Domestic Transfer/Transaksi LLG/20210505_102234/1620185280219.png]]

2021-05-05 10:28:00 - [MESSAGE][FAILED] - Failed to set text into element (Root cause: com.kms.katalon.core.exception.StepFailedException: Object Object Repository/Velocity Mobile/XCUIElementTypeOther (19) not found
	at com.kms.katalon.core.keyword.internal.KeywordMain.stepFailed(KeywordMain.groovy:50)
	at com.kms.katalon.core.mobile.keyword.internal.MobileKeywordMain.stepFailed(MobileKeywordMain.groovy:40)
	at com.kms.katalon.core.mobile.keyword.builtin.SetTextKeyword$_setText_closure1.doCall(SetTextKeyword.groovy:76)
	at com.kms.katalon.core.mobile.keyword.builtin.SetTextKeyword$_setText_closure1.call(SetTextKeyword.groovy)
	at com.kms.katalon.core.mobile.keyword.internal.MobileKeywordMain.runKeyword(MobileKeywordMain.groovy:21)
	at com.kms.katalon.core.mobile.keyword.builtin.SetTextKeyword.setText(SetTextKeyword.groovy:83)
	at com.kms.katalon.core.mobile.keyword.builtin.SetTextKeyword.execute(SetTextKeyword.groovy:66)
	at com.kms.katalon.core.keyword.internal.KeywordExecutor.executeKeywordForPlatform(KeywordExecutor.groovy:73)
	at com.kms.katalon.core.mobile.keyword.MobileBuiltInKeywords.setText(MobileBuiltInKeywords.groovy:492)
	at com.kms.katalon.core.mobile.keyword.MobileBuiltInKeywords$setText$1.call(Unknown Source)
	at Test Automation LLG IDR - IDR Weekly.run(Test Automation LLG IDR - IDR Weekly:140)
	at com.kms.katalon.core.main.ScriptEngine.run(ScriptEngine.java:194)
	at com.kms.katalon.core.main.ScriptEngine.runScriptAsRawText(ScriptEngine.java:119)
	at com.kms.katalon.core.main.TestCaseExecutor.runScript(TestCaseExecutor.java:339)
	at com.kms.katalon.core.main.TestCaseExecutor.doExecute(TestCaseExecutor.java:330)
	at com.kms.katalon.core.main.TestCaseExecutor.processExecutionPhase(TestCaseExecutor.java:309)
	at com.kms.katalon.core.main.TestCaseExecutor.accessMainPhase(TestCaseExecutor.java:301)
	at com.kms.katalon.core.main.TestCaseExecutor.execute(TestCaseExecutor.java:235)
	at com.kms.katalon.core.main.TestCaseMain.runTestCase(TestCaseMain.java:114)
	at com.kms.katalon.core.keyword.builtin.CallTestCaseKeyword$_callTestCase_closure1.doCall(CallTestCaseKeyword.groovy:59)
	at com.kms.katalon.core.keyword.builtin.CallTestCaseKeyword$_callTestCase_closure1.call(CallTestCaseKeyword.groovy)
	at com.kms.katalon.core.keyword.internal.KeywordMain.runKeyword(KeywordMain.groovy:68)
	at com.kms.katalon.core.keyword.builtin.CallTestCaseKeyword.callTestCase(CallTestCaseKeyword.groovy:81)
	at com.kms.katalon.core.keyword.builtin.CallTestCaseKeyword.execute(CallTestCaseKeyword.groovy:44)
	at com.kms.katalon.core.keyword.internal.KeywordExecutor.executeKeywordForPlatform(KeywordExecutor.groovy:73)
	at com.kms.katalon.core.keyword.BuiltinKeywords.callTestCase(BuiltinKeywords.groovy:334)
	at Test Automation LLG IDR - IDR Weekly.run(Test Automation LLG IDR - IDR Weekly:20)
	at com.kms.katalon.core.main.ScriptEngine.run(ScriptEngine.java:194)
	at com.kms.katalon.core.main.ScriptEngine.runScriptAsRawText(ScriptEngine.java:119)
	at com.kms.katalon.core.main.TestCaseExecutor.runScript(TestCaseExecutor.java:339)
	at com.kms.katalon.core.main.TestCaseExecutor.doExecute(TestCaseExecutor.java:330)
	at com.kms.katalon.core.main.TestCaseExecutor.processExecutionPhase(TestCaseExecutor.java:309)
	at com.kms.katalon.core.main.TestCaseExecutor.accessMainPhase(TestCaseExecutor.java:301)
	at com.kms.katalon.core.main.TestCaseExecutor.execute(TestCaseExecutor.java:235)
	at com.kms.katalon.core.main.TestSuiteExecutor.accessTestCaseMainPhase(TestSuiteExecutor.java:191)
	at com.kms.katalon.core.main.TestSuiteExecutor.accessTestSuiteMainPhase(TestSuiteExecutor.java:141)
	at com.kms.katalon.core.main.TestSuiteExecutor.execute(TestSuiteExecutor.java:90)
	at com.kms.katalon.core.main.TestCaseMain.startTestSuite(TestCaseMain.java:157)
	at com.kms.katalon.core.main.TestCaseMain$startTestSuite$0.call(Unknown Source)
	at TempTestSuite1620184954580.run(TempTestSuite1620184954580.groovy:39)
)
[[ATTACHMENT|/Users/admin2/Katalon Studio/Automation Test Velocity Mobile on ios/Reports/20210505_102234/Test Suites Payment Maker/Transaksi Domestic Transfer/Transaksi LLG/20210505_102234/1620185280523.png]]

2021-05-05 10:28:00 - [MESSAGE][FAILED] - Unable to call Test Case 'Test Cases/Menu - Transaction/SGL ACC/Case/Fund Transfer/Domestic Transfer/Test Automation LLG IDR - IDR Weekly' (Root cause: com.kms.katalon.core.exception.StepFailedException: Call Test Case 'Test Cases/Menu - Transaction/SGL ACC/Case/Fund Transfer/Domestic Transfer/Test Automation LLG IDR - IDR Weekly' failed
	at com.kms.katalon.core.keyword.builtin.CallTestCaseKeyword$_callTestCase_closure1.doCall(CallTestCaseKeyword.groovy:63)
	at com.kms.katalon.core.keyword.builtin.CallTestCaseKeyword$_callTestCase_closure1.call(CallTestCaseKeyword.groovy)
	at com.kms.katalon.core.keyword.internal.KeywordMain.runKeyword(KeywordMain.groovy:68)
	at com.kms.katalon.core.keyword.builtin.CallTestCaseKeyword.callTestCase(CallTestCaseKeyword.groovy:81)
	at com.kms.katalon.core.keyword.builtin.CallTestCaseKeyword.execute(CallTestCaseKeyword.groovy:44)
	at com.kms.katalon.core.keyword.internal.KeywordExecutor.executeKeywordForPlatform(KeywordExecutor.groovy:73)
	at com.kms.katalon.core.keyword.BuiltinKeywords.callTestCase(BuiltinKeywords.groovy:334)
	at Test Automation LLG IDR - IDR Weekly.run(Test Automation LLG IDR - IDR Weekly:20)
	at com.kms.katalon.core.main.ScriptEngine.run(ScriptEngine.java:194)
	at com.kms.katalon.core.main.ScriptEngine.runScriptAsRawText(ScriptEngine.java:119)
	at com.kms.katalon.core.main.TestCaseExecutor.runScript(TestCaseExecutor.java:339)
	at com.kms.katalon.core.main.TestCaseExecutor.doExecute(TestCaseExecutor.java:330)
	at com.kms.katalon.core.main.TestCaseExecutor.processExecutionPhase(TestCaseExecutor.java:309)
	at com.kms.katalon.core.main.TestCaseExecutor.accessMainPhase(TestCaseExecutor.java:301)
	at com.kms.katalon.core.main.TestCaseExecutor.execute(TestCaseExecutor.java:235)
	at com.kms.katalon.core.main.TestSuiteExecutor.accessTestCaseMainPhase(TestSuiteExecutor.java:191)
	at com.kms.katalon.core.main.TestSuiteExecutor.accessTestSuiteMainPhase(TestSuiteExecutor.java:141)
	at com.kms.katalon.core.main.TestSuiteExecutor.execute(TestSuiteExecutor.java:90)
	at com.kms.katalon.core.main.TestCaseMain.startTestSuite(TestCaseMain.java:157)
	at com.kms.katalon.core.main.TestCaseMain$startTestSuite$0.call(Unknown Source)
	at TempTestSuite1620184954580.run(TempTestSuite1620184954580.groovy:39)
Caused by: com.kms.katalon.core.exception.StepFailedException: Object Object Repository/Velocity Mobile/XCUIElementTypeOther (19) not found
	at com.kms.katalon.core.keyword.internal.KeywordMain.stepFailed(KeywordMain.groovy:50)
	at com.kms.katalon.core.mobile.keyword.internal.MobileKeywordMain.stepFailed(MobileKeywordMain.groovy:40)
	at com.kms.katalon.core.mobile.keyword.builtin.SetTextKeyword$_setText_closure1.doCall(SetTextKeyword.groovy:76)
	at com.kms.katalon.core.mobile.keyword.builtin.SetTextKeyword$_setText_closure1.call(SetTextKeyword.groovy)
	at com.kms.katalon.core.mobile.keyword.internal.MobileKeywordMain.runKeyword(MobileKeywordMain.groovy:21)
	at com.kms.katalon.core.mobile.keyword.builtin.SetTextKeyword.setText(SetTextKeyword.groovy:83)
	at com.kms.katalon.core.mobile.keyword.builtin.SetTextKeyword.execute(SetTextKeyword.groovy:66)
	at com.kms.katalon.core.keyword.internal.KeywordExecutor.executeKeywordForPlatform(KeywordExecutor.groovy:73)
	at com.kms.katalon.core.mobile.keyword.MobileBuiltInKeywords.setText(MobileBuiltInKeywords.groovy:492)
	at com.kms.katalon.core.mobile.keyword.MobileBuiltInKeywords$setText$1.call(Unknown Source)
	at Test Automation LLG IDR - IDR Weekly.run(Test Automation LLG IDR - IDR Weekly:140)
	at com.kms.katalon.core.main.ScriptEngine.run(ScriptEngine.java:194)
	at com.kms.katalon.core.main.ScriptEngine.runScriptAsRawText(ScriptEngine.java:119)
	at com.kms.katalon.core.main.TestCaseExecutor.runScript(TestCaseExecutor.java:339)
	at com.kms.katalon.core.main.TestCaseExecutor.doExecute(TestCaseExecutor.java:330)
	at com.kms.katalon.core.main.TestCaseExecutor.processExecutionPhase(TestCaseExecutor.java:309)
	at com.kms.katalon.core.main.TestCaseExecutor.accessMainPhase(TestCaseExecutor.java:301)
	at com.kms.katalon.core.main.TestCaseExecutor.execute(TestCaseExecutor.java:235)
	at com.kms.katalon.core.main.TestCaseMain.runTestCase(TestCaseMain.java:114)
	at com.kms.katalon.core.keyword.builtin.CallTestCaseKeyword$_callTestCase_closure1.doCall(CallTestCaseKeyword.groovy:59)
	... 20 more
)]]></system-out>
         <system-err><![CDATA[2021-05-05 10:22:44 - [TEST_CASE][FAILED] - Test Cases/Menu - Transaction/SGL ACC/Scenario/Fund Transfer/Domestic Transfer/Test Automation LLG IDR - IDR Weekly: Test Cases/Menu - Transaction/SGL ACC/Scenario/Fund Transfer/Domestic Transfer/Test Automation LLG IDR - IDR Weekly FAILED.
Reason:
com.kms.katalon.core.exception.StepFailedException: Call Test Case 'Test Cases/Menu - Transaction/SGL ACC/Case/Fund Transfer/Domestic Transfer/Test Automation LLG IDR - IDR Weekly' failed
	at com.kms.katalon.core.keyword.builtin.CallTestCaseKeyword$_callTestCase_closure1.doCall(CallTestCaseKeyword.groovy:63)
	at com.kms.katalon.core.keyword.builtin.CallTestCaseKeyword$_callTestCase_closure1.call(CallTestCaseKeyword.groovy)
	at com.kms.katalon.core.keyword.internal.KeywordMain.runKeyword(KeywordMain.groovy:68)
	at com.kms.katalon.core.keyword.builtin.CallTestCaseKeyword.callTestCase(CallTestCaseKeyword.groovy:81)
	at com.kms.katalon.core.keyword.builtin.CallTestCaseKeyword.execute(CallTestCaseKeyword.groovy:44)
	at com.kms.katalon.core.keyword.internal.KeywordExecutor.executeKeywordForPlatform(KeywordExecutor.groovy:73)
	at com.kms.katalon.core.keyword.BuiltinKeywords.callTestCase(BuiltinKeywords.groovy:334)
	at Test Automation LLG IDR - IDR Weekly.run(Test Automation LLG IDR - IDR Weekly:20)
	at com.kms.katalon.core.main.ScriptEngine.run(ScriptEngine.java:194)
	at com.kms.katalon.core.main.ScriptEngine.runScriptAsRawText(ScriptEngine.java:119)
	at com.kms.katalon.core.main.TestCaseExecutor.runScript(TestCaseExecutor.java:339)
	at com.kms.katalon.core.main.TestCaseExecutor.doExecute(TestCaseExecutor.java:330)
	at com.kms.katalon.core.main.TestCaseExecutor.processExecutionPhase(TestCaseExecutor.java:309)
	at com.kms.katalon.core.main.TestCaseExecutor.accessMainPhase(TestCaseExecutor.java:301)
	at com.kms.katalon.core.main.TestCaseExecutor.execute(TestCaseExecutor.java:235)
	at com.kms.katalon.core.main.TestSuiteExecutor.accessTestCaseMainPhase(TestSuiteExecutor.java:191)
	at com.kms.katalon.core.main.TestSuiteExecutor.accessTestSuiteMainPhase(TestSuiteExecutor.java:141)
	at com.kms.katalon.core.main.TestSuiteExecutor.execute(TestSuiteExecutor.java:90)
	at com.kms.katalon.core.main.TestCaseMain.startTestSuite(TestCaseMain.java:157)
	at com.kms.katalon.core.main.TestCaseMain$startTestSuite$0.call(Unknown Source)
	at TempTestSuite1620184954580.run(TempTestSuite1620184954580.groovy:39)
Caused by: com.kms.katalon.core.exception.StepFailedException: Object Object Repository/Velocity Mobile/XCUIElementTypeOther (19) not found
	at com.kms.katalon.core.keyword.internal.KeywordMain.stepFailed(KeywordMain.groovy:50)
	at com.kms.katalon.core.mobile.keyword.internal.MobileKeywordMain.stepFailed(MobileKeywordMain.groovy:40)
	at com.kms.katalon.core.mobile.keyword.builtin.SetTextKeyword$_setText_closure1.doCall(SetTextKeyword.groovy:76)
	at com.kms.katalon.core.mobile.keyword.builtin.SetTextKeyword$_setText_closure1.call(SetTextKeyword.groovy)
	at com.kms.katalon.core.mobile.keyword.internal.MobileKeywordMain.runKeyword(MobileKeywordMain.groovy:21)
	at com.kms.katalon.core.mobile.keyword.builtin.SetTextKeyword.setText(SetTextKeyword.groovy:83)
	at com.kms.katalon.core.mobile.keyword.builtin.SetTextKeyword.execute(SetTextKeyword.groovy:66)
	at com.kms.katalon.core.keyword.internal.KeywordExecutor.executeKeywordForPlatform(KeywordExecutor.groovy:73)
	at com.kms.katalon.core.mobile.keyword.MobileBuiltInKeywords.setText(MobileBuiltInKeywords.groovy:492)
	at com.kms.katalon.core.mobile.keyword.MobileBuiltInKeywords$setText$1.call(Unknown Source)
	at Test Automation LLG IDR - IDR Weekly.run(Test Automation LLG IDR - IDR Weekly:140)
	at com.kms.katalon.core.main.ScriptEngine.run(ScriptEngine.java:194)
	at com.kms.katalon.core.main.ScriptEngine.runScriptAsRawText(ScriptEngine.java:119)
	at com.kms.katalon.core.main.TestCaseExecutor.runScript(TestCaseExecutor.java:339)
	at com.kms.katalon.core.main.TestCaseExecutor.doExecute(TestCaseExecutor.java:330)
	at com.kms.katalon.core.main.TestCaseExecutor.processExecutionPhase(TestCaseExecutor.java:309)
	at com.kms.katalon.core.main.TestCaseExecutor.accessMainPhase(TestCaseExecutor.java:301)
	at com.kms.katalon.core.main.TestCaseExecutor.execute(TestCaseExecutor.java:235)
	at com.kms.katalon.core.main.TestCaseMain.runTestCase(TestCaseMain.java:114)
	at com.kms.katalon.core.keyword.builtin.CallTestCaseKeyword$_callTestCase_closure1.doCall(CallTestCaseKeyword.groovy:59)
	... 20 more]]></system-err>
      </testcase>
      <system-out><![CDATA[2021-05-05 10:22:44 - [TEST_SUITE][FAILED] - Transaksi LLG: Test Cases/Menu - Transaction/SGL ACC/Scenario/Fund Transfer/Domestic Transfer/Test Automation LLG IDR - IDR Weekly FAILED.
Reason:
com.kms.katalon.core.exception.StepFailedException: Call Test Case 'Test Cases/Menu - Transaction/SGL ACC/Case/Fund Transfer/Domestic Transfer/Test Automation LLG IDR - IDR Weekly' failed
	at com.kms.katalon.core.keyword.builtin.CallTestCaseKeyword$_callTestCase_closure1.doCall(CallTestCaseKeyword.groovy:63)
	at com.kms.katalon.core.keyword.builtin.CallTestCaseKeyword$_callTestCase_closure1.call(CallTestCaseKeyword.groovy)
	at com.kms.katalon.core.keyword.internal.KeywordMain.runKeyword(KeywordMain.groovy:68)
	at com.kms.katalon.core.keyword.builtin.CallTestCaseKeyword.callTestCase(CallTestCaseKeyword.groovy:81)
	at com.kms.katalon.core.keyword.builtin.CallTestCaseKeyword.execute(CallTestCaseKeyword.groovy:44)
	at com.kms.katalon.core.keyword.internal.KeywordExecutor.executeKeywordForPlatform(KeywordExecutor.groovy:73)
	at com.kms.katalon.core.keyword.BuiltinKeywords.callTestCase(BuiltinKeywords.groovy:334)
	at Test Automation LLG IDR - IDR Weekly.run(Test Automation LLG IDR - IDR Weekly:20)
	at com.kms.katalon.core.main.ScriptEngine.run(ScriptEngine.java:194)
	at com.kms.katalon.core.main.ScriptEngine.runScriptAsRawText(ScriptEngine.java:119)
	at com.kms.katalon.core.main.TestCaseExecutor.runScript(TestCaseExecutor.java:339)
	at com.kms.katalon.core.main.TestCaseExecutor.doExecute(TestCaseExecutor.java:330)
	at com.kms.katalon.core.main.TestCaseExecutor.processExecutionPhase(TestCaseExecutor.java:309)
	at com.kms.katalon.core.main.TestCaseExecutor.accessMainPhase(TestCaseExecutor.java:301)
	at com.kms.katalon.core.main.TestCaseExecutor.execute(TestCaseExecutor.java:235)
	at com.kms.katalon.core.main.TestSuiteExecutor.accessTestCaseMainPhase(TestSuiteExecutor.java:191)
	at com.kms.katalon.core.main.TestSuiteExecutor.accessTestSuiteMainPhase(TestSuiteExecutor.java:141)
	at com.kms.katalon.core.main.TestSuiteExecutor.execute(TestSuiteExecutor.java:90)
	at com.kms.katalon.core.main.TestCaseMain.startTestSuite(TestCaseMain.java:157)
	at com.kms.katalon.core.main.TestCaseMain$startTestSuite$0.call(Unknown Source)
	at TempTestSuite1620184954580.run(TempTestSuite1620184954580.groovy:39)
Caused by: com.kms.katalon.core.exception.StepFailedException: Object Object Repository/Velocity Mobile/XCUIElementTypeOther (19) not found
	at com.kms.katalon.core.keyword.internal.KeywordMain.stepFailed(KeywordMain.groovy:50)
	at com.kms.katalon.core.mobile.keyword.internal.MobileKeywordMain.stepFailed(MobileKeywordMain.groovy:40)
	at com.kms.katalon.core.mobile.keyword.builtin.SetTextKeyword$_setText_closure1.doCall(SetTextKeyword.groovy:76)
	at com.kms.katalon.core.mobile.keyword.builtin.SetTextKeyword$_setText_closure1.call(SetTextKeyword.groovy)
	at com.kms.katalon.core.mobile.keyword.internal.MobileKeywordMain.runKeyword(MobileKeywordMain.groovy:21)
	at com.kms.katalon.core.mobile.keyword.builtin.SetTextKeyword.setText(SetTextKeyword.groovy:83)
	at com.kms.katalon.core.mobile.keyword.builtin.SetTextKeyword.execute(SetTextKeyword.groovy:66)
	at com.kms.katalon.core.keyword.internal.KeywordExecutor.executeKeywordForPlatform(KeywordExecutor.groovy:73)
	at com.kms.katalon.core.mobile.keyword.MobileBuiltInKeywords.setText(MobileBuiltInKeywords.groovy:492)
	at com.kms.katalon.core.mobile.keyword.MobileBuiltInKeywords$setText$1.call(Unknown Source)
	at Test Automation LLG IDR - IDR Weekly.run(Test Automation LLG IDR - IDR Weekly:140)
	at com.kms.katalon.core.main.ScriptEngine.run(ScriptEngine.java:194)
	at com.kms.katalon.core.main.ScriptEngine.runScriptAsRawText(ScriptEngine.java:119)
	at com.kms.katalon.core.main.TestCaseExecutor.runScript(TestCaseExecutor.java:339)
	at com.kms.katalon.core.main.TestCaseExecutor.doExecute(TestCaseExecutor.java:330)
	at com.kms.katalon.core.main.TestCaseExecutor.processExecutionPhase(TestCaseExecutor.java:309)
	at com.kms.katalon.core.main.TestCaseExecutor.accessMainPhase(TestCaseExecutor.java:301)
	at com.kms.katalon.core.main.TestCaseExecutor.execute(TestCaseExecutor.java:235)
	at com.kms.katalon.core.main.TestCaseMain.runTestCase(TestCaseMain.java:114)
	at com.kms.katalon.core.keyword.builtin.CallTestCaseKeyword$_callTestCase_closure1.doCall(CallTestCaseKeyword.groovy:59)
	... 20 more]]></system-out>
      <system-err><![CDATA[2021-05-05 10:22:44 - [TEST_SUITE][FAILED] - Transaksi LLG: Test Cases/Menu - Transaction/SGL ACC/Scenario/Fund Transfer/Domestic Transfer/Test Automation LLG IDR - IDR Weekly FAILED.
Reason:
com.kms.katalon.core.exception.StepFailedException: Call Test Case 'Test Cases/Menu - Transaction/SGL ACC/Case/Fund Transfer/Domestic Transfer/Test Automation LLG IDR - IDR Weekly' failed
	at com.kms.katalon.core.keyword.builtin.CallTestCaseKeyword$_callTestCase_closure1.doCall(CallTestCaseKeyword.groovy:63)
	at com.kms.katalon.core.keyword.builtin.CallTestCaseKeyword$_callTestCase_closure1.call(CallTestCaseKeyword.groovy)
	at com.kms.katalon.core.keyword.internal.KeywordMain.runKeyword(KeywordMain.groovy:68)
	at com.kms.katalon.core.keyword.builtin.CallTestCaseKeyword.callTestCase(CallTestCaseKeyword.groovy:81)
	at com.kms.katalon.core.keyword.builtin.CallTestCaseKeyword.execute(CallTestCaseKeyword.groovy:44)
	at com.kms.katalon.core.keyword.internal.KeywordExecutor.executeKeywordForPlatform(KeywordExecutor.groovy:73)
	at com.kms.katalon.core.keyword.BuiltinKeywords.callTestCase(BuiltinKeywords.groovy:334)
	at Test Automation LLG IDR - IDR Weekly.run(Test Automation LLG IDR - IDR Weekly:20)
	at com.kms.katalon.core.main.ScriptEngine.run(ScriptEngine.java:194)
	at com.kms.katalon.core.main.ScriptEngine.runScriptAsRawText(ScriptEngine.java:119)
	at com.kms.katalon.core.main.TestCaseExecutor.runScript(TestCaseExecutor.java:339)
	at com.kms.katalon.core.main.TestCaseExecutor.doExecute(TestCaseExecutor.java:330)
	at com.kms.katalon.core.main.TestCaseExecutor.processExecutionPhase(TestCaseExecutor.java:309)
	at com.kms.katalon.core.main.TestCaseExecutor.accessMainPhase(TestCaseExecutor.java:301)
	at com.kms.katalon.core.main.TestCaseExecutor.execute(TestCaseExecutor.java:235)
	at com.kms.katalon.core.main.TestSuiteExecutor.accessTestCaseMainPhase(TestSuiteExecutor.java:191)
	at com.kms.katalon.core.main.TestSuiteExecutor.accessTestSuiteMainPhase(TestSuiteExecutor.java:141)
	at com.kms.katalon.core.main.TestSuiteExecutor.execute(TestSuiteExecutor.java:90)
	at com.kms.katalon.core.main.TestCaseMain.startTestSuite(TestCaseMain.java:157)
	at com.kms.katalon.core.main.TestCaseMain$startTestSuite$0.call(Unknown Source)
	at TempTestSuite1620184954580.run(TempTestSuite1620184954580.groovy:39)
Caused by: com.kms.katalon.core.exception.StepFailedException: Object Object Repository/Velocity Mobile/XCUIElementTypeOther (19) not found
	at com.kms.katalon.core.keyword.internal.KeywordMain.stepFailed(KeywordMain.groovy:50)
	at com.kms.katalon.core.mobile.keyword.internal.MobileKeywordMain.stepFailed(MobileKeywordMain.groovy:40)
	at com.kms.katalon.core.mobile.keyword.builtin.SetTextKeyword$_setText_closure1.doCall(SetTextKeyword.groovy:76)
	at com.kms.katalon.core.mobile.keyword.builtin.SetTextKeyword$_setText_closure1.call(SetTextKeyword.groovy)
	at com.kms.katalon.core.mobile.keyword.internal.MobileKeywordMain.runKeyword(MobileKeywordMain.groovy:21)
	at com.kms.katalon.core.mobile.keyword.builtin.SetTextKeyword.setText(SetTextKeyword.groovy:83)
	at com.kms.katalon.core.mobile.keyword.builtin.SetTextKeyword.execute(SetTextKeyword.groovy:66)
	at com.kms.katalon.core.keyword.internal.KeywordExecutor.executeKeywordForPlatform(KeywordExecutor.groovy:73)
	at com.kms.katalon.core.mobile.keyword.MobileBuiltInKeywords.setText(MobileBuiltInKeywords.groovy:492)
	at com.kms.katalon.core.mobile.keyword.MobileBuiltInKeywords$setText$1.call(Unknown Source)
	at Test Automation LLG IDR - IDR Weekly.run(Test Automation LLG IDR - IDR Weekly:140)
	at com.kms.katalon.core.main.ScriptEngine.run(ScriptEngine.java:194)
	at com.kms.katalon.core.main.ScriptEngine.runScriptAsRawText(ScriptEngine.java:119)
	at com.kms.katalon.core.main.TestCaseExecutor.runScript(TestCaseExecutor.java:339)
	at com.kms.katalon.core.main.TestCaseExecutor.doExecute(TestCaseExecutor.java:330)
	at com.kms.katalon.core.main.TestCaseExecutor.processExecutionPhase(TestCaseExecutor.java:309)
	at com.kms.katalon.core.main.TestCaseExecutor.accessMainPhase(TestCaseExecutor.java:301)
	at com.kms.katalon.core.main.TestCaseExecutor.execute(TestCaseExecutor.java:235)
	at com.kms.katalon.core.main.TestCaseMain.runTestCase(TestCaseMain.java:114)
	at com.kms.katalon.core.keyword.builtin.CallTestCaseKeyword$_callTestCase_closure1.doCall(CallTestCaseKeyword.groovy:59)
	... 20 more]]></system-err>
   </testsuite>
</testsuites>
